2023-08-29 09:26:52.025 [info] Log level: Info
2023-08-29 09:26:52.026 [info] Validating found git in: "git"
2023-08-29 09:26:52.027 [info] Using git "2.39.2" from "git"
2023-08-29 09:26:52.027 [info] > git rev-parse --show-toplevel [403ms]
2023-08-29 09:26:52.027 [info] fatal: not a git repository (or any of the parent directories): .git
2023-08-29 09:26:52.028 [info] > git rev-parse --show-toplevel [204ms]
2023-08-29 09:26:52.028 [info] fatal: not a git repository (or any parent up to mount point /root)
Stopping at filesystem boundary (GIT_DISCOVERY_ACROSS_FILESYSTEM not set).
2023-08-29 09:26:52.055 [info] > git rev-parse --show-toplevel [41ms]
2023-08-29 09:26:52.065 [info] fatal: not a git repository (or any of the parent directories): .git
2023-08-29 09:26:52.205 [info] > git rev-parse --show-toplevel [94ms]
2023-08-29 09:26:52.205 [info] fatal: not a git repository (or any of the parent directories): .git
2023-08-29 09:26:52.404 [info] > git rev-parse --show-toplevel [185ms]
2023-08-29 09:26:52.405 [info] fatal: not a git repository (or any of the parent directories): .git
2023-08-29 09:26:52.422 [info] > git rev-parse --show-toplevel [4ms]
2023-08-29 09:26:52.423 [info] fatal: not a git repository (or any of the parent directories): .git
2023-08-29 09:26:52.467 [info] > git rev-parse --show-toplevel [5ms]
2023-08-29 09:26:52.468 [info] fatal: not a git repository (or any of the parent directories): .git
2023-08-29 09:26:52.520 [info] > git rev-parse --show-toplevel [14ms]
2023-08-29 09:26:52.521 [info] fatal: not a git repository (or any parent up to mount point /root)
Stopping at filesystem boundary (GIT_DISCOVERY_ACROSS_FILESYSTEM not set).
2023-08-29 09:26:52.586 [info] > git rev-parse --show-toplevel [14ms]
2023-08-29 09:26:52.586 [info] fatal: not a git repository (or any parent up to mount point /root)
Stopping at filesystem boundary (GIT_DISCOVERY_ACROSS_FILESYSTEM not set).
