2023-08-29 13:42:55.509 [info] Log level: Info
2023-08-29 13:42:55.510 [info] Validating found git in: "git"
2023-08-29 13:42:55.510 [info] Using git "2.39.2" from "git"
2023-08-29 13:42:55.511 [info] > git rev-parse --show-toplevel [693ms]
2023-08-29 13:42:55.511 [info] fatal: not a git repository (or any of the parent directories): .git
2023-08-29 13:42:55.512 [info] > git rev-parse --show-toplevel [288ms]
2023-08-29 13:42:55.513 [info] fatal: not a git repository (or any parent up to mount point /root)
Stopping at filesystem boundary (GIT_DISCOVERY_ACROSS_FILESYSTEM not set).
2023-08-29 13:42:55.762 [info] > git rev-parse --show-toplevel [173ms]
2023-08-29 13:42:55.769 [info] fatal: not a git repository (or any of the parent directories): .git
2023-08-29 13:42:55.957 [info] > git rev-parse --show-toplevel [60ms]
2023-08-29 13:42:55.959 [info] fatal: not a git repository (or any of the parent directories): .git
2023-08-29 13:42:56.588 [info] > git rev-parse --show-toplevel [59ms]
2023-08-29 13:42:56.589 [info] fatal: not a git repository (or any parent up to mount point /root)
Stopping at filesystem boundary (GIT_DISCOVERY_ACROSS_FILESYSTEM not set).
2023-08-29 13:42:56.727 [info] > git rev-parse --show-toplevel [96ms]
2023-08-29 13:42:56.729 [info] fatal: not a git repository (or any parent up to mount point /root)
Stopping at filesystem boundary (GIT_DISCOVERY_ACROSS_FILESYSTEM not set).
2023-08-29 13:44:29.816 [info] > git rev-parse --show-toplevel [364ms]
2023-08-29 13:44:29.816 [info] fatal: not a git repository (or any parent up to mount point /root)
Stopping at filesystem boundary (GIT_DISCOVERY_ACROSS_FILESYSTEM not set).
2023-08-29 13:49:44.526 [info] > git rev-parse --show-toplevel [5ms]
2023-08-29 13:49:44.527 [info] fatal: not a git repository (or any parent up to mount point /root)
Stopping at filesystem boundary (GIT_DISCOVERY_ACROSS_FILESYSTEM not set).
2023-08-29 13:51:32.180 [info] > git rev-parse --show-toplevel [5ms]
2023-08-29 13:51:32.181 [info] fatal: not a git repository (or any parent up to mount point /root)
Stopping at filesystem boundary (GIT_DISCOVERY_ACROSS_FILESYSTEM not set).
2023-08-29 13:59:24.885 [info] > git rev-parse --show-toplevel [370ms]
2023-08-29 13:59:24.886 [info] fatal: not a git repository (or any of the parent directories): .git
