2023-08-28 16:18:41.849 [info] [Info  - 4:18:37 PM] (705) Pylance language server 2023.8.40 (pyright 03f79a81) starting
2023-08-28 16:18:42.163 [info] [Info  - 4:18:42 PM] (705) Server root directory: /root/.vscode-server/extensions/ms-python.vscode-pylance-2023.8.40/dist
2023-08-28 16:18:42.180 [info] [Info  - 4:18:42 PM] (705) Starting service instance "root"
2023-08-28 16:18:42.541 [info] [Info  - 4:18:42 PM] (705) Setting pythonPath for service "root": "/usr/local/bin/python"
2023-08-28 16:18:42.580 [info] [Warn  - 4:18:42 PM] (705) stubPath /root/typings is not a valid directory.
2023-08-28 16:18:42.680 [info] [Info  - 4:18:42 PM] (705) Assuming Python version 3.11
2023-08-28 16:18:46.526 [info] [Info  - 4:18:46 PM] (705) Found 1 source file
2023-08-28 16:18:53.300 [info] [Info  - 4:18:53 PM] (705) [BG(1)] Long operation: parsing: /root/code/main.py (3917ms)
2023-08-28 16:18:53.822 [info] [Info  - 4:18:53 PM] (705) [BG(1)] Long operation: indexing: /root/code/main.py (4442ms)
2023-08-28 16:18:57.320 [info] [Info  - 4:18:57 PM] (705) [BG(1)] Long operation: getSemanticTokens full at /root/code/experiment_1.ipynb:pylance-notebook-cell:W4sdnNjb2RlLXJlbW90ZQ==.py (2025ms)
2023-08-28 16:18:59.804 [info] [Info  - 4:18:59 PM] (705) [BG(1)] Long operation: analyzing: /root/code/experiment_1.ipynb:pylance-notebook-cell:X10sdnNjb2RlLXJlbW90ZQ==.py (2461ms)
2023-08-28 16:19:00.659 [info] [Info  - 4:19:00 PM] (705) [BG(1)] Long operation: analyzing: /root/code/experiment_1.ipynb:pylance-notebook-cell:pylancePrefixCell.py (3319ms)
2023-08-28 16:19:22.437 [info] [Info  - 4:19:22 PM] (705) [IDX(2)] Long operation: scan packages /root (31259ms)
2023-08-28 16:19:27.196 [info] [Info  - 4:19:27 PM] (705) [IDX(2)] Long operation: parsing: /usr/local/lib/python3.11/xml/__init__.py (3089ms)
2023-08-28 16:19:27.656 [info] [Info  - 4:19:27 PM] (705) [IDX(2)] Long operation: indexing: /usr/local/lib/python3.11/xml/__init__.py (3551ms)
2023-08-28 16:19:36.962 [info] [Info  - 4:19:36 PM] (705) [IDX(2)] Long operation: index execution environment /root (12898ms)
2023-08-28 16:19:36.963 [info] [Info  - 4:19:36 PM] (705) [IDX(2)] Long operation: index packages /root (13717ms)
2023-08-28 16:20:12.228 [info] [Info  - 4:20:12 PM] (705) Starting service instance "root"
2023-08-28 16:20:12.330 [info] [Warn  - 4:20:12 PM] (705) stubPath /root/typings is not a valid directory.
2023-08-28 16:20:17.497 [info] [Info  - 4:20:17 PM] (705) Found 1 source file
2023-08-28 16:20:25.240 [info] [Info  - 4:20:25 PM] (705) [BG(3)] Long operation: parsing: /root/code/Car_prediction.ipynb:pylance-notebook-cell:X10sdnNjb2RlLXJlbW90ZQ==.py (3360ms)
2023-08-28 16:20:26.485 [info] [Info  - 4:20:26 PM] (705) [BG(3)] Long operation: getSemanticTokens full at /root/code/Car_prediction.ipynb:pylance-notebook-cell:X10sdnNjb2RlLXJlbW90ZQ==.py (4606ms)
2023-08-28 16:20:27.473 [info] [Info  - 4:20:27 PM] (705) [IDX(4)] Long operation: scan packages /root (6097ms)
2023-08-28 16:24:40.111 [info] [Info  - 4:24:40 PM] (705) [BG(3)] Long operation: checking: /root/code/ML_Car_prediction.ipynb:pylance-notebook-cell:Y140sdnNjb2RlLXJlbW90ZQ==.py (2751ms)
2023-08-28 16:24:40.112 [info] [Info  - 4:24:40 PM] (705) [BG(3)] Long operation: analyzing: /root/code/ML_Car_prediction.ipynb:pylance-notebook-cell:Y140sdnNjb2RlLXJlbW90ZQ==.py (4386ms)
2023-08-28 16:24:44.528 [info] [Info  - 4:24:44 PM] (705) [BG(3)] Long operation: checking: /root/code/ML_Car_prediction.ipynb:pylance-notebook-cell:Y136sdnNjb2RlLXJlbW90ZQ==.py (4418ms)
2023-08-28 16:24:44.530 [info] [Info  - 4:24:44 PM] (705) [BG(3)] Long operation: analyzing: /root/code/ML_Car_prediction.ipynb:pylance-notebook-cell:Y136sdnNjb2RlLXJlbW90ZQ==.py (4418ms)
2023-08-28 16:24:50.628 [info] [Info  - 4:24:50 PM] (705) [BG(3)] Long operation: parsing: /root/.vscode-server/extensions/ms-python.vscode-pylance-2023.8.40/dist/bundled/stubs/sklearn/utils/__init__.pyi (2135ms)
2023-08-28 16:24:51.851 [info] [Info  - 4:24:51 PM] (705) [BG(3)] Long operation: checking: /root/code/ML_Car_prediction.ipynb:pylance-notebook-cell:Y120sdnNjb2RlLXJlbW90ZQ==.py (4032ms)
2023-08-28 16:24:51.852 [info] [Info  - 4:24:51 PM] (705) [BG(3)] Long operation: analyzing: /root/code/ML_Car_prediction.ipynb:pylance-notebook-cell:Y120sdnNjb2RlLXJlbW90ZQ==.py (4032ms)
2023-08-28 16:24:53.348 [info] [Info  - 4:24:53 PM] (705) [BG(3)] Long operation: analyzing: /root/code/ML_Car_prediction.ipynb:pylance-notebook-cell:pylancePrefixCell.py (17624ms)
2023-08-28 16:28:40.150 [info] [Info  - 4:28:40 PM] (705) [FG] Long operation: parsing: /root/.vscode-server/extensions/ms-python.vscode-pylance-2023.8.40/dist/typeshed-fallback/stdlib/builtins.pyi (2838ms)
2023-08-28 16:28:43.554 [info] [Info  - 4:28:43 PM] (705) [FG] Long operation: parsing: /usr/local/lib/python3.11/site-packages/IPython/display.py (2735ms)
2023-08-28 16:28:53.699 [info] [Info  - 4:28:53 PM] (705) [BG(3)] Long operation: parsing: /root/code/Car_prediction.ipynb:pylance-notebook-cell:X10sdnNjb2RlLXJlbW90ZQ==.py (2943ms)
2023-08-28 16:28:58.238 [info] [Info  - 4:28:58 PM] (705) [BG(3)] Long operation: checking: /root/code/Car_prediction.ipynb:pylance-notebook-cell:X10sdnNjb2RlLXJlbW90ZQ==.py (3868ms)
2023-08-28 16:28:58.240 [info] [Info  - 4:28:58 PM] (705) [BG(3)] Long operation: analyzing: /root/code/Car_prediction.ipynb:pylance-notebook-cell:X10sdnNjb2RlLXJlbW90ZQ==.py (7482ms)
2023-08-28 16:28:58.241 [info] [Info  - 4:28:58 PM] (705) [BG(3)] Long operation: analyzing: /root/code/Car_prediction.ipynb:pylance-notebook-cell:pylancePrefixCell.py (7483ms)
2023-08-28 16:29:03.327 [info] [Info  - 4:29:03 PM] (705) [BG(3)] Long operation: checking: /root/code/ML_Car_prediction.ipynb:pylance-notebook-cell:Y136sdnNjb2RlLXJlbW90ZQ==.py (3408ms)
2023-08-28 16:29:03.329 [info] [Info  - 4:29:03 PM] (705) [BG(3)] Long operation: analyzing: /root/code/ML_Car_prediction.ipynb:pylance-notebook-cell:Y136sdnNjb2RlLXJlbW90ZQ==.py (3409ms)
2023-08-28 16:29:08.388 [info] [Info  - 4:29:08 PM] (705) [BG(3)] Long operation: parsing: /root/.vscode-server/extensions/ms-python.vscode-pylance-2023.8.40/dist/bundled/stubs/sklearn/utils/__init__.pyi (2428ms)
2023-08-28 16:29:09.538 [info] [Info  - 4:29:09 PM] (705) [BG(3)] Long operation: checking: /root/code/ML_Car_prediction.ipynb:pylance-notebook-cell:Y120sdnNjb2RlLXJlbW90ZQ==.py (4137ms)
2023-08-28 16:29:09.539 [info] [Info  - 4:29:09 PM] (705) [BG(3)] Long operation: analyzing: /root/code/ML_Car_prediction.ipynb:pylance-notebook-cell:Y120sdnNjb2RlLXJlbW90ZQ==.py (4137ms)
2023-08-28 16:29:14.149 [info] [Info  - 4:29:14 PM] (705) [BG(3)] Long operation: analyzing: /root/code/ML_Car_prediction.ipynb:pylance-notebook-cell:pylancePrefixCell.py (15902ms)
2023-08-28 16:29:16.300 [info] [Info  - 4:29:16 PM] (705) [IDX(5)] Long operation: scan packages /root (25554ms)
2023-08-28 16:29:23.284 [info] [Info  - 4:29:23 PM] (705) [IDX(5)] Long operation: parsing: /root/.vscode-server/extensions/ms-python.vscode-pylance-2023.8.40/dist/typeshed-fallback/stubs/Pillow/PIL/__init__.pyi (4301ms)
2023-08-28 16:29:23.571 [info] [Info  - 4:29:23 PM] (705) [IDX(5)] Long operation: indexing: /root/.vscode-server/extensions/ms-python.vscode-pylance-2023.8.40/dist/typeshed-fallback/stubs/Pillow/PIL/__init__.pyi (4624ms)
2023-08-28 16:29:32.311 [info] [Info  - 4:29:32 PM] (705) [IDX(5)] Long operation: index execution environment /root (13402ms)
2023-08-28 16:29:32.405 [info] [Info  - 4:29:32 PM] (705) [IDX(5)] Long operation: index packages /root (13546ms)
2023-08-28 16:33:23.965 [info] [Info  - 4:33:23 PM] (705) [FG] Long operation: parsing: /root/code/ML_Car_prediction.ipynb:pylance-notebook-cell:W0sdnNjb2RlLXJlbW90ZQ==.py (6456ms)
2023-08-28 16:33:27.297 [info] [Info  - 4:33:27 PM] (705) [FG] Long operation: binding: /usr/local/lib/python3.11/site-packages/IPython/display.py (2383ms)
2023-08-28 16:33:27.594 [info] [Info  - 4:33:27 PM] (705) [FG] Long operation: parsing: /root/code/ML_Car_prediction.ipynb:pylance-notebook-cell:Y116sdnNjb2RlLXJlbW90ZQ==.py (3318ms)
2023-08-28 16:33:27.644 [info] [Info  - 4:33:27 PM] (705) [BG(1)] Long operation: parsing: /root/code/ML_Car_prediction.ipynb:pylance-notebook-cell:Y140sdnNjb2RlLXJlbW90ZQ==.py (21849ms)
2023-08-28 16:33:27.873 [info] [Info  - 4:33:27 PM] (705) [IDX(6)] Long operation: read stdlib indices (6047ms)
2023-08-28 16:33:32.231 [info] [Info  - 4:33:32 PM] (705) [BG(1)] Long operation: parsing: /root/code/ML_Car_prediction.ipynb:pylance-notebook-cell:Y116sdnNjb2RlLXJlbW90ZQ==.py (3906ms)
2023-08-28 16:33:35.057 [info] [Info  - 4:33:35 PM] (705) [BG(1)] Long operation: parsing: /root/code/ML_Car_prediction.ipynb:pylance-notebook-cell:W0sdnNjb2RlLXJlbW90ZQ==.py (2089ms)
2023-08-28 16:33:43.550 [info] [Info  - 4:33:43 PM] (705) [BG(1)] Long operation: parsing: /root/.vscode-server/extensions/ms-python.vscode-pylance-2023.8.40/dist/typeshed-fallback/stdlib/builtins.pyi (4105ms)
2023-08-28 16:33:44.987 [info] [Info  - 4:33:44 PM] (705) [BG(1)] Long operation: parsing: /usr/local/lib/python3.11/site-packages/IPython/lib/display.py (2230ms)
2023-08-28 16:33:45.178 [info] [Info  - 4:33:45 PM] (705) [BG(1)] Long operation: binding: /usr/local/lib/python3.11/site-packages/IPython/display.py (3887ms)
2023-08-28 16:33:48.990 [info] [Info  - 4:33:48 PM] (705) [BG(1)] Long operation: parsing: /usr/local/lib/python3.11/site-packages/numpy/__init__.pyi (3011ms)
2023-08-28 16:33:55.577 [info] [Info  - 4:33:55 PM] (705) [BG(1)] Long operation: checking: /root/code/ML_Car_prediction.ipynb:pylance-notebook-cell:Y140sdnNjb2RlLXJlbW90ZQ==.py (10048ms)
2023-08-28 16:33:55.580 [info] [Info  - 4:33:55 PM] (705) [BG(1)] Long operation: analyzing: /root/code/ML_Car_prediction.ipynb:pylance-notebook-cell:Y140sdnNjb2RlLXJlbW90ZQ==.py (53913ms)
2023-08-28 16:34:05.293 [info] [Info  - 4:34:05 PM] (705) [BG(1)] Long operation: checking: /root/code/ML_Car_prediction.ipynb:pylance-notebook-cell:Y136sdnNjb2RlLXJlbW90ZQ==.py (9715ms)
2023-08-28 16:34:05.294 [info] [Info  - 4:34:05 PM] (705) [BG(1)] Long operation: analyzing: /root/code/ML_Car_prediction.ipynb:pylance-notebook-cell:Y136sdnNjb2RlLXJlbW90ZQ==.py (9716ms)
2023-08-28 16:34:07.608 [info] [Info  - 4:34:07 PM] (705) [BG(1)] Long operation: checking: /root/code/ML_Car_prediction.ipynb:pylance-notebook-cell:Y134sdnNjb2RlLXJlbW90ZQ==.py (2315ms)
2023-08-28 16:34:07.609 [info] [Info  - 4:34:07 PM] (705) [BG(1)] Long operation: analyzing: /root/code/ML_Car_prediction.ipynb:pylance-notebook-cell:Y134sdnNjb2RlLXJlbW90ZQ==.py (2315ms)
2023-08-28 16:34:08.154 [info] [Info  - 4:34:08 PM] (705) [IDX(6)] Long operation: scan packages /root (49117ms)
2023-08-28 16:34:12.972 [info] [Info  - 4:34:12 PM] (705) [BG(1)] Long operation: checking: /root/code/ML_Car_prediction.ipynb:pylance-notebook-cell:Y126sdnNjb2RlLXJlbW90ZQ==.py (2059ms)
2023-08-28 16:34:12.974 [info] [Info  - 4:34:12 PM] (705) [BG(1)] Long operation: analyzing: /root/code/ML_Car_prediction.ipynb:pylance-notebook-cell:Y126sdnNjb2RlLXJlbW90ZQ==.py (2059ms)
2023-08-28 16:34:15.370 [info] [Info  - 4:34:15 PM] (705) [BG(1)] Long operation: parsing: /root/.vscode-server/extensions/ms-python.vscode-pylance-2023.8.40/dist/bundled/stubs/sklearn/utils/__init__.pyi (2833ms)
2023-08-28 16:34:16.971 [info] [Info  - 4:34:16 PM] (705) [BG(1)] Long operation: checking: /root/code/ML_Car_prediction.ipynb:pylance-notebook-cell:Y120sdnNjb2RlLXJlbW90ZQ==.py (5364ms)
2023-08-28 16:34:16.973 [info] [Info  - 4:34:16 PM] (705) [BG(1)] Long operation: analyzing: /root/code/ML_Car_prediction.ipynb:pylance-notebook-cell:Y120sdnNjb2RlLXJlbW90ZQ==.py (5366ms)
2023-08-28 16:34:20.880 [info] [Info  - 4:34:20 PM] (705) [BG(1)] Long operation: checking: /root/code/ML_Car_prediction.ipynb:pylance-notebook-cell:X51sdnNjb2RlLXJlbW90ZQ==.py (2337ms)
2023-08-28 16:34:20.883 [info] [Info  - 4:34:20 PM] (705) [BG(1)] Long operation: analyzing: /root/code/ML_Car_prediction.ipynb:pylance-notebook-cell:X51sdnNjb2RlLXJlbW90ZQ==.py (2337ms)
2023-08-28 16:34:21.792 [info] [Info  - 4:34:21 PM] (705) [BG(1)] Long operation: analyzing: /root/code/ML_Car_prediction.ipynb:pylance-notebook-cell:pylancePrefixCell.py (80149ms)
2023-08-28 16:34:30.057 [info] [Info  - 4:34:30 PM] (705) [BG(1)] Long operation: checking: /root/code/ML_Car_prediction.ipynb:pylance-notebook-cell:X32sdnNjb2RlLXJlbW90ZQ==.py (3042ms)
2023-08-28 16:34:30.058 [info] [Info  - 4:34:30 PM] (705) [BG(1)] Long operation: analyzing: /root/code/ML_Car_prediction.ipynb:pylance-notebook-cell:X32sdnNjb2RlLXJlbW90ZQ==.py (3043ms)
2023-08-28 16:34:31.186 [info] [Info  - 4:34:31 PM] (705) [BG(1)] Long operation: analyzing: /root/code/ML_Car_prediction.ipynb:pylance-notebook-cell:pylancePrefixCell.py (9039ms)
2023-08-28 16:40:00.014 [info] [Info  - 4:40:00 PM] (705) [FG] Long operation: parsing: /usr/local/lib/python3.11/site-packages/seaborn/utils.py (2911ms)
2023-08-28 16:40:08.483 [info] [Info  - 4:40:08 PM] (705) [FG] Long operation: binding: /usr/local/lib/python3.11/site-packages/seaborn/__init__.py (11700ms)
2023-08-28 16:58:34.810 [info] [Info  - 4:58:34 PM] (705) [BG(1)] Long operation: getSemanticTokens delta previousResultId:1693241843446 at /root/code/ML_Car_prediction.ipynb:pylance-notebook-cell:X42sdnNjb2RlLXJlbW90ZQ==.py (19171ms)
2023-08-28 16:58:45.935 [info] [Info  - 4:58:45 PM] (705) [BG(1)] Long operation: checking: /root/code/ML_Car_prediction.ipynb:pylance-notebook-cell:X32sdnNjb2RlLXJlbW90ZQ==.py (2841ms)
2023-08-28 16:58:45.936 [info] [Info  - 4:58:45 PM] (705) [BG(1)] Long operation: analyzing: /root/code/ML_Car_prediction.ipynb:pylance-notebook-cell:X32sdnNjb2RlLXJlbW90ZQ==.py (2842ms)
2023-08-28 16:58:52.779 [info] [Info  - 4:58:52 PM] (705) [BG(1)] Long operation: checking: /root/code/ML_Car_prediction.ipynb:pylance-notebook-cell:X10sdnNjb2RlLXJlbW90ZQ==.py (3663ms)
2023-08-28 16:58:52.799 [info] [Info  - 4:58:52 PM] (705) [BG(1)] Long operation: analyzing: /root/code/ML_Car_prediction.ipynb:pylance-notebook-cell:X10sdnNjb2RlLXJlbW90ZQ==.py (3663ms)
2023-08-28 16:58:52.801 [info] [Info  - 4:58:52 PM] (705) [BG(1)] Long operation: analyzing: /root/code/ML_Car_prediction.ipynb:pylance-notebook-cell:pylancePrefixCell.py (16481ms)
2023-08-28 16:59:02.859 [info] [Info  - 4:59:02 PM] (705) Starting service instance "root"
2023-08-28 16:59:06.178 [info] [Info  - 4:59:06 PM] (705) [BG(1)] Long operation: analyzing: /root/code/ML_Car_prediction.ipynb:pylance-notebook-cell:pylancePrefixCell.py (3289ms)
2023-08-28 16:59:07.053 [info] [Info  - 4:59:07 PM] (705) Setting pythonPath for service "root": "/usr/local/bin/python"
2023-08-28 16:59:07.214 [info] [Warn  - 4:59:07 PM] (705) stubPath /root/typings is not a valid directory.
2023-08-28 16:59:26.708 [info] [Info  - 4:59:26 PM] (705) Assuming Python version 3.11
2023-08-28 17:00:02.224 [info] [Info  - 5:00:02 PM] (705) Found 1 source file
2023-08-28 17:00:15.660 [info] [Info  - 5:00:15 PM] (705) [BG(7)] Long operation: parsing: /root/code/main.py (4981ms)
2023-08-28 17:00:17.823 [info] [Info  - 5:00:17 PM] (705) [BG(7)] Long operation: indexing: /root/code/main.py (7147ms)
2023-08-28 17:03:07.228 [info] [Info  - 5:03:07 PM] (705) [FG] Long operation: parsing: /root/.vscode-server/extensions/ms-python.vscode-pylance-2023.8.40/dist/typeshed-fallback/stdlib/builtins.pyi (19839ms)
2023-08-28 17:03:09.894 [info] [Info  - 5:03:09 PM] (705) [FG] Long operation: binding: /root/.vscode-server/extensions/ms-python.vscode-pylance-2023.8.40/dist/typeshed-fallback/stdlib/builtins.pyi (2665ms)
2023-08-28 17:03:17.113 [info] [Info  - 5:03:17 PM] (705) [FG] Long operation: parsing: /root/.vscode-server/extensions/ms-python.vscode-pylance-2023.8.40/dist/typeshed-fallback/stdlib/types.pyi (3528ms)
2023-08-28 17:03:24.151 [info] [Info  - 5:03:24 PM] (705) [FG] Long operation: binding: /root/.vscode-server/extensions/ms-python.vscode-pylance-2023.8.40/dist/typeshed-fallback/stdlib/types.pyi (7038ms)
2023-08-28 17:03:28.441 [info] [Info  - 5:03:28 PM] (705) [FG] Long operation: parsing: /root/.vscode-server/extensions/ms-python.vscode-pylance-2023.8.40/dist/typeshed-fallback/stdlib/io.pyi (2079ms)
2023-08-28 17:03:32.956 [info] [Info  - 5:03:32 PM] (705) [FG] Long operation: parsing: /root/.vscode-server/extensions/ms-python.vscode-pylance-2023.8.40/dist/typeshed-fallback/stdlib/typing.pyi (4161ms)
2023-08-28 17:03:43.460 [info] [Info  - 5:03:43 PM] (705) [FG] Long operation: parsing: /root/.vscode-server/extensions/ms-python.vscode-pylance-2023.8.40/dist/typeshed-fallback/stdlib/importlib/abc.pyi (6260ms)
2023-08-28 17:03:47.603 [info] [Info  - 5:03:47 PM] (705) [FG] Long operation: binding: /root/.vscode-server/extensions/ms-python.vscode-pylance-2023.8.40/dist/typeshed-fallback/stdlib/codecs.pyi (2089ms)
2023-08-28 17:03:56.131 [info] [Info  - 5:03:56 PM] (705) [FG] Long operation: parsing: /root/.vscode-server/extensions/ms-python.vscode-pylance-2023.8.40/dist/bundled/stubs/pandas/__init__.pyi (2035ms)
2023-08-28 17:04:10.321 [info] [Info  - 5:04:10 PM] (705) [FG] Long operation: parsing: /root/.vscode-server/extensions/ms-python.vscode-pylance-2023.8.40/dist/bundled/stubs/pandas/core/api.pyi (2285ms)
2023-08-28 17:04:38.667 [info] [Info  - 5:04:38 PM] (705) [FG] Long operation: parsing: /usr/local/lib/python3.11/site-packages/seaborn/colors/__init__.py (17766ms)
2023-08-28 17:04:45.212 [info] [Info  - 5:04:45 PM] (705) [FG] Long operation: parsing: /usr/local/lib/python3.11/site-packages/seaborn/external/appdirs.py (2169ms)
2023-08-28 17:04:49.730 [info] [Info  - 5:04:49 PM] (705) [FG] Long operation: binding: /usr/local/lib/python3.11/site-packages/scipy/stats/distributions.py (2223ms)
2023-08-28 17:04:52.506 [info] [Info  - 5:04:52 PM] (705) [FG] Long operation: binding: /usr/local/lib/python3.11/site-packages/scipy/stats/__init__.py (6102ms)
2023-08-28 17:05:04.746 [info] [Info  - 5:05:04 PM] (705) [FG] Long operation: parsing: /usr/local/lib/python3.11/site-packages/scipy/cluster/hierarchy.py (2606ms)
2023-08-28 17:05:12.991 [info] [Info  - 5:05:12 PM] (705) [FG] Long operation: binding: /usr/local/lib/python3.11/site-packages/scipy/sparse/__init__.py (4533ms)
2023-08-28 17:05:18.166 [info] [Info  - 5:05:18 PM] (705) [FG] Long operation: parsing: /root/.vscode-server/extensions/ms-python.vscode-pylance-2023.8.40/dist/bundled/stubs/sklearn/utils/__init__.pyi (5002ms)
2023-08-28 17:05:20.792 [info] [Info  - 5:05:20 PM] (705) [FG] Long operation: parsing: /root/.vscode-server/extensions/ms-python.vscode-pylance-2023.8.40/dist/bundled/stubs/sklearn/utils/validation.pyi (2624ms)
2023-08-28 17:05:23.052 [info] [Info  - 5:05:23 PM] (705) [FG] Long operation: parsing: /root/.vscode-server/extensions/ms-python.vscode-pylance-2023.8.40/dist/bundled/stubs/sklearn/utils/_estimator_html_repr.pyi (2059ms)
2023-08-28 17:05:30.850 [info] [Info  - 5:05:30 PM] (705) [FG] Long operation: parsing: /usr/local/lib/python3.11/site-packages/packaging/version.py (3776ms)
2023-08-28 17:05:35.608 [info] [Info  - 5:05:35 PM] (705) [FG] Long operation: parsing: /root/.vscode-server/extensions/ms-python.vscode-pylance-2023.8.40/dist/typeshed-fallback/stdlib/xml/dom/minidom.pyi (2496ms)
2023-08-28 17:05:38.488 [info] [Info  - 5:05:38 PM] (705) [FG] Long operation: parsing: /root/.vscode-server/extensions/ms-python.vscode-pylance-2023.8.40/dist/typeshed-fallback/stdlib/ast.pyi (2194ms)
2023-08-28 17:05:53.514 [info] [Info  - 5:05:53 PM] (705) [FG] Long operation: parsing: /usr/local/lib/python3.11/site-packages/traitlets/traitlets.py (10160ms)
2023-08-28 17:05:53.850 [info] [Info  - 5:05:53 PM] (705) [FG] Long operation: binding: /usr/local/lib/python3.11/site-packages/traitlets/__init__.py (10499ms)
2023-08-28 17:06:27.930 [info] [Info  - 5:06:27 PM] (705) [FG] Long operation: parsing: /root/.vscode-server/extensions/ms-python.vscode-pylance-2023.8.40/dist/bundled/stubs/pandas/_libs/tslibs/nattype.pyi (2071ms)
2023-08-28 17:06:32.986 [info] [Info  - 5:06:32 PM] (705) [IDX(8)] Long operation: read stdlib indices (13280ms)
2023-08-28 17:06:38.690 [info] [Info  - 5:06:38 PM] (705) [IDX(8)] Long operation: scan packages /root (71602ms)
2023-08-28 17:06:40.190 [info] [Info  - 5:06:40 PM] (705) [BG(1)] Long operation: parsing: /root/code/ML_Car_prediction.ipynb:pylance-notebook-cell:Y140sdnNjb2RlLXJlbW90ZQ==.py (7202ms)
2023-08-28 17:06:46.270 [info] [Info  - 5:06:46 PM] (705) [BG(1)] Long operation: parsing: /root/.vscode-server/extensions/ms-python.vscode-pylance-2023.8.40/dist/typeshed-fallback/stdlib/builtins.pyi (3196ms)
2023-08-28 17:06:53.838 [info] [Info  - 5:06:53 PM] (705) [FG] Long operation: parsing: /root/.vscode-server/extensions/ms-python.vscode-pylance-2023.8.40/dist/typeshed-fallback/stdlib/builtins.pyi (5363ms)
2023-08-28 17:06:58.485 [info] [Info  - 5:06:58 PM] (705) [FG] Long operation: binding: /root/.vscode-server/extensions/ms-python.vscode-pylance-2023.8.40/dist/typeshed-fallback/stdlib/builtins.pyi (4645ms)
2023-08-28 17:07:06.896 [info] [Info  - 5:07:06 PM] (705) [FG] Long operation: parsing: /root/.vscode-server/extensions/ms-python.vscode-pylance-2023.8.40/dist/typeshed-fallback/stdlib/collections/__init__.pyi (2006ms)
2023-08-28 17:07:21.273 [info] [Info  - 5:07:21 PM] (705) [FG] Long operation: parsing: /usr/local/lib/python3.11/site-packages/numpy/__init__.pyi (4574ms)
2023-08-28 17:07:23.909 [info] [Info  - 5:07:23 PM] (705) [FG] Long operation: binding: /usr/local/lib/python3.11/site-packages/numpy/__init__.pyi (2635ms)
2023-08-28 17:07:37.041 [info] [Info  - 5:07:37 PM] (705) [FG] Long operation: parsing: /usr/local/lib/python3.11/site-packages/IPython/core/interactiveshell.py (7490ms)
2023-08-28 17:07:45.983 [info] [Info  - 5:07:45 PM] (705) [FG] Long operation: parsing: /root/.vscode-server/extensions/ms-python.vscode-pylance-2023.8.40/dist/bundled/stubs/pandas/core/api.pyi (3623ms)
2023-08-28 17:07:54.350 [info] [Info  - 5:07:54 PM] (705) [FG] Long operation: parsing: /usr/local/lib/python3.11/site-packages/seaborn/utils.py (2273ms)
2023-08-28 17:08:07.379 [info] [Info  - 5:08:07 PM] (705) [FG] Long operation: parsing: /root/.vscode-server/extensions/ms-python.vscode-pylance-2023.8.40/dist/bundled/stubs/matplotlib/__init__.pyi (3853ms)
2023-08-28 17:08:39.230 [info] [Info  - 5:08:39 PM] (705) [FG] Long operation: parsing: /root/.vscode-server/extensions/ms-python.vscode-pylance-2023.8.40/dist/typeshed-fallback/stdlib/itertools.pyi (27430ms)
2023-08-28 17:08:58.450 [info] [Info  - 5:08:58 PM] (705) [FG] Long operation: parsing: /root/.vscode-server/extensions/ms-python.vscode-pylance-2023.8.40/dist/typeshed-fallback/stdlib/_winapi.pyi (2022ms)
2023-08-28 17:09:05.229 [info] [Info  - 5:09:05 PM] (705) [FG] Long operation: parsing: /usr/local/lib/python3.11/site-packages/numpy/core/defchararray.pyi (2958ms)
2023-08-28 17:09:31.005 [info] [Info  - 5:09:31 PM] (705) [FG] Long operation: parsing: /usr/local/lib/python3.11/site-packages/IPython/core/completer.py (13243ms)
2023-08-28 17:09:34.801 [info] [Info  - 5:09:34 PM] (705) [FG] Long operation: parsing: /root/.vscode-server/extensions/ms-python.vscode-pylance-2023.8.40/dist/bundled/stubs/sklearn/model_selection/_search_successive_halving.pyi (5126ms)
2023-08-28 17:09:55.714 [info] [Info  - 5:09:55 PM] (705) [FG] Long operation: parsing: /root/.vscode-server/extensions/ms-python.vscode-pylance-2023.8.40/dist/bundled/stubs/sklearn/metrics/pairwise.pyi (3113ms)
2023-08-28 17:10:00.890 [info] [Info  - 5:10:00 PM] (705) [FG] Long operation: parsing: /root/.vscode-server/extensions/ms-python.vscode-pylance-2023.8.40/dist/bundled/stubs/sklearn/metrics/_plot/confusion_matrix.pyi (3941ms)
2023-08-28 17:10:09.603 [info] [Info  - 5:10:09 PM] (705) [FG] Long operation: parsing: /root/.vscode-server/extensions/ms-python.vscode-pylance-2023.8.40/dist/bundled/stubs/pandas/core/reshape/melt.pyi (3115ms)
2023-08-28 17:10:14.809 [info] [Info  - 5:10:14 PM] (705) [FG] Long operation: parsing: /root/.vscode-server/extensions/ms-python.vscode-pylance-2023.8.40/dist/bundled/stubs/pandas/core/computation/pytables.pyi (3043ms)
2023-08-28 17:10:29.396 [info] [Info  - 5:10:29 PM] (705) [FG] Long operation: parsing: /root/.vscode-server/extensions/ms-python.vscode-pylance-2023.8.40/dist/typeshed-fallback/stubs/pywin32/win32com/shell/__init__.pyi (6401ms)
2023-08-28 17:10:35.473 [info] [Info  - 5:10:35 PM] (705) [FG] Long operation: parsing: /root/.vscode-server/extensions/ms-python.vscode-pylance-2023.8.40/dist/typeshed-fallback/stubs/pywin32/win32comext/shell/shell.pyi (5211ms)
2023-08-28 17:10:35.479 [info] [Info  - 5:10:35 PM] (705) [FG] Long operation: binding: /root/.vscode-server/extensions/ms-python.vscode-pylance-2023.8.40/dist/typeshed-fallback/stubs/pywin32/win32com/shell/shell.pyi (5218ms)
2023-08-28 17:10:39.532 [info] [Info  - 5:10:39 PM] (705) [FG] Long operation: parsing: /root/.vscode-server/extensions/ms-python.vscode-pylance-2023.8.40/dist/typeshed-fallback/stubs/pywin32/win32comext/shell/shellcon.pyi (3923ms)
2023-08-28 17:10:39.595 [info] [Info  - 5:10:39 PM] (705) [FG] Long operation: binding: /root/.vscode-server/extensions/ms-python.vscode-pylance-2023.8.40/dist/typeshed-fallback/stubs/pywin32/win32com/shell/shellcon.pyi (3950ms)
2023-08-28 17:10:44.413 [info] [Info  - 5:10:44 PM] (705) [FG] Long operation: parsing: /root/.vscode-server/extensions/ms-python.vscode-pylance-2023.8.40/dist/typeshed-fallback/stubs/pywin32/win32/win32api.pyi (4608ms)
2023-08-28 17:10:44.463 [info] [Info  - 5:10:44 PM] (705) [FG] Long operation: binding: /root/.vscode-server/extensions/ms-python.vscode-pylance-2023.8.40/dist/typeshed-fallback/stubs/pywin32/win32api.pyi (4622ms)
2023-08-28 17:10:59.327 [info] [Info  - 5:10:59 PM] (705) [FG] Long operation: parsing: /usr/local/lib/python3.11/site-packages/scipy/ndimage/_fourier.py (2281ms)
2023-08-28 17:11:08.441 [info] [Info  - 5:11:08 PM] (705) [FG] Long operation: parsing: /usr/local/lib/python3.11/site-packages/scipy/ndimage/_morphology.py (6766ms)
2023-08-28 17:11:08.937 [info] [Info  - 5:11:08 PM] (705) [FG] Long operation: binding: /usr/local/lib/python3.11/site-packages/scipy/ndimage/__init__.py (13466ms)
2023-08-28 17:11:13.186 [info] [Info  - 5:11:13 PM] (705) [FG] Long operation: parsing: /usr/local/lib/python3.11/site-packages/scipy/special/__init__.py (2411ms)
2023-08-28 17:11:16.335 [info] [Info  - 5:11:16 PM] (705) [FG] Long operation: binding: /usr/local/lib/python3.11/site-packages/scipy/special/__init__.py (3026ms)
2023-08-28 17:11:26.250 [info] [Info  - 5:11:26 PM] (705) [FG] Long operation: parsing: /root/.vscode-server/extensions/ms-python.vscode-pylance-2023.8.40/dist/bundled/stubs/scipy-stubs/linalg/_fblas.pyi (3481ms)
2023-08-28 17:11:26.726 [info] [Info  - 5:11:26 PM] (705) [FG] Long operation: binding: /usr/local/lib/python3.11/site-packages/scipy/linalg/blas.py (3504ms)
2023-08-28 17:11:38.596 [info] [Info  - 5:11:38 PM] (705) [FG] Long operation: parsing: /root/.vscode-server/extensions/ms-python.vscode-pylance-2023.8.40/dist/bundled/stubs/scipy-stubs/linalg/_flapack.pyi (10935ms)
2023-08-28 17:11:39.878 [info] [Info  - 5:11:39 PM] (705) [FG] Long operation: binding: /usr/local/lib/python3.11/site-packages/scipy/linalg/lapack.py (12219ms)
2023-08-28 17:11:40.235 [info] [Info  - 5:11:40 PM] (705) [FG] Long operation: binding: /usr/local/lib/python3.11/site-packages/scipy/linalg/__init__.py (22989ms)
2023-08-28 17:11:52.900 [info] [Info  - 5:11:52 PM] (705) [FG] Long operation: parsing: /root/.vscode-server/extensions/ms-python.vscode-pylance-2023.8.40/dist/bundled/stubs/scipy-stubs/stats/_stats.pyi (11249ms)
2023-08-28 17:12:03.473 [info] [Info  - 5:12:03 PM] (705) [FG] Long operation: binding: /usr/local/lib/python3.11/site-packages/scipy/_lib/_bunch.py (9082ms)
2023-08-28 17:12:14.436 [info] [Info  - 5:12:14 PM] (705) [FG] Long operation: parsing: /usr/local/lib/python3.11/site-packages/scipy/optimize/__init__.py (10964ms)
2023-08-28 17:12:27.671 [info] [Info  - 5:12:27 PM] (705) [FG] Long operation: parsing: /usr/local/lib/python3.11/site-packages/scipy/optimize/_optimize.py (13011ms)
2023-08-28 17:12:30.587 [info] [Info  - 5:12:30 PM] (705) [FG] Long operation: binding: /usr/local/lib/python3.11/site-packages/scipy/optimize/_optimize.py (2596ms)
2023-08-28 17:12:32.807 [info] [Info  - 5:12:32 PM] (705) [FG] Long operation: parsing: /usr/local/lib/python3.11/site-packages/scipy/optimize/_minimize.py (2218ms)
2023-08-28 17:12:37.933 [info] [Info  - 5:12:37 PM] (705) [FG] Long operation: binding: /usr/local/lib/python3.11/site-packages/scipy/optimize/__init__.py (23464ms)
2023-08-28 17:12:46.139 [info] [Info  - 5:12:46 PM] (705) [FG] Long operation: parsing: /usr/local/lib/python3.11/site-packages/scipy/stats/_distn_infrastructure.py (8205ms)
2023-08-28 17:12:49.530 [info] [Info  - 5:12:49 PM] (705) [FG] Long operation: binding: /usr/local/lib/python3.11/site-packages/scipy/stats/_distn_infrastructure.py (3383ms)
2023-08-28 17:13:15.070 [info] [Info  - 5:13:15 PM] (705) [FG] Long operation: parsing: /usr/local/lib/python3.11/site-packages/scipy/stats/_continuous_distns.py (25545ms)
2023-08-28 17:13:23.751 [info] [Info  - 5:13:23 PM] (705) [FG] Long operation: binding: /usr/local/lib/python3.11/site-packages/scipy/stats/_continuous_distns.py (8643ms)
2023-08-28 17:13:27.112 [info] [Info  - 5:13:27 PM] (705) [FG] Long operation: parsing: /usr/local/lib/python3.11/site-packages/scipy/stats/_discrete_distns.py (3360ms)
2023-08-28 17:13:32.580 [info] [Info  - 5:13:32 PM] (705) [FG] Long operation: parsing: /usr/local/lib/python3.11/site-packages/scipy/stats/_levy_stable/__init__.py (5061ms)
2023-08-28 17:13:35.476 [info] [Info  - 5:13:35 PM] (705) [FG] Long operation: parsing: /usr/local/lib/python3.11/site-packages/scipy/_lib/_ccallback.py (2143ms)
2023-08-28 17:13:39.538 [info] [Info  - 5:13:39 PM] (705) [FG] Long operation: parsing: /usr/local/lib/python3.11/site-packages/scipy/integrate/_quadrature.py (3515ms)
2023-08-28 17:13:44.848 [info] [Info  - 5:13:44 PM] (705) [FG] Long operation: binding: /usr/local/lib/python3.11/site-packages/scipy/integrate/_quadpack_py.py (3530ms)
2023-08-28 17:13:56.958 [info] [Info  - 5:13:56 PM] (705) [FG] Long operation: parsing: /usr/local/lib/python3.11/site-packages/scipy/integrate/_ode.py (12109ms)
2023-08-28 17:13:57.477 [info] [Info  - 5:13:57 PM] (705) [FG] Long operation: binding: /usr/local/lib/python3.11/site-packages/scipy/integrate/__init__.py (21454ms)
2023-08-28 17:14:08.999 [info] [Info  - 5:14:08 PM] (705) [FG] Long operation: parsing: /root/.vscode-server/extensions/ms-python.vscode-pylance-2023.8.40/dist/bundled/stubs/scipy-stubs/special/_ufuncs.pyi (11521ms)
2023-08-28 17:14:14.806 [info] [Info  - 5:14:14 PM] (705) [FG] Long operation: binding: /root/.vscode-server/extensions/ms-python.vscode-pylance-2023.8.40/dist/bundled/stubs/scipy-stubs/special/_ufuncs.pyi (5806ms)
2023-08-28 17:14:22.270 [info] [Info  - 5:14:22 PM] (705) [FG] Long operation: parsing: /usr/local/lib/python3.11/site-packages/scipy/interpolate/_interpolate.py (3926ms)
2023-08-28 17:14:31.308 [info] [Info  - 5:14:31 PM] (705) [FG] Long operation: parsing: /usr/local/lib/python3.11/site-packages/scipy/interpolate/_fitpack2.py (7070ms)
2023-08-28 17:14:41.906 [info] [Info  - 5:14:41 PM] (705) [FG] Long operation: parsing: /usr/local/lib/python3.11/site-packages/scipy/interpolate/_bsplines.py (6648ms)
2023-08-28 17:14:43.499 [info] [Info  - 5:14:43 PM] (705) [FG] Long operation: binding: /usr/local/lib/python3.11/site-packages/scipy/interpolate/__init__.py (25109ms)
2023-08-28 17:14:47.755 [info] [Info  - 5:14:47 PM] (705) [FG] Long operation: parsing: /usr/local/lib/python3.11/site-packages/scipy/stats/_qmc.py (4114ms)
2023-08-28 17:14:51.807 [info] [Info  - 5:14:51 PM] (705) [FG] Long operation: binding: /usr/local/lib/python3.11/site-packages/scipy/stats/_qmc.py (4051ms)
2023-08-28 17:14:57.599 [info] [Info  - 5:14:57 PM] (705) [FG] Long operation: parsing: /usr/local/lib/python3.11/site-packages/scipy/stats/_qmvnt.py (4363ms)
2023-08-28 17:15:03.306 [info] [Info  - 5:15:03 PM] (705) [FG] Long operation: parsing: /root/.vscode-server/extensions/ms-python.vscode-pylance-2023.8.40/dist/typeshed-fallback/stubs/Pillow/PIL/PyAccess.pyi (4199ms)
2023-08-28 17:15:05.814 [info] [Info  - 5:15:05 PM] (705) [FG] Long operation: parsing: /root/.vscode-server/extensions/ms-python.vscode-pylance-2023.8.40/dist/typeshed-fallback/stubs/Pillow/PIL/_imaging.pyi (2433ms)
2023-08-28 17:15:09.114 [info] [Info  - 5:15:09 PM] (705) [FG] Long operation: binding: /root/.vscode-server/extensions/ms-python.vscode-pylance-2023.8.40/dist/typeshed-fallback/stubs/Pillow/PIL/ImageFilter.pyi (2254ms)
2023-08-28 17:15:11.497 [info] [Info  - 5:15:11 PM] (705) [FG] Long operation: parsing: /root/.vscode-server/extensions/ms-python.vscode-pylance-2023.8.40/dist/typeshed-fallback/stubs/Pillow/PIL/ImagePalette.pyi (2382ms)
2023-08-28 17:15:20.850 [info] [Info  - 5:15:20 PM] (705) [FG] Long operation: binding: /root/.vscode-server/extensions/ms-python.vscode-pylance-2023.8.40/dist/typeshed-fallback/stdlib/pydoc.pyi (7433ms)
2023-08-28 17:15:38.345 [info] [Info  - 5:15:38 PM] (705) [FG] Long operation: parsing: /usr/local/lib/python3.11/site-packages/seaborn/external/docscrape.py (17494ms)
2023-08-28 17:15:48.608 [info] [Info  - 5:15:48 PM] (705) [FG] Long operation: parsing: /root/.vscode-server/extensions/ms-python.vscode-pylance-2023.8.40/dist/bundled/stubs/scipy-stubs/cluster/_hierarchy.pyi (4098ms)
2023-08-28 17:15:57.237 [info] [Info  - 5:15:57 PM] (705) [FG] Long operation: parsing: /root/.vscode-server/extensions/ms-python.vscode-pylance-2023.8.40/dist/bundled/stubs/sklearn/utils/sparsefuncs_fast.pyi (2228ms)
2023-08-28 17:16:03.963 [info] [Info  - 5:16:03 PM] (705) [FG] Long operation: parsing: /root/.vscode-server/extensions/ms-python.vscode-pylance-2023.8.40/dist/bundled/stubs/sklearn/cluster/__init__.pyi (2029ms)
2023-08-28 17:16:08.982 [info] [Info  - 5:16:08 PM] (705) [FG] Long operation: parsing: /usr/local/lib/python3.11/site-packages/scipy/sparse/_base.py (4330ms)
2023-08-28 17:16:20.457 [info] [Info  - 5:16:20 PM] (705) [FG] Long operation: binding: /usr/local/lib/python3.11/site-packages/scipy/sparse/_base.py (11450ms)
2023-08-28 17:16:25.159 [info] [Info  - 5:16:25 PM] (705) [FG] Long operation: parsing: /usr/local/lib/python3.11/site-packages/scipy/sparse/_lil.py (3345ms)
2023-08-28 17:16:27.219 [info] [Info  - 5:16:27 PM] (705) [FG] Long operation: binding: /usr/local/lib/python3.11/site-packages/scipy/sparse/_lil.py (2058ms)
2023-08-28 17:16:33.270 [info] [Info  - 5:16:33 PM] (705) [FG] Long operation: parsing: /usr/local/lib/python3.11/site-packages/scipy/sparse/_coo.py (3754ms)
2023-08-28 17:16:35.967 [info] [Info  - 5:16:35 PM] (705) [FG] Long operation: binding: /usr/local/lib/python3.11/site-packages/scipy/sparse/_coo.py (2653ms)
2023-08-28 17:16:44.630 [info] [Info  - 5:16:44 PM] (705) [FG] Long operation: parsing: /usr/local/lib/python3.11/site-packages/scipy/sparse/_dia.py (8172ms)
2023-08-28 17:16:53.833 [info] [Info  - 5:16:53 PM] (705) [FG] Long operation: binding: /usr/local/lib/python3.11/site-packages/scipy/sparse/_dia.py (9191ms)
2023-08-28 17:17:06.939 [info] [Info  - 5:17:06 PM] (705) [FG] Long operation: parsing: /usr/local/lib/python3.11/site-packages/scipy/sparse/_bsr.py (12948ms)
2023-08-28 17:17:20.429 [info] [Info  - 5:17:20 PM] (705) [FG] Long operation: binding: /usr/local/lib/python3.11/site-packages/scipy/sparse/_bsr.py (13169ms)
2023-08-28 17:17:32.347 [info] [Info  - 5:17:32 PM] (705) [FG] Long operation: parsing: /usr/local/lib/python3.11/site-packages/scipy/sparse/_construct.py (12127ms)
2023-08-28 17:17:38.665 [info] [Info  - 5:17:38 PM] (705) [FG] Long operation: binding: /usr/local/lib/python3.11/site-packages/scipy/sparse/_construct.py (5513ms)
2023-08-28 17:17:48.021 [info] [Info  - 5:17:48 PM] (705) [FG] Long operation: parsing: /usr/local/lib/python3.11/site-packages/scipy/sparse/_matrix_io.py (5723ms)
2023-08-28 17:17:54.238 [info] [Info  - 5:17:54 PM] (705) [FG] Long operation: parsing: /usr/local/lib/python3.11/site-packages/scipy/sparse/csgraph/__init__.py (5685ms)
2023-08-28 17:17:59.521 [info] [Info  - 5:17:59 PM] (705) [FG] Long operation: parsing: /usr/local/lib/python3.11/site-packages/scipy/sparse/compressed.py (2826ms)
2023-08-28 17:18:02.064 [info] [Info  - 5:18:02 PM] (705) [FG] Long operation: parsing: /usr/local/lib/python3.11/site-packages/scipy/sparse/construct.py (2542ms)
2023-08-28 17:18:18.093 [info] [Info  - 5:18:18 PM] (705) [FG] Long operation: parsing: /usr/local/lib/python3.11/site-packages/scipy/sparse/sputils.py (3832ms)
2023-08-28 17:18:30.686 [info] [Info  - 5:18:30 PM] (705) [FG] Long operation: parsing: /usr/local/lib/python3.11/site-packages/scipy/sparse/_sputils.py (7698ms)
2023-08-28 17:18:31.196 [info] [Info  - 5:18:31 PM] (705) [FG] Long operation: parsing: /root/.vscode-server/extensions/ms-python.vscode-pylance-2023.8.40/dist/bundled/stubs/scipy-stubs/sparse/_sparsetools.pyi (3237ms)
2023-08-28 17:18:42.691 [info] [Info  - 5:18:42 PM] (705) [FG] Long operation: parsing: /usr/local/lib/python3.11/site-packages/scipy/sparse/_compressed.py (10537ms)
2023-08-28 17:18:48.035 [info] [Info  - 5:18:48 PM] (705) [FG] Long operation: binding: /usr/local/lib/python3.11/site-packages/scipy/sparse/_compressed.py (4363ms)
2023-08-28 17:18:52.106 [info] [Info  - 5:18:52 PM] (705) [FG] Long operation: parsing: /root/.vscode-server/extensions/ms-python.vscode-pylance-2023.8.40/dist/bundled/stubs/scipy-stubs/sparse/_csparsetools.pyi (2416ms)
2023-08-28 17:19:14.021 [info] [Info  - 5:19:14 PM] (705) [FG] Long operation: parsing: /root/.vscode-server/extensions/ms-python.vscode-pylance-2023.8.40/dist/bundled/stubs/sklearn/utils/fixes.pyi (20006ms)
2023-08-28 17:19:33.596 [info] [Info  - 5:19:33 PM] (705) [FG] Long operation: parsing: /root/.vscode-server/extensions/ms-python.vscode-pylance-2023.8.40/dist/bundled/stubs/sklearn/exceptions.pyi (2278ms)
2023-08-28 17:19:38.750 [info] [Info  - 5:19:38 PM] (705) [FG] Long operation: parsing: /root/.vscode-server/extensions/ms-python.vscode-pylance-2023.8.40/dist/bundled/stubs/sklearn/utils/discovery.pyi (3343ms)
2023-08-28 17:19:38.777 [info] [Info  - 5:19:38 PM] (705) [FG] Long operation: parsing: /usr/local/lib/python3.11/site-packages/numpy/random/mtrand.pyi (2705ms)
2023-08-28 17:19:38.779 [info] [Info  - 5:19:38 PM] (705) [FG] Long operation: parsing: /usr/local/lib/python3.11/site-packages/joblib/memory.py (5894ms)
2023-08-28 17:19:38.789 [info] [Info  - 5:19:38 PM] (705) [FG] Long operation: binding: /usr/local/lib/python3.11/site-packages/joblib/memory.py (2316ms)
2023-08-28 17:20:01.347 [info] [Info  - 5:20:01 PM] (705) [FG] Long operation: parsing: /root/.vscode-server/extensions/ms-python.vscode-pylance-2023.8.40/dist/typeshed-fallback/stdlib/tkinter/__init__.pyi (19119ms)
2023-08-28 17:20:10.262 [info] [Info  - 5:20:10 PM] (705) [FG] Long operation: binding: /root/.vscode-server/extensions/ms-python.vscode-pylance-2023.8.40/dist/typeshed-fallback/stdlib/tkinter/__init__.pyi (8914ms)
2023-08-28 17:20:13.544 [info] [Info  - 5:20:13 PM] (705) [FG] Long operation: parsing: /root/.vscode-server/extensions/ms-python.vscode-pylance-2023.8.40/dist/bundled/stubs/matplotlib/font_manager.pyi (3192ms)
2023-08-28 17:20:17.293 [info] [Info  - 5:20:17 PM] (705) [FG] Long operation: parsing: /root/.vscode-server/extensions/ms-python.vscode-pylance-2023.8.40/dist/bundled/stubs/matplotlib/offsetbox.pyi (3760ms)
2023-08-28 17:20:23.501 [info] [Info  - 5:20:23 PM] (705) [FG] Long operation: parsing: /root/.vscode-server/extensions/ms-python.vscode-pylance-2023.8.40/dist/bundled/stubs/matplotlib/backends/backend_agg.pyi (2862ms)
2023-08-28 17:20:27.882 [info] [Info  - 5:20:27 PM] (705) [FG] Long operation: parsing: /root/.vscode-server/extensions/ms-python.vscode-pylance-2023.8.40/dist/bundled/stubs/matplotlib/colorbar.pyi (3728ms)
2023-08-28 17:20:36.603 [info] [Info  - 5:20:36 PM] (705) [FG] Long operation: parsing: /root/.vscode-server/extensions/ms-python.vscode-pylance-2023.8.40/dist/bundled/stubs/matplotlib/axes/_axes.pyi (4863ms)
2023-08-28 17:20:43.238 [info] [Info  - 5:20:43 PM] (705) [FG] Long operation: parsing: /root/.vscode-server/extensions/ms-python.vscode-pylance-2023.8.40/dist/bundled/stubs/matplotlib/spines.pyi (2702ms)
2023-08-28 17:20:46.102 [info] [Info  - 5:20:46 PM] (705) [FG] Long operation: parsing: /root/.vscode-server/extensions/ms-python.vscode-pylance-2023.8.40/dist/bundled/stubs/matplotlib/axes/_base.pyi (2715ms)
2023-08-28 17:20:53.447 [info] [Info  - 5:20:53 PM] (705) [FG] Long operation: parsing: /root/.vscode-server/extensions/ms-python.vscode-pylance-2023.8.40/dist/typeshed-fallback/stdlib/_decimal.pyi (2605ms)
2023-08-28 17:21:02.708 [info] [Info  - 5:21:02 PM] (705) [FG] Long operation: parsing: /root/.vscode-server/extensions/ms-python.vscode-pylance-2023.8.40/dist/typeshed-fallback/stdlib/xml/dom/xmlbuilder.pyi (2652ms)
2023-08-28 17:21:14.614 [info] [Info  - 5:21:14 PM] (705) [FG] Long operation: parsing: /usr/local/lib/python3.11/site-packages/traitlets/traitlets.py (8637ms)
2023-08-28 17:21:40.505 [info] [Info  - 5:21:40 PM] (705) [FG] Long operation: binding: /root/.vscode-server/extensions/ms-python.vscode-pylance-2023.8.40/dist/typeshed-fallback/stdlib/asyncio/__init__.pyi (5498ms)
2023-08-28 17:21:54.365 [info] [Info  - 5:21:54 PM] (705) [FG] Long operation: parsing: /usr/local/lib/python3.11/site-packages/IPython/core/magics/config.py (7052ms)
2023-08-28 17:22:03.841 [info] [Info  - 5:22:03 PM] (705) [FG] Long operation: parsing: /root/.vscode-server/extensions/ms-python.vscode-pylance-2023.8.40/dist/bundled/native-stubs/numpy/core/_multiarray_umath.pyi (4667ms)
2023-08-28 17:22:04.929 [info] [Info  - 5:22:04 PM] (705) [FG] Long operation: binding: /usr/local/lib/python3.11/site-packages/numpy/core/umath.py (5751ms)
2023-08-28 17:22:34.460 [info] [Info  - 5:22:34 PM] (705) [FG] Long operation: parsing: /usr/local/lib/python3.11/warnings.py (24857ms)
2023-08-28 17:22:36.665 [info] [Info  - 5:22:36 PM] (705) [BG(1)] Long operation: parsing: /usr/local/lib/python3.11/site-packages/IPython/lib/display.py (2414ms)
2023-08-28 17:22:36.685 [info] [Info  - 5:22:36 PM] (705) [BG(1)] Long operation: binding: /usr/local/lib/python3.11/site-packages/IPython/display.py (2490ms)
2023-08-28 17:22:36.849 [info] [Info  - 5:22:36 PM] (705) [BG(1)] Long operation: parsing: /usr/local/lib/python3.11/site-packages/numpy/__init__.pyi (10297ms)
2023-08-28 17:22:36.855 [info] [Info  - 5:22:36 PM] (705) [BG(1)] Long operation: binding: /usr/local/lib/python3.11/site-packages/numpy/__init__.pyi (2320ms)
2023-08-28 17:22:37.016 [info] [Info  - 5:22:37 PM] (705) [BG(1)] Long operation: parsing: /usr/local/lib/python3.11/site-packages/numpy/_typing/_ufunc.pyi (12403ms)
2023-08-28 17:22:37.032 [info] [Info  - 5:22:37 PM] (705) [BG(1)] Long operation: parsing: /usr/local/lib/python3.11/site-packages/numpy/_typing/_scalars.py (9361ms)
2023-08-28 17:22:37.176 [info] [Info  - 5:22:37 PM] (705) [BG(1)] Long operation: checking: /root/code/ML_Car_prediction.ipynb:pylance-notebook-cell:Y140sdnNjb2RlLXJlbW90ZQ==.py (54128ms)
2023-08-28 17:22:37.176 [info] [Info  - 5:22:37 PM] (705) [BG(1)] Long operation: analyzing: /root/code/ML_Car_prediction.ipynb:pylance-notebook-cell:Y140sdnNjb2RlLXJlbW90ZQ==.py (72475ms)
2023-08-28 17:22:37.293 [info] [Info  - 5:22:37 PM] (705) [BG(1)] Long operation: parsing: /root/.vscode-server/extensions/ms-python.vscode-pylance-2023.8.40/dist/bundled/stubs/pandas/core/series.pyi (2454ms)
2023-08-28 17:22:37.617 [info] [Info  - 5:22:37 PM] (705) [BG(1)] Long operation: parsing: /root/.vscode-server/extensions/ms-python.vscode-pylance-2023.8.40/dist/typeshed-fallback/stdlib/collections/__init__.pyi (2396ms)
2023-08-28 17:22:37.668 [info] [Info  - 5:22:37 PM] (705) [BG(1)] Long operation: checking: /root/code/ML_Car_prediction.ipynb:pylance-notebook-cell:Y136sdnNjb2RlLXJlbW90ZQ==.py (57102ms)
2023-08-28 17:22:37.670 [info] [Info  - 5:22:37 PM] (705) [BG(1)] Long operation: analyzing: /root/code/ML_Car_prediction.ipynb:pylance-notebook-cell:Y136sdnNjb2RlLXJlbW90ZQ==.py (57103ms)
2023-08-28 17:22:37.682 [info] [Info  - 5:22:37 PM] (705) [BG(1)] Long operation: checking: /root/code/ML_Car_prediction.ipynb:pylance-notebook-cell:Y134sdnNjb2RlLXJlbW90ZQ==.py (3418ms)
2023-08-28 17:22:37.685 [info] [Info  - 5:22:37 PM] (705) [BG(1)] Long operation: analyzing: /root/code/ML_Car_prediction.ipynb:pylance-notebook-cell:Y134sdnNjb2RlLXJlbW90ZQ==.py (3418ms)
2023-08-28 17:22:37.686 [info] [Info  - 5:22:37 PM] (705) [BG(1)] Long operation: checking: /root/code/ML_Car_prediction.ipynb:pylance-notebook-cell:Y132sdnNjb2RlLXJlbW90ZQ==.py (2107ms)
2023-08-28 17:22:37.698 [info] [Info  - 5:22:37 PM] (705) [BG(1)] Long operation: analyzing: /root/code/ML_Car_prediction.ipynb:pylance-notebook-cell:Y132sdnNjb2RlLXJlbW90ZQ==.py (2107ms)
2023-08-28 17:22:37.705 [info] [Info  - 5:22:37 PM] (705) [BG(1)] Long operation: binding: /usr/local/lib/python3.11/site-packages/scipy/sparse/__init__.py (2025ms)
2023-08-28 17:22:37.707 [info] [Info  - 5:22:37 PM] (705) [BG(1)] Long operation: checking: /root/code/ML_Car_prediction.ipynb:pylance-notebook-cell:Y126sdnNjb2RlLXJlbW90ZQ==.py (2861ms)
2023-08-28 17:22:37.709 [info] [Info  - 5:22:37 PM] (705) [BG(1)] Long operation: analyzing: /root/code/ML_Car_prediction.ipynb:pylance-notebook-cell:Y126sdnNjb2RlLXJlbW90ZQ==.py (2862ms)
2023-08-28 17:22:37.739 [info] [Info  - 5:22:37 PM] (705) [BG(1)] Long operation: parsing: /root/.vscode-server/extensions/ms-python.vscode-pylance-2023.8.40/dist/bundled/stubs/sklearn/utils/__init__.pyi (2371ms)
2023-08-28 17:22:37.788 [info] [Info  - 5:22:37 PM] (705) [BG(1)] Long operation: checking: /root/code/ML_Car_prediction.ipynb:pylance-notebook-cell:Y120sdnNjb2RlLXJlbW90ZQ==.py (6454ms)
2023-08-28 17:22:37.789 [info] [Info  - 5:22:37 PM] (705) [BG(1)] Long operation: analyzing: /root/code/ML_Car_prediction.ipynb:pylance-notebook-cell:Y120sdnNjb2RlLXJlbW90ZQ==.py (6456ms)
2023-08-28 17:22:37.790 [info] [Info  - 5:22:37 PM] (705) [BG(1)] Long operation: parsing: /usr/local/lib/python3.11/site-packages/seaborn/palettes.py (2550ms)
2023-08-28 17:22:37.791 [info] [Info  - 5:22:37 PM] (705) [BG(1)] Long operation: binding: /usr/local/lib/python3.11/site-packages/seaborn/distributions.py (2139ms)
2023-08-28 17:22:37.791 [info] [Info  - 5:22:37 PM] (705) [BG(1)] Long operation: binding: /usr/local/lib/python3.11/site-packages/seaborn/__init__.py (11068ms)
2023-08-28 17:22:37.792 [info] [Info  - 5:22:37 PM] (705) [BG(1)] Long operation: checking: /root/code/ML_Car_prediction.ipynb:pylance-notebook-cell:Y113sdnNjb2RlLXJlbW90ZQ==.py (12220ms)
2023-08-28 17:22:37.792 [info] [Info  - 5:22:37 PM] (705) [BG(1)] Long operation: analyzing: /root/code/ML_Car_prediction.ipynb:pylance-notebook-cell:Y113sdnNjb2RlLXJlbW90ZQ==.py (12220ms)
2023-08-28 17:22:37.886 [info] [Info  - 5:22:37 PM] (705) [BG(1)] Long operation: parsing: /usr/local/lib/python3.11/site-packages/ppscore/calculation.py (21022ms)
2023-08-28 17:22:37.887 [info] [Info  - 5:22:37 PM] (705) [BG(1)] Long operation: parsing: /root/.vscode-server/extensions/ms-python.vscode-pylance-2023.8.40/dist/typeshed-fallback/stdlib/random.pyi (3267ms)
2023-08-28 17:22:37.893 [info] [Info  - 5:22:37 PM] (705) [BG(1)] Long operation: checking: /root/code/ML_Car_prediction.ipynb:pylance-notebook-cell:X51sdnNjb2RlLXJlbW90ZQ==.py (31377ms)
2023-08-28 17:22:37.896 [info] [Info  - 5:22:37 PM] (705) [BG(1)] Long operation: analyzing: /root/code/ML_Car_prediction.ipynb:pylance-notebook-cell:X51sdnNjb2RlLXJlbW90ZQ==.py (31377ms)
2023-08-28 17:22:37.897 [info] [Info  - 5:22:37 PM] (705) [BG(1)] Long operation: checking: /root/code/ML_Car_prediction.ipynb:pylance-notebook-cell:X33sdnNjb2RlLXJlbW90ZQ==.py (3136ms)
2023-08-28 17:22:37.898 [info] [Info  - 5:22:37 PM] (705) [BG(1)] Long operation: analyzing: /root/code/ML_Car_prediction.ipynb:pylance-notebook-cell:X33sdnNjb2RlLXJlbW90ZQ==.py (3137ms)
2023-08-28 17:22:37.910 [info] [Info  - 5:22:37 PM] (705) [BG(1)] Long operation: checking: /root/code/ML_Car_prediction.ipynb:pylance-notebook-cell:X32sdnNjb2RlLXJlbW90ZQ==.py (13998ms)
2023-08-28 17:22:37.912 [info] [Info  - 5:22:37 PM] (705) [BG(1)] Long operation: analyzing: /root/code/ML_Car_prediction.ipynb:pylance-notebook-cell:X32sdnNjb2RlLXJlbW90ZQ==.py (13998ms)
2023-08-28 17:22:37.930 [info] [Info  - 5:22:37 PM] (705) [BG(1)] Long operation: analyzing: /root/code/ML_Car_prediction.ipynb:pylance-notebook-cell:pylancePrefixCell.py (211188ms)
2023-08-28 17:22:38.243 [info] [Info  - 5:22:38 PM] (705) [BG(3)] Long operation: parsing: /root/code/Car_prediction.ipynb:pylance-notebook-cell:X13sdnNjb2RlLXJlbW90ZQ==.py (55102ms)
2023-08-28 17:22:38.287 [info] [Info  - 5:22:38 PM] (705) [BG(3)] Long operation: parsing: /root/code/Car_prediction.ipynb:pylance-notebook-cell:X12sdnNjb2RlLXJlbW90ZQ==.py (2794ms)
2023-08-28 17:22:38.292 [info] [Info  - 5:22:38 PM] (705) [BG(3)] Long operation: parsing: /root/code/Car_prediction.ipynb:pylance-notebook-cell:X11sdnNjb2RlLXJlbW90ZQ==.py (2016ms)
2023-08-28 17:22:38.314 [info] [Info  - 5:22:38 PM] (705) [BG(3)] Long operation: parsing: /root/code/Car_prediction.ipynb:pylance-notebook-cell:X10sdnNjb2RlLXJlbW90ZQ==.py (4751ms)
2023-08-28 17:22:38.315 [info] [Info  - 5:22:38 PM] (705) [BG(3)] Long operation: parsing: /root/.vscode-server/extensions/ms-python.vscode-pylance-2023.8.40/dist/typeshed-fallback/stdlib/builtins.pyi (65674ms)
2023-08-28 17:22:38.317 [info] [Info  - 5:22:38 PM] (705) [BG(3)] Long operation: binding: /root/.vscode-server/extensions/ms-python.vscode-pylance-2023.8.40/dist/typeshed-fallback/stdlib/builtins.pyi (19417ms)
2023-08-28 17:22:38.318 [info] [Info  - 5:22:38 PM] (705) [BG(3)] Long operation: parsing: /usr/local/lib/python3.11/site-packages/IPython/core/display_functions.py (5766ms)
2023-08-28 17:22:38.320 [info] [Info  - 5:22:38 PM] (705) [BG(3)] Long operation: binding: /usr/local/lib/python3.11/site-packages/IPython/core/display_functions.py (15056ms)
2023-08-28 17:22:38.320 [info] [Info  - 5:22:38 PM] (705) [BG(3)] Long operation: parsing: /usr/local/lib/python3.11/site-packages/IPython/lib/display.py (2173ms)
2023-08-28 17:22:38.321 [info] [Info  - 5:22:38 PM] (705) [BG(3)] Long operation: binding: /usr/local/lib/python3.11/site-packages/IPython/display.py (24309ms)
2023-08-28 17:22:38.322 [info] [Info  - 5:22:38 PM] (705) [BG(3)] Long operation: binding: /root/code/Car_prediction.ipynb:pylance-notebook-cell:X10sdnNjb2RlLXJlbW90ZQ==.py (2192ms)
2023-08-28 17:22:38.323 [info] [Info  - 5:22:38 PM] (705) [BG(3)] Long operation: checking: /root/code/Car_prediction.ipynb:pylance-notebook-cell:X13sdnNjb2RlLXJlbW90ZQ==.py (2377ms)
2023-08-28 17:22:38.324 [info] [Info  - 5:22:38 PM] (705) [BG(3)] Long operation: analyzing: /root/code/Car_prediction.ipynb:pylance-notebook-cell:X13sdnNjb2RlLXJlbW90ZQ==.py (182872ms)
2023-08-28 17:22:38.327 [info] [Info  - 5:22:38 PM] (705) [BG(3)] Long operation: parsing: /root/.vscode-server/extensions/ms-python.vscode-pylance-2023.8.40/dist/bundled/stubs/pandas/__init__.pyi (3904ms)
2023-08-28 17:22:38.331 [info] [Info  - 5:22:38 PM] (705) [BG(3)] Long operation: parsing: /root/.vscode-server/extensions/ms-python.vscode-pylance-2023.8.40/dist/bundled/stubs/pandas/io/api.pyi (4688ms)
2023-08-28 17:22:38.334 [info] [Info  - 5:22:38 PM] (705) [BG(3)] Long operation: parsing: /root/.vscode-server/extensions/ms-python.vscode-pylance-2023.8.40/dist/bundled/stubs/pandas/io/parsers/readers.pyi (2188ms)
2023-08-28 17:22:38.336 [info] [Info  - 5:22:38 PM] (705) [BG(3)] Long operation: parsing: /root/.vscode-server/extensions/ms-python.vscode-pylance-2023.8.40/dist/typeshed-fallback/stdlib/typing.pyi (2146ms)
2023-08-28 17:22:38.337 [info] [Info  - 5:22:38 PM] (705) [BG(3)] Long operation: binding: /root/.vscode-server/extensions/ms-python.vscode-pylance-2023.8.40/dist/typeshed-fallback/stdlib/typing.pyi (2139ms)
2023-08-28 17:22:38.377 [info] [Info  - 5:22:38 PM] (705) [BG(3)] Long operation: parsing: /root/.vscode-server/extensions/ms-python.vscode-pylance-2023.8.40/dist/bundled/stubs/pandas/_typing.pyi (39852ms)
2023-08-28 17:22:38.480 [info] [Info  - 5:22:38 PM] (705) [BG(3)] Long operation: binding: /root/.vscode-server/extensions/ms-python.vscode-pylance-2023.8.40/dist/bundled/stubs/pandas/_typing.pyi (2679ms)
2023-08-28 17:22:38.554 [info] [Info  - 5:22:38 PM] (705) [BG(3)] Long operation: parsing: /root/.vscode-server/extensions/ms-python.vscode-pylance-2023.8.40/dist/typeshed-fallback/stdlib/os/__init__.pyi (44789ms)
2023-08-28 17:22:38.555 [info] [Info  - 5:22:38 PM] (705) [BG(3)] Long operation: binding: /root/.vscode-server/extensions/ms-python.vscode-pylance-2023.8.40/dist/typeshed-fallback/stdlib/os/__init__.pyi (33029ms)
2023-08-28 17:22:38.555 [info] [Info  - 5:22:38 PM] (705) [BG(3)] Long operation: parsing: /root/.vscode-server/extensions/ms-python.vscode-pylance-2023.8.40/dist/typeshed-fallback/stdlib/_typeshed/__init__.pyi (13945ms)
2023-08-28 17:22:38.556 [info] [Info  - 5:22:38 PM] (705) [BG(3)] Long operation: binding: /root/.vscode-server/extensions/ms-python.vscode-pylance-2023.8.40/dist/typeshed-fallback/stdlib/collections/abc.pyi (2172ms)
2023-08-28 17:22:38.556 [info] [Info  - 5:22:38 PM] (705) [BG(3)] Long operation: parsing: /root/.vscode-server/extensions/ms-python.vscode-pylance-2023.8.40/dist/typeshed-fallback/stdlib/abc.pyi (2605ms)
2023-08-28 17:22:38.557 [info] [Info  - 5:22:38 PM] (705) [BG(3)] Long operation: parsing: /usr/local/lib/python3.11/site-packages/numpy/__init__.pyi (111152ms)
2023-08-28 17:22:38.557 [info] [Info  - 5:22:38 PM] (705) [BG(3)] Long operation: binding: /usr/local/lib/python3.11/site-packages/numpy/__init__.pyi (11091ms)
2023-08-28 17:22:38.558 [info] [Info  - 5:22:38 PM] (705) [BG(3)] Long operation: parsing: /root/.vscode-server/extensions/ms-python.vscode-pylance-2023.8.40/dist/bundled/stubs/pandas/core/series.pyi (12194ms)
2023-08-28 17:22:38.559 [info] [Info  - 5:22:38 PM] (705) [BG(3)] Long operation: parsing: /root/.vscode-server/extensions/ms-python.vscode-pylance-2023.8.40/dist/bundled/stubs/pandas/core/frame.pyi (2185ms)
2023-08-28 17:22:38.559 [info] [Info  - 5:22:38 PM] (705) [BG(3)] Long operation: checking: /root/code/Car_prediction.ipynb:pylance-notebook-cell:X12sdnNjb2RlLXJlbW90ZQ==.py (356902ms)
2023-08-28 17:22:38.560 [info] [Info  - 5:22:38 PM] (705) [BG(3)] Long operation: analyzing: /root/code/Car_prediction.ipynb:pylance-notebook-cell:X12sdnNjb2RlLXJlbW90ZQ==.py (356919ms)
2023-08-28 17:22:38.561 [info] [Info  - 5:22:38 PM] (705) [BG(3)] Long operation: parsing: /usr/local/lib/python3.11/site-packages/seaborn/__init__.py (3185ms)
2023-08-28 17:22:38.562 [info] [Info  - 5:22:38 PM] (705) [BG(3)] Long operation: parsing: /usr/local/lib/python3.11/site-packages/seaborn/utils.py (4452ms)
2023-08-28 17:22:38.563 [info] [Info  - 5:22:38 PM] (705) [BG(3)] Long operation: parsing: /usr/local/lib/python3.11/site-packages/seaborn/palettes.py (2734ms)
2023-08-28 17:22:38.564 [info] [Info  - 5:22:38 PM] (705) [BG(3)] Long operation: parsing: /usr/local/lib/python3.11/site-packages/seaborn/regression.py (5670ms)
2023-08-28 17:22:38.612 [info] [Info  - 5:22:38 PM] (705) [BG(3)] Long operation: parsing: /usr/local/lib/python3.11/site-packages/seaborn/categorical.py (4770ms)
2023-08-28 17:22:38.616 [info] [Info  - 5:22:38 PM] (705) [BG(3)] Long operation: binding: /usr/local/lib/python3.11/site-packages/seaborn/categorical.py (2742ms)
2023-08-28 17:22:38.617 [info] [Info  - 5:22:38 PM] (705) [BG(3)] Long operation: parsing: /usr/local/lib/python3.11/site-packages/seaborn/distributions.py (3634ms)
2023-08-28 17:22:38.618 [info] [Info  - 5:22:38 PM] (705) [BG(3)] Long operation: parsing: /usr/local/lib/python3.11/site-packages/seaborn/matrix.py (2416ms)
2023-08-28 17:22:38.618 [info] [Info  - 5:22:38 PM] (705) [BG(3)] Long operation: parsing: /usr/local/lib/python3.11/site-packages/seaborn/axisgrid.py (4616ms)
2023-08-28 17:22:38.619 [info] [Info  - 5:22:38 PM] (705) [BG(3)] Long operation: binding: /usr/local/lib/python3.11/site-packages/seaborn/__init__.py (34600ms)
2023-08-28 17:22:38.620 [info] [Info  - 5:22:38 PM] (705) [BG(3)] Long operation: parsing: /root/.vscode-server/extensions/ms-python.vscode-pylance-2023.8.40/dist/bundled/stubs/matplotlib/pyplot.pyi (2999ms)
2023-08-28 17:22:38.620 [info] [Info  - 5:22:38 PM] (705) [BG(3)] Long operation: checking: /root/code/Car_prediction.ipynb:pylance-notebook-cell:X10sdnNjb2RlLXJlbW90ZQ==.py (41985ms)
2023-08-28 17:22:38.667 [info] [Info  - 5:22:38 PM] (705) [BG(3)] Long operation: analyzing: /root/code/Car_prediction.ipynb:pylance-notebook-cell:X10sdnNjb2RlLXJlbW90ZQ==.py (41985ms)
2023-08-28 17:22:38.668 [info] [Info  - 5:22:38 PM] (705) [BG(3)] Long operation: analyzing: /root/code/Car_prediction.ipynb:pylance-notebook-cell:pylancePrefixCell.py (583010ms)
2023-08-28 17:23:13.475 [info] [Info  - 5:23:13 PM] (705) [IDX(9)] Long operation: read stdlib indices (11506ms)
2023-08-28 17:23:15.756 [info] [Info  - 5:23:15 PM] (705) [FG] Long operation: parsing: /root/code/ML_Car_prediction.ipynb:pylance-notebook-cell:X41sdnNjb2RlLXJlbW90ZQ==.py (2705ms)
2023-08-28 17:23:24.354 [info] [Info  - 5:23:24 PM] (705) [FG] Long operation: parsing: /root/code/ML_Car_prediction.ipynb:pylance-notebook-cell:W0sdnNjb2RlLXJlbW90ZQ==.py (16221ms)
2023-08-28 17:23:24.926 [info] [Info  - 5:23:24 PM] (705) [BG(3)] Long operation: parsing: /root/code/Car_prediction.ipynb:pylance-notebook-cell:X13sdnNjb2RlLXJlbW90ZQ==.py (20605ms)
2023-08-28 17:23:30.056 [info] [Info  - 5:23:30 PM] (705) [BG(3)] Long operation: parsing: /root/code/Car_prediction.ipynb:pylance-notebook-cell:X10sdnNjb2RlLXJlbW90ZQ==.py (2544ms)
2023-08-28 17:23:30.749 [info] [Info  - 5:23:30 PM] (705) [BG(3)] Long operation: parsing: /root/.vscode-server/extensions/ms-python.vscode-pylance-2023.8.40/dist/typeshed-fallback/stdlib/builtins.pyi (3209ms)
2023-08-28 17:23:34.386 [info] [Info  - 5:23:34 PM] (705) [BG(3)] Long operation: parsing: /usr/local/lib/python3.11/site-packages/IPython/core/display_functions.py (2283ms)
2023-08-28 17:23:37.409 [info] [Info  - 5:23:37 PM] (705) [BG(3)] Long operation: parsing: /usr/local/lib/python3.11/site-packages/IPython/lib/display.py (3014ms)
2023-08-28 17:23:37.421 [info] [Info  - 5:23:37 PM] (705) [BG(3)] Long operation: binding: /usr/local/lib/python3.11/site-packages/IPython/display.py (5317ms)
2023-08-28 17:23:39.805 [info] [Info  - 5:23:39 PM] (705) [BG(3)] Long operation: checking: /root/code/Car_prediction.ipynb:pylance-notebook-cell:X13sdnNjb2RlLXJlbW90ZQ==.py (2382ms)
2023-08-28 17:23:39.806 [info] [Info  - 5:23:39 PM] (705) [BG(3)] Long operation: analyzing: /root/code/Car_prediction.ipynb:pylance-notebook-cell:X13sdnNjb2RlLXJlbW90ZQ==.py (35628ms)
2023-08-28 17:23:53.224 [info] [Info  - 5:23:53 PM] (705) [BG(3)] Long operation: parsing: /usr/local/lib/python3.11/site-packages/numpy/__init__.pyi (4273ms)
2023-08-28 17:23:59.818 [info] [Info  - 5:23:59 PM] (705) [BG(3)] Long operation: parsing: /root/.vscode-server/extensions/ms-python.vscode-pylance-2023.8.40/dist/bundled/stubs/pandas/core/series.pyi (5026ms)
2023-08-28 17:24:12.371 [info] [Info  - 5:24:12 PM] (705) [BG(3)] Long operation: checking: /root/code/Car_prediction.ipynb:pylance-notebook-cell:X12sdnNjb2RlLXJlbW90ZQ==.py (32555ms)
2023-08-28 17:24:12.378 [info] [Info  - 5:24:12 PM] (705) [BG(3)] Long operation: analyzing: /root/code/Car_prediction.ipynb:pylance-notebook-cell:X12sdnNjb2RlLXJlbW90ZQ==.py (32560ms)
2023-08-28 17:24:15.052 [info] [Info  - 5:24:15 PM] (705) [BG(3)] Long operation: parsing: /usr/local/lib/python3.11/site-packages/seaborn/__init__.py (2501ms)
2023-08-28 17:24:23.347 [info] [Info  - 5:24:23 PM] (705) [BG(3)] Long operation: parsing: /usr/local/lib/python3.11/site-packages/seaborn/rcmod.py (8294ms)
2023-08-28 17:24:37.159 [info] [Info  - 5:24:37 PM] (705) [BG(3)] Long operation: parsing: /usr/local/lib/python3.11/site-packages/seaborn/utils.py (13652ms)
2023-08-28 17:24:40.808 [info] [Info  - 5:24:40 PM] (705) [BG(3)] Long operation: parsing: /usr/local/lib/python3.11/site-packages/seaborn/palettes.py (2813ms)
2023-08-28 17:24:44.853 [info] [Info  - 5:24:44 PM] (705) [BG(3)] Long operation: parsing: /usr/local/lib/python3.11/site-packages/seaborn/regression.py (3546ms)
2023-08-28 17:24:45.983 [info] [Info  - 5:24:45 PM] (705) [BG(3)] Long operation: binding: /usr/local/lib/python3.11/site-packages/seaborn/__init__.py (30931ms)
2023-08-28 17:24:48.469 [info] [Info  - 5:24:48 PM] (705) [BG(3)] Long operation: checking: /root/code/Car_prediction.ipynb:pylance-notebook-cell:X10sdnNjb2RlLXJlbW90ZQ==.py (35855ms)
2023-08-28 17:24:48.470 [info] [Info  - 5:24:48 PM] (705) [BG(3)] Long operation: analyzing: /root/code/Car_prediction.ipynb:pylance-notebook-cell:X10sdnNjb2RlLXJlbW90ZQ==.py (35855ms)
2023-08-28 17:24:48.471 [info] [Info  - 5:24:48 PM] (705) [BG(3)] Long operation: analyzing: /root/code/Car_prediction.ipynb:pylance-notebook-cell:pylancePrefixCell.py (104547ms)
2023-08-28 17:24:52.323 [info] [Info  - 5:24:52 PM] (705) [FG] Long operation: parsing: /root/code/Car_prediction.ipynb:pylance-notebook-cell:X10sdnNjb2RlLXJlbW90ZQ==.py (2654ms)
2023-08-28 17:25:10.696 [info] [Info  - 5:25:10 PM] (705) [BG(1)] Long operation: parsing: /root/code/ML_Car_prediction.ipynb:pylance-notebook-cell:X42sdnNjb2RlLXJlbW90ZQ==.py (16243ms)
2023-08-28 17:25:18.897 [info] [Info  - 5:25:18 PM] (705) [BG(1)] Long operation: parsing: /root/code/ML_Car_prediction.ipynb:pylance-notebook-cell:W0sdnNjb2RlLXJlbW90ZQ==.py (4461ms)
2023-08-28 17:25:41.883 [info] [Info  - 5:25:41 PM] (705) [IDX(9)] Long operation: scan packages /root (198367ms)
2023-08-28 17:25:51.982 [info] [Info  - 5:25:51 PM] (705) [BG(1)] Long operation: parsing: /root/.vscode-server/extensions/ms-python.vscode-pylance-2023.8.40/dist/typeshed-fallback/stdlib/builtins.pyi (32606ms)
2023-08-28 17:25:58.361 [info] [Info  - 5:25:58 PM] (705) [BG(1)] Long operation: binding: /usr/local/lib/python3.11/site-packages/IPython/display.py (3696ms)
2023-08-28 17:25:58.429 [info] [Info  - 5:25:58 PM] (705) [BG(1)] Long operation: indexing: /root/code/ML_Car_prediction.ipynb:pylance-notebook-cell:X42sdnNjb2RlLXJlbW90ZQ==.py (64107ms)
2023-08-28 17:26:07.354 [info] [Info  - 5:26:07 PM] (705) [BG(1)] Long operation: parsing: /root/.vscode-server/extensions/ms-python.vscode-pylance-2023.8.40/dist/typeshed-fallback/stdlib/types.pyi (3047ms)
2023-08-28 17:26:11.929 [info] [Info  - 5:26:11 PM] (705) [BG(1)] Long operation: getSemanticTokens full at /root/code/ML_Car_prediction.ipynb:pylance-notebook-cell:X50sdnNjb2RlLXJlbW90ZQ==.py (13688ms)
2023-08-28 17:26:15.367 [info] [Info  - 5:26:15 PM] (705) [IDX(9)] Long operation: parsing: /usr/local/lib/python3.11/xml/__init__.py (6703ms)
2023-08-28 17:26:18.183 [info] [Info  - 5:26:18 PM] (705) [IDX(9)] Long operation: indexing: /usr/local/lib/python3.11/xml/__init__.py (9585ms)
2023-08-28 17:26:26.498 [info] [Info  - 5:26:26 PM] (705) [IDX(9)] Long operation: parsing: /usr/local/lib/python3.11/site-packages/numpy/__init__.pyi (4133ms)
2023-08-28 17:26:31.558 [info] [Info  - 5:26:31 PM] (705) [IDX(9)] Long operation: parsing: /usr/local/lib/python3.11/site-packages/numpy/core/multiarray.pyi (3988ms)
2023-08-28 17:26:32.584 [info] [Info  - 5:26:32 PM] (705) [IDX(9)] Long operation: indexing: /usr/local/lib/python3.11/site-packages/numpy/__init__.pyi (10218ms)
2023-08-28 17:26:43.302 [info] [Info  - 5:26:43 PM] (705) [IDX(9)] Long operation: parsing: /usr/local/lib/python3.11/site-packages/prompt_toolkit/shortcuts/prompt.py (9962ms)
2023-08-28 17:26:43.322 [info] [Info  - 5:26:43 PM] (705) [IDX(9)] Long operation: indexing: /usr/local/lib/python3.11/site-packages/prompt_toolkit/__init__.py (10629ms)
2023-08-28 17:26:49.693 [info] [Info  - 5:26:49 PM] (705) [IDX(9)] Long operation: indexing: /usr/local/lib/python3.11/site-packages/pyparsing/__init__.py (6363ms)
2023-08-28 17:26:52.959 [info] [Info  - 5:26:52 PM] (705) [IDX(9)] Long operation: parsing: /usr/local/lib/python3.11/site-packages/scipy/__init__.py (3257ms)
2023-08-28 17:26:52.965 [info] [Info  - 5:26:52 PM] (705) [IDX(9)] Long operation: indexing: /usr/local/lib/python3.11/site-packages/scipy/__init__.py (3263ms)
2023-08-28 17:27:00.194 [info] [Info  - 5:27:00 PM] (705) [IDX(9)] Long operation: binding: /usr/local/lib/python3.11/site-packages/scipy/interpolate/__init__.py (4259ms)
2023-08-28 17:27:00.212 [info] [Info  - 5:27:00 PM] (705) [IDX(9)] Long operation: indexing: /usr/local/lib/python3.11/site-packages/scipy/interpolate/__init__.py (4291ms)
2023-08-28 17:27:00.553 [info] [Info  - 5:27:00 PM] (705) [BG(1)] Long operation: parsing: /usr/local/lib/python3.11/site-packages/numpy/__init__.pyi (45547ms)
2023-08-28 17:27:09.623 [info] [Info  - 5:27:09 PM] (705) [IDX(9)] Long operation: binding: /usr/local/lib/python3.11/site-packages/scipy/linalg/__init__.py (7623ms)
2023-08-28 17:27:09.627 [info] [Info  - 5:27:09 PM] (705) [IDX(9)] Long operation: indexing: /usr/local/lib/python3.11/site-packages/scipy/linalg/__init__.py (8543ms)
2023-08-28 17:27:18.672 [info] [Info  - 5:27:18 PM] (705) [BG(1)] Long operation: binding: /usr/local/lib/python3.11/site-packages/numpy/__init__.pyi (17916ms)
2023-08-28 17:27:19.715 [info] [Info  - 5:27:19 PM] (705) [IDX(9)] Long operation: indexing: /usr/local/lib/python3.11/site-packages/scipy/misc/__init__.py (10087ms)
2023-08-28 17:27:23.347 [info] [Info  - 5:27:23 PM] (705) [IDX(9)] Long operation: binding: /usr/local/lib/python3.11/site-packages/scipy/ndimage/__init__.py (3392ms)
2023-08-28 17:27:23.352 [info] [Info  - 5:27:23 PM] (705) [IDX(9)] Long operation: indexing: /usr/local/lib/python3.11/site-packages/scipy/ndimage/__init__.py (3636ms)
2023-08-28 17:27:27.291 [info] [Info  - 5:27:27 PM] (705) [IDX(9)] Long operation: parsing: /usr/local/lib/python3.11/site-packages/scipy/optimize/__init__.py (3687ms)
2023-08-28 17:27:29.829 [info] [Info  - 5:27:29 PM] (705) [IDX(9)] Long operation: parsing: /usr/local/lib/python3.11/site-packages/scipy/optimize/_optimize.py (2312ms)
2023-08-28 17:27:31.512 [info] [Info  - 5:27:31 PM] (705) [IDX(9)] Long operation: binding: /usr/local/lib/python3.11/site-packages/scipy/optimize/__init__.py (4156ms)
2023-08-28 17:27:31.584 [info] [Info  - 5:27:31 PM] (705) [IDX(9)] Long operation: indexing: /usr/local/lib/python3.11/site-packages/scipy/optimize/__init__.py (8056ms)
2023-08-28 17:27:36.274 [info] [Info  - 5:27:36 PM] (705) [BG(1)] Long operation: parsing: /root/.vscode-server/extensions/ms-python.vscode-pylance-2023.8.40/dist/bundled/stubs/pandas/core/series.pyi (16787ms)
2023-08-28 17:27:37.256 [info] [Info  - 5:27:37 PM] (705) [IDX(9)] Long operation: binding: /usr/local/lib/python3.11/site-packages/scipy/signal/__init__.py (5329ms)
2023-08-28 17:27:37.258 [info] [Info  - 5:27:37 PM] (705) [IDX(9)] Long operation: indexing: /usr/local/lib/python3.11/site-packages/scipy/signal/__init__.py (5747ms)
2023-08-28 17:27:42.925 [info] [Info  - 5:27:42 PM] (705) [IDX(9)] Long operation: parsing: /usr/local/lib/python3.11/site-packages/scipy/stats/_stats_py.py (2090ms)
2023-08-28 17:27:46.821 [info] [Info  - 5:27:46 PM] (705) [BG(1)] Long operation: parsing: /root/.vscode-server/extensions/ms-python.vscode-pylance-2023.8.40/dist/bundled/stubs/pandas/core/frame.pyi (4245ms)
2023-08-28 17:27:46.924 [info] [Info  - 5:27:46 PM] (705) [IDX(9)] Long operation: parsing: /usr/local/lib/python3.11/site-packages/scipy/stats/_continuous_distns.py (3790ms)
2023-08-28 17:27:47.309 [info] [Info  - 5:27:47 PM] (705) [IDX(9)] Long operation: binding: /usr/local/lib/python3.11/site-packages/scipy/stats/distributions.py (4175ms)
2023-08-28 17:27:49.040 [info] [Info  - 5:27:49 PM] (705) [IDX(9)] Long operation: binding: /usr/local/lib/python3.11/site-packages/scipy/stats/__init__.py (8208ms)
2023-08-28 17:27:49.043 [info] [Info  - 5:27:49 PM] (705) [IDX(9)] Long operation: indexing: /usr/local/lib/python3.11/site-packages/scipy/stats/__init__.py (8410ms)
2023-08-28 17:27:56.015 [info] [Info  - 5:27:56 PM] (705) [BG(1)] Long operation: getSemanticTokens range 0:0 - 8:81 at /root/code/ML_Car_prediction.ipynb:pylance-notebook-cell:X51sdnNjb2RlLXJlbW90ZQ==.py (104077ms)
2023-08-28 17:28:00.618 [info] [Info  - 5:28:00 PM] (705) [IDX(9)] Long operation: indexing: /usr/local/lib/python3.11/site-packages/tzdata/__init__.py (10536ms)
2023-08-28 17:28:02.103 [info] [Info  - 5:28:02 PM] (705) [BG(1)] Long operation: parsing: /usr/local/lib/python3.11/site-packages/seaborn/categorical.py (2358ms)
2023-08-28 17:28:03.784 [info] [Info  - 5:28:03 PM] (705) [IDX(9)] Long operation: binding: /usr/local/lib/python3.11/site-packages/zmq/sugar/__init__.pyi (2155ms)
2023-08-28 17:28:03.785 [info] [Info  - 5:28:03 PM] (705) [IDX(9)] Long operation: binding: /usr/local/lib/python3.11/site-packages/zmq/__init__.pyi (2989ms)
2023-08-28 17:28:04.106 [info] [Info  - 5:28:04 PM] (705) [IDX(9)] Long operation: indexing: /usr/local/lib/python3.11/site-packages/zmq/__init__.pyi (3404ms)
2023-08-28 17:28:04.907 [info] [Info  - 5:28:04 PM] (705) [IDX(9)] Long operation: index execution environment /root (124094ms)
2023-08-28 17:28:04.916 [info] [Info  - 5:28:04 PM] (705) [IDX(9)] Long operation: index packages /root (126334ms)
2023-08-28 17:28:10.893 [info] [Info  - 5:28:10 PM] (705) [BG(1)] Long operation: parsing: /usr/local/lib/python3.11/site-packages/seaborn/distributions.py (3795ms)
2023-08-28 17:28:10.911 [info] [Info  - 5:28:10 PM] (705) [BG(1)] Long operation: parsing: /usr/local/lib/python3.11/site-packages/seaborn/matrix.py (3804ms)
2023-08-28 17:28:15.318 [info] [Info  - 5:28:15 PM] (705) [BG(1)] Long operation: parsing: /usr/local/lib/python3.11/site-packages/seaborn/axisgrid.py (3632ms)
2023-08-28 17:28:16.113 [info] [Info  - 5:28:16 PM] (705) [BG(1)] Long operation: binding: /usr/local/lib/python3.11/site-packages/seaborn/__init__.py (20082ms)
2023-08-28 17:28:16.115 [info] [Info  - 5:28:16 PM] (705) [BG(1)] Long operation: getSemanticTokens full at /root/code/ML_Car_prediction.ipynb:pylance-notebook-cell:X50sdnNjb2RlLXJlbW90ZQ==.py (20088ms)
2023-08-28 17:28:28.952 [info] [Info  - 5:28:28 PM] (705) [BG(1)] Long operation: getSemanticTokens range 0:0 - 2:58 at /root/code/ML_Car_prediction.ipynb:pylance-notebook-cell:X50sdnNjb2RlLXJlbW90ZQ==.py (12836ms)
2023-08-28 17:28:33.956 [info] [Info  - 5:28:33 PM] (705) [BG(1)] Long operation: parsing: /usr/local/lib/python3.11/site-packages/ppscore/calculation.py (3093ms)
2023-08-28 17:28:33.958 [info] [Info  - 5:28:33 PM] (705) [BG(1)] Long operation: getSemanticTokens range 0:0 - 8:81 at /root/code/ML_Car_prediction.ipynb:pylance-notebook-cell:X51sdnNjb2RlLXJlbW90ZQ==.py (3375ms)
2023-08-28 17:28:44.564 [info] [Info  - 5:28:44 PM] (705) [BG(1)] Long operation: binding: /usr/local/lib/python3.11/site-packages/scipy/sparse/__init__.py (4910ms)
2023-08-28 17:28:46.732 [info] [Info  - 5:28:46 PM] (705) [BG(1)] Long operation: getSemanticTokens range 0:0 - 8:81 at /root/code/ML_Car_prediction.ipynb:pylance-notebook-cell:X51sdnNjb2RlLXJlbW90ZQ==.py (12861ms)
2023-08-28 17:28:57.041 [info] [Info  - 5:28:57 PM] (705) [IDX(9)] Long operation: scan packages /root (46142ms)
2023-08-28 17:29:00.574 [info] [Info  - 5:29:00 PM] (705) [BG(1)] Long operation: getSemanticTokens full at /root/code/ML_Car_prediction.ipynb:pylance-notebook-cell:X31sdnNjb2RlLXJlbW90ZQ==.py (9665ms)
2023-08-28 17:29:00.694 [info] [Info  - 5:29:00 PM] (705) [BG(1)] Long operation: getSemanticTokens range 0:0 - 4:80 at /root/code/ML_Car_prediction.ipynb:pylance-notebook-cell:X33sdnNjb2RlLXJlbW90ZQ==.py (2105ms)
2023-08-28 17:29:06.356 [info] [Info  - 5:29:06 PM] (705) [BG(1)] Long operation: analyzing: /root/code/ML_Car_prediction.ipynb:pylance-notebook-cell:Y140sdnNjb2RlLXJlbW90ZQ==.py (2043ms)
2023-08-28 17:29:14.457 [info] [Info  - 5:29:14 PM] (705) [BG(1)] Long operation: checking: /root/code/ML_Car_prediction.ipynb:pylance-notebook-cell:Y120sdnNjb2RlLXJlbW90ZQ==.py (5625ms)
2023-08-28 17:29:14.458 [info] [Info  - 5:29:14 PM] (705) [BG(1)] Long operation: analyzing: /root/code/ML_Car_prediction.ipynb:pylance-notebook-cell:Y120sdnNjb2RlLXJlbW90ZQ==.py (5625ms)
2023-08-28 17:29:15.946 [info] [Info  - 5:29:15 PM] (705) [BG(1)] Long operation: analyzing: /root/code/ML_Car_prediction.ipynb:pylance-notebook-cell:pylancePrefixCell.py (11634ms)
