2023-08-29 13:28:33.368 [info] Log level: Info
2023-08-29 13:28:33.372 [info] Validating found git in: "git"
2023-08-29 13:28:33.372 [info] Using git "2.39.2" from "git"
2023-08-29 13:28:33.373 [info] > git rev-parse --show-toplevel [883ms]
2023-08-29 13:28:33.374 [info] fatal: not a git repository (or any of the parent directories): .git
2023-08-29 13:28:33.375 [info] > git rev-parse --show-toplevel [185ms]
2023-08-29 13:28:33.376 [info] fatal: not a git repository (or any parent up to mount point /root)
Stopping at filesystem boundary (GIT_DISCOVERY_ACROSS_FILESYSTEM not set).
2023-08-29 13:28:33.682 [info] > git rev-parse --show-toplevel [62ms]
2023-08-29 13:28:33.693 [info] fatal: not a git repository (or any of the parent directories): .git
2023-08-29 13:28:34.161 [info] > git rev-parse --show-toplevel [52ms]
2023-08-29 13:28:34.161 [info] fatal: not a git repository (or any of the parent directories): .git
2023-08-29 13:28:34.639 [info] > git rev-parse --show-toplevel [84ms]
2023-08-29 13:28:34.640 [info] fatal: not a git repository (or any of the parent directories): .git
2023-08-29 13:28:34.691 [info] > git rev-parse --show-toplevel [8ms]
2023-08-29 13:28:34.691 [info] fatal: not a git repository (or any of the parent directories): .git
2023-08-29 13:28:34.963 [info] > git rev-parse --show-toplevel [14ms]
2023-08-29 13:28:34.964 [info] fatal: not a git repository (or any of the parent directories): .git
2023-08-29 13:28:35.315 [info] > git rev-parse --show-toplevel [61ms]
2023-08-29 13:28:35.316 [info] fatal: not a git repository (or any parent up to mount point /root)
Stopping at filesystem boundary (GIT_DISCOVERY_ACROSS_FILESYSTEM not set).
2023-08-29 13:28:35.614 [info] > git rev-parse --show-toplevel [8ms]
2023-08-29 13:28:35.615 [info] fatal: not a git repository (or any parent up to mount point /root)
Stopping at filesystem boundary (GIT_DISCOVERY_ACROSS_FILESYSTEM not set).
2023-08-29 13:29:14.002 [info] > git rev-parse --show-toplevel [7ms]
2023-08-29 13:29:14.003 [info] fatal: not a git repository (or any parent up to mount point /root)
Stopping at filesystem boundary (GIT_DISCOVERY_ACROSS_FILESYSTEM not set).
