2023-08-29 02:54:42.828 [info] Log level: Info
2023-08-29 02:54:42.829 [info] Validating found git in: "git"
2023-08-29 02:54:42.830 [info] Using git "2.39.2" from "git"
2023-08-29 02:54:42.830 [info] > git rev-parse --show-toplevel [6289ms]
2023-08-29 02:54:42.831 [info] fatal: not a git repository (or any of the parent directories): .git
2023-08-29 02:54:42.831 [info] > git rev-parse --show-toplevel [2457ms]
2023-08-29 02:54:42.832 [info] fatal: not a git repository (or any of the parent directories): .git
2023-08-29 02:54:42.833 [info] > git rev-parse --show-toplevel [39ms]
2023-08-29 02:54:42.833 [info] fatal: not a git repository (or any of the parent directories): .git
2023-08-29 02:54:42.948 [info] > git rev-parse --show-toplevel [93ms]
2023-08-29 02:54:42.949 [info] fatal: not a git repository (or any parent up to mount point /root)
Stopping at filesystem boundary (GIT_DISCOVERY_ACROSS_FILESYSTEM not set).
2023-08-29 02:54:44.979 [info] > git rev-parse --show-toplevel [106ms]
2023-08-29 02:54:44.980 [info] fatal: not a git repository (or any parent up to mount point /root)
Stopping at filesystem boundary (GIT_DISCOVERY_ACROSS_FILESYSTEM not set).
2023-08-29 08:39:30.038 [info] > git rev-parse --show-toplevel [2862ms]
2023-08-29 08:39:30.139 [info] fatal: not a git repository (or any parent up to mount point /root)
Stopping at filesystem boundary (GIT_DISCOVERY_ACROSS_FILESYSTEM not set).
2023-08-29 08:40:26.913 [info] > git rev-parse --show-toplevel [5ms]
2023-08-29 08:40:26.917 [info] fatal: not a git repository (or any parent up to mount point /root)
Stopping at filesystem boundary (GIT_DISCOVERY_ACROSS_FILESYSTEM not set).
