2023-08-27 21:49:29.084 [info] [Info  - 9:49:27 PM] (575) Pylance language server 2023.8.40 (pyright 03f79a81) starting
2023-08-27 21:49:29.199 [info] [Info  - 9:49:29 PM] (575) Server root directory: /root/.vscode-server/extensions/ms-python.vscode-pylance-2023.8.40/dist
2023-08-27 21:49:29.202 [info] [Info  - 9:49:29 PM] (575) Starting service instance "root"
2023-08-27 21:49:29.471 [info] [Info  - 9:49:29 PM] (575) Setting pythonPath for service "root": "/usr/local/bin/python"
2023-08-27 21:49:29.482 [info] [Warn  - 9:49:29 PM] (575) stubPath /root/typings is not a valid directory.
2023-08-27 21:49:29.528 [info] [Info  - 9:49:29 PM] (575) Assuming Python version 3.11
2023-08-27 21:49:31.283 [info] [Info  - 9:49:31 PM] (575) Found 1 source file
2023-08-27 21:49:35.771 [info] [Info  - 9:49:35 PM] (575) [BG(1)] Long operation: parsing: /root/code/main.py (2615ms)
2023-08-27 21:49:36.218 [info] [Info  - 9:49:36 PM] (575) [BG(1)] Long operation: indexing: /root/code/main.py (3064ms)
2023-08-27 21:49:52.044 [info] [Info  - 9:49:52 PM] (575) [IDX(2)] Long operation: scan packages /root (17558ms)
2023-08-27 21:49:56.722 [info] [Info  - 9:49:56 PM] (575) [IDX(2)] Long operation: index execution environment /root (4495ms)
2023-08-27 21:49:56.806 [info] [Info  - 9:49:56 PM] (575) [IDX(2)] Long operation: index packages /root (4643ms)
2023-08-27 21:56:30.152 [info] [Info  - 9:56:30 PM] (575) [BG(1)] Long operation: analyzing: /root/code/experiment_1.ipynb:pylance-notebook-cell:W3sdnNjb2RlLXJlbW90ZQ==.py (3129ms)
2023-08-27 21:56:30.156 [info] [Info  - 9:56:30 PM] (575) [BG(1)] Long operation: analyzing: /root/code/experiment_1.ipynb:pylance-notebook-cell:pylancePrefixCell.py (3133ms)
2023-08-27 21:56:45.704 [info] [Info  - 9:56:45 PM] (575) [BG(1)] Long operation: parsing: /root/code/experiment_1.ipynb:pylance-notebook-cell:W5sdnNjb2RlLXJlbW90ZQ==.py (2089ms)
2023-08-27 21:56:45.706 [info] [Info  - 9:56:45 PM] (575) [BG(1)] Long operation: analyzing: /root/code/experiment_1.ipynb:pylance-notebook-cell:W5sdnNjb2RlLXJlbW90ZQ==.py (2094ms)
2023-08-27 21:56:45.707 [info] [Info  - 9:56:45 PM] (575) [BG(1)] Long operation: analyzing: /root/code/experiment_1.ipynb:pylance-notebook-cell:pylancePrefixCell.py (2094ms)
2023-08-27 21:56:52.916 [info] [Info  - 9:56:52 PM] (575) [IDX(3)] Long operation: scan packages /root (24972ms)
2023-08-27 21:56:56.326 [info] [Info  - 9:56:56 PM] (575) [IDX(3)] Long operation: parsing: /root/.vscode-server/extensions/ms-python.vscode-pylance-2023.8.40/dist/typeshed-fallback/stubs/pytz/pytz/__init__.pyi (2975ms)
2023-08-27 21:56:56.672 [info] [Info  - 9:56:56 PM] (575) [IDX(3)] Long operation: indexing: /root/.vscode-server/extensions/ms-python.vscode-pylance-2023.8.40/dist/typeshed-fallback/stubs/pytz/pytz/__init__.pyi (3482ms)
2023-08-27 21:57:03.563 [info] [Info  - 9:57:03 PM] (575) [IDX(3)] Long operation: indexing: /root/.vscode-server/extensions/ms-python.vscode-pylance-2023.8.40/dist/bundled/stubs/pandas/__init__.pyi (6890ms)
2023-08-27 21:57:04.875 [info] [Info  - 9:57:04 PM] (575) [IDX(3)] Long operation: index execution environment /root (11643ms)
2023-08-27 21:57:05.052 [info] [Info  - 9:57:05 PM] (575) [IDX(3)] Long operation: index packages /root (11850ms)
2023-08-27 22:08:50.161 [info] [Info  - 10:08:50 PM] (575) [BG(1)] Long operation: parsing: /root/code/experiment_1.ipynb:pylance-notebook-cell:X10sdnNjb2RlLXJlbW90ZQ==.py (2862ms)
2023-08-27 22:08:51.539 [info] [Info  - 10:08:51 PM] (575) [BG(1)] Long operation: analyzing: /root/code/experiment_1.ipynb:pylance-notebook-cell:X10sdnNjb2RlLXJlbW90ZQ==.py (4240ms)
2023-08-27 22:08:52.662 [info] [Info  - 10:08:52 PM] (575) [BG(1)] Long operation: analyzing: /root/code/experiment_1.ipynb:pylance-notebook-cell:pylancePrefixCell.py (5363ms)
2023-08-27 22:09:03.095 [info] [Info  - 10:09:03 PM] (575) [IDX(4)] Long operation: scan packages /root (14518ms)
2023-08-27 22:09:05.852 [info] [Info  - 10:09:05 PM] (575) [IDX(4)] Long operation: indexing: /root/.vscode-server/extensions/ms-python.vscode-pylance-2023.8.40/dist/bundled/stubs/sklearn/__init__.pyi (2314ms)
2023-08-27 22:09:09.339 [info] [Info  - 10:09:09 PM] (575) [IDX(4)] Long operation: parsing: /root/.vscode-server/extensions/ms-python.vscode-pylance-2023.8.40/dist/bundled/stubs/sklearn/utils/validation.pyi (2138ms)
2023-08-27 22:09:09.769 [info] [Info  - 10:09:09 PM] (575) [IDX(4)] Long operation: indexing: /root/.vscode-server/extensions/ms-python.vscode-pylance-2023.8.40/dist/bundled/stubs/sklearn/base.pyi (3917ms)
2023-08-27 22:09:12.435 [info] [Info  - 10:09:12 PM] (575) [IDX(4)] Long operation: indexing: /root/.vscode-server/extensions/ms-python.vscode-pylance-2023.8.40/dist/bundled/stubs/sklearn/calibration.pyi (2666ms)
2023-08-27 22:09:16.083 [info] [Info  - 10:09:16 PM] (575) [IDX(4)] Long operation: indexing: /root/.vscode-server/extensions/ms-python.vscode-pylance-2023.8.40/dist/bundled/stubs/sklearn/conftest.pyi (2701ms)
2023-08-27 22:09:28.350 [info] [Info  - 10:09:28 PM] (575) [IDX(4)] Long operation: index execution environment /root (24827ms)
2023-08-27 22:09:28.498 [info] [Info  - 10:09:28 PM] (575) [IDX(4)] Long operation: index packages /root (25083ms)
