2023-08-29 02:54:52.905 [info] [Info  - 2:54:49 AM] (668) Pylance language server 2023.8.40 (pyright 03f79a81) starting
2023-08-29 02:54:54.036 [info] [Info  - 2:54:54 AM] (668) Server root directory: /root/.vscode-server/extensions/ms-python.vscode-pylance-2023.8.40/dist
2023-08-29 02:54:54.052 [info] [Info  - 2:54:54 AM] (668) Starting service instance "root"
2023-08-29 02:54:54.396 [info] [Info  - 2:54:54 AM] (668) Setting pythonPath for service "root": "/usr/local/bin/python"
2023-08-29 02:54:54.398 [info] [Warn  - 2:54:54 AM] (668) stubPath /root/typings is not a valid directory.
2023-08-29 02:54:54.513 [info] [Info  - 2:54:54 AM] (668) Assuming Python version 3.11
2023-08-29 02:54:57.902 [info] [Info  - 2:54:57 AM] (668) Found 1 source file
2023-08-29 02:55:03.158 [info] [Info  - 2:55:03 AM] (668) [BG(1)] Long operation: parsing: /root/code/main.py (3419ms)
2023-08-29 02:55:03.767 [info] [Info  - 2:55:03 AM] (668) [BG(1)] Long operation: indexing: /root/code/main.py (4030ms)
2023-08-29 02:55:08.072 [info] [Info  - 2:55:08 AM] (668) [BG(1)] Long operation: getSemanticTokens full at /root/code/ML_Car_prediction.ipynb:pylance-notebook-cell:W0sdnNjb2RlLXJlbW90ZQ==.py (4256ms)
2023-08-29 02:55:12.128 [info] [Info  - 2:55:12 AM] (668) [BG(1)] Long operation: getSemanticTokens full at /root/code/ML_Car_prediction.ipynb:pylance-notebook-cell:W1sdnNjb2RlLXJlbW90ZQ==.py (4050ms)
2023-08-29 02:55:14.346 [info] [Info  - 2:55:14 AM] (668) [BG(1)] Long operation: analyzing: /root/code/ML_Car_prediction.ipynb:pylance-notebook-cell:Y136sdnNjb2RlLXJlbW90ZQ==.py (2200ms)
2023-08-29 02:55:19.769 [info] [Info  - 2:55:19 AM] (668) [IDX(2)] Long operation: scan packages /root (18055ms)
2023-08-29 02:55:21.642 [info] [Info  - 2:55:21 AM] (668) [BG(1)] Long operation: checking: /root/code/ML_Car_prediction.ipynb:pylance-notebook-cell:Y116sdnNjb2RlLXJlbW90ZQ==.py (3432ms)
2023-08-29 02:55:21.643 [info] [Info  - 2:55:21 AM] (668) [BG(1)] Long operation: analyzing: /root/code/ML_Car_prediction.ipynb:pylance-notebook-cell:Y116sdnNjb2RlLXJlbW90ZQ==.py (3432ms)
2023-08-29 02:55:23.757 [info] [Info  - 2:55:23 AM] (668) [BG(1)] Long operation: analyzing: /root/code/ML_Car_prediction.ipynb:pylance-notebook-cell:pylancePrefixCell.py (11609ms)
2023-08-29 02:55:26.307 [info] [Info  - 2:55:26 AM] (668) [IDX(2)] Long operation: parsing: /usr/local/lib/python3.11/xml/__init__.py (5127ms)
2023-08-29 02:55:26.669 [info] [Info  - 2:55:26 AM] (668) [IDX(2)] Long operation: indexing: /usr/local/lib/python3.11/xml/__init__.py (5498ms)
2023-08-29 02:55:32.963 [info] [Info  - 2:55:32 AM] (668) [IDX(2)] Long operation: binding: /usr/local/lib/python3.11/site-packages/scipy/linalg/__init__.py (2034ms)
2023-08-29 02:55:32.964 [info] [Info  - 2:55:32 AM] (668) [IDX(2)] Long operation: indexing: /usr/local/lib/python3.11/site-packages/scipy/linalg/__init__.py (2096ms)
2023-08-29 02:55:36.227 [info] [Info  - 2:55:36 AM] (668) [IDX(2)] Long operation: index execution environment /root (15257ms)
2023-08-29 02:55:36.233 [info] [Info  - 2:55:36 AM] (668) [IDX(2)] Long operation: index packages /root (15810ms)
2023-08-29 03:14:48.265 [info] [Info  - 3:14:48 AM] (668) [BG(1)] Long operation: parsing: /root/code/ML_Car_prediction.ipynb:pylance-notebook-cell:Y136sdnNjb2RlLXJlbW90ZQ==.py (4886ms)
2023-08-29 03:14:51.076 [info] [Info  - 3:14:51 AM] (668) [BG(1)] Long operation: analyzing: /root/code/ML_Car_prediction.ipynb:pylance-notebook-cell:Y136sdnNjb2RlLXJlbW90ZQ==.py (7698ms)
2023-08-29 03:14:51.077 [info] [Info  - 3:14:51 AM] (668) [BG(1)] Long operation: analyzing: /root/code/ML_Car_prediction.ipynb:pylance-notebook-cell:pylancePrefixCell.py (7699ms)
2023-08-29 03:14:53.696 [info] [Info  - 3:14:53 AM] (668) [BG(1)] Long operation: parsing: /root/code/ML_Car_prediction.ipynb:pylance-notebook-cell:Y136sdnNjb2RlLXJlbW90ZQ==.py (2611ms)
2023-08-29 03:14:59.205 [info] [Info  - 3:14:59 AM] (668) [BG(1)] Long operation: checking: /root/code/ML_Car_prediction.ipynb:pylance-notebook-cell:Y136sdnNjb2RlLXJlbW90ZQ==.py (2793ms)
2023-08-29 03:14:59.208 [info] [Info  - 3:14:59 AM] (668) [BG(1)] Long operation: analyzing: /root/code/ML_Car_prediction.ipynb:pylance-notebook-cell:Y136sdnNjb2RlLXJlbW90ZQ==.py (8121ms)
2023-08-29 03:15:04.760 [info] [Info  - 3:15:04 AM] (668) [BG(1)] Long operation: checking: /root/code/ML_Car_prediction.ipynb:pylance-notebook-cell:Y135sdnNjb2RlLXJlbW90ZQ==.py (5551ms)
2023-08-29 03:15:04.762 [info] [Info  - 3:15:04 AM] (668) [BG(1)] Long operation: analyzing: /root/code/ML_Car_prediction.ipynb:pylance-notebook-cell:Y135sdnNjb2RlLXJlbW90ZQ==.py (5551ms)
2023-08-29 03:15:06.819 [info] [Info  - 3:15:06 AM] (668) [BG(1)] Long operation: checking: /root/code/ML_Car_prediction.ipynb:pylance-notebook-cell:Y133sdnNjb2RlLXJlbW90ZQ==.py (2061ms)
2023-08-29 03:15:06.820 [info] [Info  - 3:15:06 AM] (668) [BG(1)] Long operation: analyzing: /root/code/ML_Car_prediction.ipynb:pylance-notebook-cell:Y133sdnNjb2RlLXJlbW90ZQ==.py (2061ms)
2023-08-29 03:15:13.327 [info] [Info  - 3:15:13 AM] (668) [BG(1)] Long operation: parsing: /root/.vscode-server/extensions/ms-python.vscode-pylance-2023.8.40/dist/bundled/stubs/sklearn/utils/__init__.pyi (2933ms)
2023-08-29 03:15:14.626 [info] [Info  - 3:15:14 AM] (668) [BG(1)] Long operation: checking: /root/code/ML_Car_prediction.ipynb:pylance-notebook-cell:Y116sdnNjb2RlLXJlbW90ZQ==.py (4815ms)
2023-08-29 03:15:14.627 [info] [Info  - 3:15:14 AM] (668) [BG(1)] Long operation: analyzing: /root/code/ML_Car_prediction.ipynb:pylance-notebook-cell:Y116sdnNjb2RlLXJlbW90ZQ==.py (4815ms)
2023-08-29 03:15:19.192 [info] [Info  - 3:15:19 AM] (668) [BG(1)] Long operation: checking: /root/code/ML_Car_prediction.ipynb:pylance-notebook-cell:X50sdnNjb2RlLXJlbW90ZQ==.py (2794ms)
2023-08-29 03:15:19.193 [info] [Info  - 3:15:19 AM] (668) [BG(1)] Long operation: analyzing: /root/code/ML_Car_prediction.ipynb:pylance-notebook-cell:X50sdnNjb2RlLXJlbW90ZQ==.py (2795ms)
2023-08-29 03:15:22.221 [info] [Info  - 3:15:22 AM] (668) [BG(1)] Long operation: checking: /root/code/ML_Car_prediction.ipynb:pylance-notebook-cell:X32sdnNjb2RlLXJlbW90ZQ==.py (2483ms)
2023-08-29 03:15:22.222 [info] [Info  - 3:15:22 AM] (668) [BG(1)] Long operation: analyzing: /root/code/ML_Car_prediction.ipynb:pylance-notebook-cell:X32sdnNjb2RlLXJlbW90ZQ==.py (2483ms)
2023-08-29 03:15:22.629 [info] [Info  - 3:15:22 AM] (668) [IDX(4)] Long operation: scan packages /root (31252ms)
2023-08-29 03:15:27.565 [info] [Info  - 3:15:27 AM] (668) [BG(1)] Long operation: analyzing: /root/code/ML_Car_prediction.ipynb:pylance-notebook-cell:pylancePrefixCell.py (31837ms)
2023-08-29 03:15:30.195 [info] [Info  - 3:15:30 AM] (668) [IDX(4)] Long operation: parsing: /usr/local/lib/python3.11/xml/__init__.py (4671ms)
2023-08-29 03:15:30.565 [info] [Info  - 3:15:30 AM] (668) [IDX(4)] Long operation: indexing: /usr/local/lib/python3.11/xml/__init__.py (5043ms)
2023-08-29 03:15:38.859 [info] [Info  - 3:15:38 AM] (668) [IDX(4)] Long operation: index execution environment /root (13369ms)
2023-08-29 03:15:38.860 [info] [Info  - 3:15:38 AM] (668) [IDX(4)] Long operation: index packages /root (13963ms)
2023-08-29 04:28:20.799 [info] [Info  - 4:28:20 AM] (668) [FG] Long operation: parsing: /root/.vscode-server/extensions/ms-python.vscode-pylance-2023.8.40/dist/bundled/stubs/matplotlib/pyplot.pyi (3147ms)
2023-08-29 04:28:34.171 [info] [Info  - 4:28:34 AM] (668) [FG] Long operation: binding: /usr/local/lib/python3.11/site-packages/seaborn/__init__.py (2841ms)
2023-08-29 04:28:49.459 [info] [Info  - 4:28:49 AM] (668) [BG(1)] Long operation: checking: /root/code/ML_Car_prediction.ipynb:pylance-notebook-cell:Y136sdnNjb2RlLXJlbW90ZQ==.py (3677ms)
2023-08-29 04:28:49.468 [info] [Info  - 4:28:49 AM] (668) [BG(1)] Long operation: analyzing: /root/code/ML_Car_prediction.ipynb:pylance-notebook-cell:Y136sdnNjb2RlLXJlbW90ZQ==.py (3995ms)
2023-08-29 04:28:49.470 [info] [Info  - 4:28:49 AM] (668) [BG(1)] Long operation: analyzing: /root/code/ML_Car_prediction.ipynb:pylance-notebook-cell:pylancePrefixCell.py (4117ms)
2023-08-29 04:28:54.357 [info] [Info  - 4:28:54 AM] (668) [BG(1)] Long operation: getSemanticTokens delta previousResultId:1693283307300 at /root/code/ML_Car_prediction.ipynb:pylance-notebook-cell:X42sdnNjb2RlLXJlbW90ZQ==.py (4868ms)
2023-08-29 04:28:58.750 [info] [Info  - 4:28:58 AM] (668) [BG(1)] Long operation: checking: /root/code/ML_Car_prediction.ipynb:pylance-notebook-cell:Y135sdnNjb2RlLXJlbW90ZQ==.py (2617ms)
2023-08-29 04:28:58.758 [info] [Info  - 4:28:58 AM] (668) [BG(1)] Long operation: analyzing: /root/code/ML_Car_prediction.ipynb:pylance-notebook-cell:Y135sdnNjb2RlLXJlbW90ZQ==.py (2617ms)
2023-08-29 04:29:03.116 [info] [Info  - 4:29:03 AM] (668) [BG(1)] Long operation: analyzing: /root/code/ML_Car_prediction.ipynb:pylance-notebook-cell:pylancePrefixCell.py (8725ms)
2023-08-29 04:41:37.440 [info] [Info  - 4:41:37 AM] (668) [BG(1)] Long operation: analyzing: /root/code/ML_Car_prediction.ipynb:pylance-notebook-cell:pylancePrefixCell.py (3174ms)
2023-08-29 04:42:57.487 [info] [Info  - 4:42:57 AM] (668) [BG(1)] Long operation: analyzing: /root/code/ML_Car_prediction.ipynb:pylance-notebook-cell:pylancePrefixCell.py (2057ms)
2023-08-29 04:43:32.877 [info] [Info  - 4:43:32 AM] (668) [BG(1)] Long operation: getSemanticTokens delta previousResultId:1693284201385 at /root/code/ML_Car_prediction.ipynb:pylance-notebook-cell:X42sdnNjb2RlLXJlbW90ZQ==.py (2330ms)
2023-08-29 04:43:56.902 [info] [Info  - 4:43:56 AM] (668) [BG(1)] Long operation: analyzing: /root/code/ML_Car_prediction.ipynb:pylance-notebook-cell:pylancePrefixCell.py (2985ms)
2023-08-29 04:44:02.004 [info] [Info  - 4:44:02 AM] (668) [BG(1)] Long operation: analyzing: /root/code/ML_Car_prediction.ipynb:pylance-notebook-cell:pylancePrefixCell.py (4679ms)
2023-08-29 04:50:51.311 [info] [Info  - 4:50:51 AM] (668) [BG(1)] Long operation: parsing: /root/code/ML_Car_prediction.ipynb:pylance-notebook-cell:Y136sdnNjb2RlLXJlbW90ZQ==.py (6838ms)
2023-08-29 04:50:57.408 [info] [Info  - 4:50:57 AM] (668) [BG(1)] Long operation: binding: /root/.vscode-server/extensions/ms-python.vscode-pylance-2023.8.40/dist/typeshed-fallback/stdlib/builtins.pyi (2225ms)
2023-08-29 04:51:01.054 [info] [Info  - 4:51:01 AM] (668) [IDX(5)] Long operation: read stdlib indices (2477ms)
2023-08-29 04:51:04.489 [info] [Info  - 4:51:04 AM] (668) [BG(1)] Long operation: parsing: /usr/local/lib/python3.11/site-packages/numpy/__init__.pyi (3649ms)
2023-08-29 04:51:06.585 [info] [Info  - 4:51:06 AM] (668) [IDX(5)] Long operation: scan packages /root (8010ms)
2023-08-29 04:51:06.708 [info] [Info  - 4:51:06 AM] (668) [BG(1)] Long operation: checking: /root/code/ML_Car_prediction.ipynb:pylance-notebook-cell:Y136sdnNjb2RlLXJlbW90ZQ==.py (7996ms)
2023-08-29 04:51:06.709 [info] [Info  - 4:51:06 AM] (668) [BG(1)] Long operation: analyzing: /root/code/ML_Car_prediction.ipynb:pylance-notebook-cell:Y136sdnNjb2RlLXJlbW90ZQ==.py (22398ms)
2023-08-29 04:51:10.708 [info] [Info  - 4:51:10 AM] (668) [BG(1)] Long operation: checking: /root/code/ML_Car_prediction.ipynb:pylance-notebook-cell:Y135sdnNjb2RlLXJlbW90ZQ==.py (4000ms)
2023-08-29 04:51:10.710 [info] [Info  - 4:51:10 AM] (668) [BG(1)] Long operation: analyzing: /root/code/ML_Car_prediction.ipynb:pylance-notebook-cell:Y135sdnNjb2RlLXJlbW90ZQ==.py (4000ms)
2023-08-29 04:51:11.684 [info] [Info  - 4:51:11 AM] (668) [BG(1)] Long operation: analyzing: /root/code/ML_Car_prediction.ipynb:pylance-notebook-cell:pylancePrefixCell.py (27374ms)
2023-08-29 04:51:15.101 [info] [Info  - 4:51:15 AM] (668) [BG(1)] Long operation: parsing: /root/code/ML_Car_prediction.ipynb:pylance-notebook-cell:Y136sdnNjb2RlLXJlbW90ZQ==.py (3393ms)
2023-08-29 04:51:20.439 [info] [Info  - 4:51:20 AM] (668) [BG(1)] Long operation: checking: /root/code/ML_Car_prediction.ipynb:pylance-notebook-cell:Y136sdnNjb2RlLXJlbW90ZQ==.py (3046ms)
2023-08-29 04:51:20.441 [info] [Info  - 4:51:20 AM] (668) [BG(1)] Long operation: analyzing: /root/code/ML_Car_prediction.ipynb:pylance-notebook-cell:Y136sdnNjb2RlLXJlbW90ZQ==.py (8733ms)
2023-08-29 04:51:24.492 [info] [Info  - 4:51:24 AM] (668) [BG(1)] Long operation: checking: /root/code/ML_Car_prediction.ipynb:pylance-notebook-cell:Y135sdnNjb2RlLXJlbW90ZQ==.py (4052ms)
2023-08-29 04:51:24.494 [info] [Info  - 4:51:24 AM] (668) [BG(1)] Long operation: analyzing: /root/code/ML_Car_prediction.ipynb:pylance-notebook-cell:Y135sdnNjb2RlLXJlbW90ZQ==.py (4052ms)
2023-08-29 04:51:33.866 [info] [Info  - 4:51:33 AM] (668) [BG(1)] Long operation: parsing: /root/.vscode-server/extensions/ms-python.vscode-pylance-2023.8.40/dist/bundled/stubs/sklearn/utils/__init__.pyi (4008ms)
2023-08-29 04:51:35.542 [info] [Info  - 4:51:35 AM] (668) [BG(1)] Long operation: checking: /root/code/ML_Car_prediction.ipynb:pylance-notebook-cell:Y116sdnNjb2RlLXJlbW90ZQ==.py (6761ms)
2023-08-29 04:51:35.544 [info] [Info  - 4:51:35 AM] (668) [BG(1)] Long operation: analyzing: /root/code/ML_Car_prediction.ipynb:pylance-notebook-cell:Y116sdnNjb2RlLXJlbW90ZQ==.py (6761ms)
2023-08-29 04:51:43.670 [info] [Info  - 4:51:43 AM] (668) [BG(1)] Long operation: checking: /root/code/ML_Car_prediction.ipynb:pylance-notebook-cell:X50sdnNjb2RlLXJlbW90ZQ==.py (7146ms)
2023-08-29 04:51:43.670 [info] [Info  - 4:51:43 AM] (668) [BG(1)] Long operation: analyzing: /root/code/ML_Car_prediction.ipynb:pylance-notebook-cell:X50sdnNjb2RlLXJlbW90ZQ==.py (7146ms)
2023-08-29 04:51:46.094 [info] [Info  - 4:51:46 AM] (668) [BG(1)] Long operation: checking: /root/code/ML_Car_prediction.ipynb:pylance-notebook-cell:X32sdnNjb2RlLXJlbW90ZQ==.py (2029ms)
2023-08-29 04:51:46.095 [info] [Info  - 4:51:46 AM] (668) [BG(1)] Long operation: analyzing: /root/code/ML_Car_prediction.ipynb:pylance-notebook-cell:X32sdnNjb2RlLXJlbW90ZQ==.py (2029ms)
2023-08-29 04:51:46.512 [info] [Info  - 4:51:46 AM] (668) [BG(1)] Long operation: analyzing: /root/code/ML_Car_prediction.ipynb:pylance-notebook-cell:pylancePrefixCell.py (34806ms)
2023-08-29 04:51:53.269 [info] [Info  - 4:51:53 AM] (668) [IDX(6)] Long operation: scan packages /root (39947ms)
2023-08-29 04:52:04.138 [info] [Info  - 4:52:04 AM] (668) [IDX(6)] Long operation: parsing: /usr/local/lib/python3.11/xml/__init__.py (6438ms)
2023-08-29 04:52:04.935 [info] [Info  - 4:52:04 AM] (668) [IDX(6)] Long operation: indexing: /usr/local/lib/python3.11/xml/__init__.py (7236ms)
2023-08-29 04:52:15.289 [info] [Info  - 4:52:15 AM] (668) [IDX(6)] Long operation: parsing: /usr/local/lib/python3.11/site-packages/pyparsing/unicode.py (3368ms)
2023-08-29 04:52:17.759 [info] [Info  - 4:52:17 AM] (668) [IDX(6)] Long operation: indexing: /usr/local/lib/python3.11/site-packages/pyparsing/__init__.py (7055ms)
2023-08-29 04:52:28.031 [info] [Info  - 4:52:28 AM] (668) [IDX(6)] Long operation: parsing: /usr/local/lib/python3.11/site-packages/scipy/signal/_filter_design.py (3379ms)
2023-08-29 04:52:28.765 [info] [Info  - 4:52:28 AM] (668) [IDX(6)] Long operation: binding: /usr/local/lib/python3.11/site-packages/scipy/signal/__init__.py (4202ms)
2023-08-29 04:52:28.767 [info] [Info  - 4:52:28 AM] (668) [IDX(6)] Long operation: indexing: /usr/local/lib/python3.11/site-packages/scipy/signal/__init__.py (4277ms)
2023-08-29 04:52:31.999 [info] [Info  - 4:52:31 AM] (668) [IDX(6)] Long operation: binding: /usr/local/lib/python3.11/site-packages/scipy/special/__init__.py (2179ms)
2023-08-29 04:52:32.001 [info] [Info  - 4:52:32 AM] (668) [IDX(6)] Long operation: indexing: /usr/local/lib/python3.11/site-packages/scipy/special/__init__.py (2802ms)
2023-08-29 04:52:35.135 [info] [Info  - 4:52:35 AM] (668) [IDX(6)] Long operation: binding: /usr/local/lib/python3.11/site-packages/scipy/stats/__init__.py (3063ms)
2023-08-29 04:52:35.386 [info] [Info  - 4:52:35 AM] (668) [IDX(6)] Long operation: indexing: /usr/local/lib/python3.11/site-packages/scipy/stats/__init__.py (3384ms)
2023-08-29 04:52:35.940 [info] [Info  - 4:52:35 AM] (668) [IDX(6)] Long operation: index execution environment /root (38377ms)
2023-08-29 04:52:35.941 [info] [Info  - 4:52:35 AM] (668) [IDX(6)] Long operation: index packages /root (38727ms)
2023-08-29 04:53:31.566 [info] [Info  - 4:53:31 AM] (668) [BG(1)] Long operation: analyzing: /root/code/ML_Car_prediction.ipynb:pylance-notebook-cell:pylancePrefixCell.py (2951ms)
2023-08-29 07:22:59.336 [info] [Info  - 7:22:59 AM] (668) [BG(1)] Long operation: getSemanticTokens full at /root/code/ML_Car_prediction.ipynb:pylance-notebook-cell:X42sdnNjb2RlLXJlbW90ZQ==.py (2928ms)
2023-08-29 07:23:04.952 [info] [Info  - 7:23:04 AM] (668) [BG(1)] Long operation: getSemanticTokens full at /root/code/ML_Car_prediction.ipynb:pylance-notebook-cell:X43sdnNjb2RlLXJlbW90ZQ==.py (2712ms)
2023-08-29 08:39:52.259 [info] [Info  - 8:39:51 AM] (668) [FG] Long operation: parsing: /root/code/main.py (4678ms)
2023-08-29 08:40:33.840 [info] [Info  - 8:40:33 AM] (668) Found 63 source files
2023-08-29 08:40:33.841 [info] [Info  - 8:40:33 AM] (668) [BG(1)] Long operation: parsing: /root/code/main.py (4621ms)
2023-08-29 08:40:33.841 [info] [Info  - 8:40:33 AM] (668) [BG(1)] Long operation: analyzing: /root/code/main.py (12552ms)
2023-08-29 08:40:48.448 [info] [Info  - 8:40:48 AM] (668) [FG] Long operation: parsing: /root/code/main.py (5573ms)
2023-08-29 08:40:57.129 [info] [Info  - 8:40:57 AM] (668) [FG] Long operation: parsing: /root/.vscode-server/extensions/ms-python.vscode-pylance-2023.8.40/dist/typeshed-fallback/stdlib/builtins.pyi (8664ms)
2023-08-29 08:41:02.407 [info] [Info  - 8:41:02 AM] (668) Found 64 source files
2023-08-29 08:41:02.533 [info] [Info  - 8:41:02 AM] (668) [BG(1)] Long operation: parsing: /root/code/ML_Car_prediction.ipynb:pylance-notebook-cell:Y136sdnNjb2RlLXJlbW90ZQ==.py (7650ms)
2023-08-29 08:41:02.534 [info] [Info  - 8:41:02 AM] (668) [BG(1)] Long operation: parsing: /root/code/ML_Car_prediction.ipynb:pylance-notebook-cell:Y115sdnNjb2RlLXJlbW90ZQ==.py (7929ms)
2023-08-29 08:42:39.733 [info] [Info  - 8:42:39 AM] (668) [BG(1)] Long operation: parsing: /root/code/ML_Car_prediction.ipynb:pylance-notebook-cell:X30sdnNjb2RlLXJlbW90ZQ==.py (9291ms)
2023-08-29 08:42:39.735 [info] [Info  - 8:42:39 AM] (668) [BG(1)] Long operation: parsing: /root/code/ML_Car_prediction.ipynb:pylance-notebook-cell:W0sdnNjb2RlLXJlbW90ZQ==.py (23452ms)
2023-08-29 08:42:39.736 [info] [Info  - 8:42:39 AM] (668) [BG(1)] Long operation: parsing: /root/.vscode-server/extensions/ms-python.vscode-pylance-2023.8.40/dist/typeshed-fallback/stdlib/builtins.pyi (17524ms)
2023-08-29 08:42:39.738 [info] [Info  - 8:42:39 AM] (668) [BG(1)] Long operation: binding: /root/.vscode-server/extensions/ms-python.vscode-pylance-2023.8.40/dist/typeshed-fallback/stdlib/builtins.pyi (3862ms)
2023-08-29 08:42:39.739 [info] [Info  - 8:42:39 AM] (668) [BG(1)] Long operation: parsing: /usr/local/lib/python3.11/site-packages/IPython/lib/display.py (4348ms)
2023-08-29 08:42:39.740 [info] [Info  - 8:42:39 AM] (668) [BG(1)] Long operation: binding: /usr/local/lib/python3.11/site-packages/IPython/display.py (6759ms)
2023-08-29 08:42:41.158 [info] [Info  - 8:42:41 AM] (668) [BG(1)] Long operation: checking: /root/code/ML_Car_prediction.ipynb:pylance-notebook-cell:Y136sdnNjb2RlLXJlbW90ZQ==.py (5869ms)
2023-08-29 08:42:46.727 [info] [Info  - 8:42:46 AM] (668) [BG(1)] Long operation: analyzing: /root/code/ML_Car_prediction.ipynb:pylance-notebook-cell:Y136sdnNjb2RlLXJlbW90ZQ==.py (93629ms)
2023-08-29 08:42:46.728 [info] [Info  - 8:42:46 AM] (668) [BG(1)] Long operation: analyzing: /root/code/ML_Car_prediction.ipynb:pylance-notebook-cell:pylancePrefixCell.py (93720ms)
2023-08-29 08:42:46.871 [info] [Info  - 8:42:46 AM] (668) [BG(1)] Long operation: parsing: /root/code/ML_Car_prediction.ipynb:pylance-notebook-cell:Y136sdnNjb2RlLXJlbW90ZQ==.py (3657ms)
2023-08-29 08:42:49.668 [info] [Info  - 8:42:49 AM] (668) [BG(1)] Long operation: parsing: /root/.vscode-server/extensions/ms-python.vscode-pylance-2023.8.40/dist/typeshed-fallback/stdlib/builtins.pyi (3472ms)
2023-08-29 08:42:49.669 [info] [Info  - 8:42:49 AM] (668) [BG(1)] Long operation: binding: /usr/local/lib/python3.11/site-packages/IPython/core/display_functions.py (5195ms)
2023-08-29 08:43:35.905 [info] [Info  - 8:43:35 AM] (668) [BG(1)] Long operation: parsing: /usr/local/lib/python3.11/site-packages/IPython/lib/display.py (59265ms)
2023-08-29 08:43:36.430 [info] [Info  - 8:43:36 AM] (668) [BG(1)] Long operation: binding: /usr/local/lib/python3.11/site-packages/IPython/display.py (66100ms)
2023-08-29 08:43:44.726 [info] [Info  - 8:43:44 AM] (668) [BG(1)] Long operation: parsing: /root/.vscode-server/extensions/ms-python.vscode-pylance-2023.8.40/dist/typeshed-fallback/stdlib/typing.pyi (4512ms)
2023-08-29 08:44:05.982 [info] [Info  - 8:44:05 AM] (668) [BG(1)] Long operation: parsing: /usr/local/lib/python3.11/site-packages/numpy/__init__.pyi (13807ms)
2023-08-29 08:44:10.998 [info] [Info  - 8:44:10 AM] (668) [BG(1)] Long operation: checking: /root/code/ML_Car_prediction.ipynb:pylance-notebook-cell:Y136sdnNjb2RlLXJlbW90ZQ==.py (33374ms)
2023-08-29 08:44:10.999 [info] [Info  - 8:44:10 AM] (668) [BG(1)] Long operation: analyzing: /root/code/ML_Car_prediction.ipynb:pylance-notebook-cell:Y136sdnNjb2RlLXJlbW90ZQ==.py (109184ms)
2023-08-29 08:44:21.088 [info] [Info  - 8:44:21 AM] (668) [BG(1)] Long operation: checking: /root/code/ML_Car_prediction.ipynb:pylance-notebook-cell:Y135sdnNjb2RlLXJlbW90ZQ==.py (10089ms)
2023-08-29 08:44:21.089 [info] [Info  - 8:44:21 AM] (668) [BG(1)] Long operation: analyzing: /root/code/ML_Car_prediction.ipynb:pylance-notebook-cell:Y135sdnNjb2RlLXJlbW90ZQ==.py (10089ms)
2023-08-29 08:44:27.471 [info] [Info  - 8:44:27 AM] (668) [BG(1)] Long operation: parsing: /root/.vscode-server/extensions/ms-python.vscode-pylance-2023.8.40/dist/bundled/stubs/sklearn/utils/__init__.pyi (3516ms)
2023-08-29 08:44:28.240 [info] [Info  - 8:44:28 AM] (668) [BG(1)] Long operation: checking: /root/code/ML_Car_prediction.ipynb:pylance-notebook-cell:Y116sdnNjb2RlLXJlbW90ZQ==.py (4777ms)
2023-08-29 08:44:28.241 [info] [Info  - 8:44:28 AM] (668) [BG(1)] Long operation: analyzing: /root/code/ML_Car_prediction.ipynb:pylance-notebook-cell:Y116sdnNjb2RlLXJlbW90ZQ==.py (4778ms)
2023-08-29 08:44:32.677 [info] [Info  - 8:44:32 AM] (668) [BG(1)] Long operation: checking: /root/code/ML_Car_prediction.ipynb:pylance-notebook-cell:X50sdnNjb2RlLXJlbW90ZQ==.py (3117ms)
2023-08-29 08:44:32.678 [info] [Info  - 8:44:32 AM] (668) [BG(1)] Long operation: analyzing: /root/code/ML_Car_prediction.ipynb:pylance-notebook-cell:X50sdnNjb2RlLXJlbW90ZQ==.py (3117ms)
2023-08-29 08:44:34.725 [info] [Info  - 8:44:34 AM] (668) [BG(1)] Long operation: analyzing: /root/code/ML_Car_prediction.ipynb:pylance-notebook-cell:pylancePrefixCell.py (132911ms)
2023-08-29 08:44:40.030 [info] [Info  - 8:44:40 AM] (668) [BG(1)] Long operation: checking: /root/code/main.py (2957ms)
2023-08-29 08:44:40.038 [info] [Info  - 8:44:40 AM] (668) [BG(1)] Long operation: analyzing: /root/code/main.py (2958ms)
