2023-08-29 13:43:14.260 [info] [Info  - 1:43:11 PM] (910) Pylance language server 2023.8.40 (pyright 03f79a81) starting
2023-08-29 13:43:14.264 [info] [Info  - 1:43:14 PM] (910) Server root directory: /root/.vscode-server/extensions/ms-python.vscode-pylance-2023.8.40/dist
2023-08-29 13:43:14.265 [info] [Info  - 1:43:14 PM] (910) Starting service instance "root"
2023-08-29 13:43:14.523 [info] [Info  - 1:43:14 PM] (910) Setting pythonPath for service "root": "/usr/local/bin/python"
2023-08-29 13:43:14.646 [info] [Warn  - 1:43:14 PM] (910) stubPath /root/typings is not a valid directory.
2023-08-29 13:43:14.822 [info] [Info  - 1:43:14 PM] (910) Assuming Python version 3.11
2023-08-29 13:43:17.996 [info] [Info  - 1:43:17 PM] (910) Found 1 source file
2023-08-29 13:43:30.510 [info] [Info  - 1:43:30 PM] (910) [BG(1)] Long operation: parsing: /root/code/main.py (7628ms)
2023-08-29 13:43:45.507 [info] [Info  - 1:43:45 PM] (910) [BG(1)] Long operation: getSemanticTokens full at /root/code/main.py (22648ms)
2023-08-29 13:43:52.462 [info] [Info  - 1:43:52 PM] (910) [BG(1)] Long operation: checking: /root/code/main.py (6871ms)
2023-08-29 13:43:52.463 [info] [Info  - 1:43:52 PM] (910) [BG(1)] Long operation: analyzing: /root/code/main.py (6871ms)
2023-08-29 13:43:55.367 [info] [Info  - 1:43:55 PM] (910) [BG(1)] Long operation: getSemanticTokens full at /root/code/ML_Car_prediction.ipynb:pylance-notebook-cell:X50sdnNjb2RlLXJlbW90ZQ==.py (2346ms)
2023-08-29 13:43:59.501 [info] [Info  - 1:43:59 PM] (910) [BG(1)] Long operation: parsing: /usr/local/lib/python3.11/site-packages/ppscore/calculation.py (3813ms)
2023-08-29 13:44:02.913 [info] [Info  - 1:44:02 PM] (910) [IDX(2)] Long operation: scan packages /root (40265ms)
2023-08-29 13:44:07.397 [info] [Info  - 1:44:07 PM] (910) [BG(1)] Long operation: getSemanticTokens full at /root/code/ML_Car_prediction.ipynb:pylance-notebook-cell:X50sdnNjb2RlLXJlbW90ZQ==.py (11922ms)
2023-08-29 13:44:12.452 [info] [Info  - 1:44:12 PM] (910) [IDX(2)] Long operation: parsing: /usr/local/lib/python3.11/xml/__init__.py (5273ms)
2023-08-29 13:44:13.156 [info] [Info  - 1:44:13 PM] (910) [IDX(2)] Long operation: indexing: /usr/local/lib/python3.11/xml/__init__.py (5995ms)
2023-08-29 13:44:13.651 [info] [Info  - 1:44:13 PM] (910) [BG(1)] Long operation: parsing: /root/.vscode-server/extensions/ms-python.vscode-pylance-2023.8.40/dist/bundled/stubs/sklearn/utils/__init__.pyi (2148ms)
2023-08-29 13:44:15.041 [info] [Info  - 1:44:15 PM] (910) [BG(1)] Long operation: checking: /root/code/ML_Car_prediction.ipynb:pylance-notebook-cell:Y116sdnNjb2RlLXJlbW90ZQ==.py (4665ms)
2023-08-29 13:44:15.046 [info] [Info  - 1:44:15 PM] (910) [BG(1)] Long operation: analyzing: /root/code/ML_Car_prediction.ipynb:pylance-notebook-cell:Y116sdnNjb2RlLXJlbW90ZQ==.py (4667ms)
2023-08-29 13:44:17.131 [info] [Info  - 1:44:17 PM] (910) [IDX(2)] Long operation: indexing: /usr/local/lib/python3.11/site-packages/numpy/__init__.pyi (2085ms)
2023-08-29 13:44:19.385 [info] [Info  - 1:44:19 PM] (910) [BG(1)] Long operation: checking: /root/code/ML_Car_prediction.ipynb:pylance-notebook-cell:X50sdnNjb2RlLXJlbW90ZQ==.py (3644ms)
2023-08-29 13:44:19.386 [info] [Info  - 1:44:19 PM] (910) [BG(1)] Long operation: analyzing: /root/code/ML_Car_prediction.ipynb:pylance-notebook-cell:X50sdnNjb2RlLXJlbW90ZQ==.py (3644ms)
2023-08-29 13:44:20.195 [info] [Info  - 1:44:20 PM] (910) [IDX(2)] Long operation: indexing: /usr/local/lib/python3.11/site-packages/pyparsing/__init__.py (2455ms)
2023-08-29 13:44:23.793 [info] [Info  - 1:44:23 PM] (910) [BG(1)] Long operation: checking: /root/code/ML_Car_prediction.ipynb:pylance-notebook-cell:X32sdnNjb2RlLXJlbW90ZQ==.py (3306ms)
2023-08-29 13:44:23.794 [info] [Info  - 1:44:23 PM] (910) [BG(1)] Long operation: analyzing: /root/code/ML_Car_prediction.ipynb:pylance-notebook-cell:X32sdnNjb2RlLXJlbW90ZQ==.py (3306ms)
2023-08-29 13:44:24.648 [info] [Info  - 1:44:24 PM] (910) [BG(1)] Long operation: analyzing: /root/code/ML_Car_prediction.ipynb:pylance-notebook-cell:pylancePrefixCell.py (16685ms)
2023-08-29 13:44:29.517 [info] [Info  - 1:44:29 PM] (910) [IDX(2)] Long operation: parsing: /usr/local/lib/python3.11/site-packages/scipy/linalg/_procrustes.py (2070ms)
2023-08-29 13:44:32.823 [info] [Info  - 1:44:32 PM] (910) [IDX(2)] Long operation: binding: /usr/local/lib/python3.11/site-packages/scipy/linalg/__init__.py (6299ms)
2023-08-29 13:44:32.845 [info] [Info  - 1:44:32 PM] (910) [IDX(2)] Long operation: indexing: /usr/local/lib/python3.11/site-packages/scipy/linalg/__init__.py (6375ms)
2023-08-29 13:44:40.395 [info] [Info  - 1:44:40 PM] (910) [IDX(2)] Long operation: indexing: /usr/local/lib/python3.11/site-packages/scipy/stats/__init__.py (2053ms)
2023-08-29 13:44:45.377 [info] [Info  - 1:44:45 PM] (910) [IDX(2)] Long operation: binding: /usr/local/lib/python3.11/site-packages/zmq/sugar/__init__.pyi (2519ms)
2023-08-29 13:44:45.378 [info] [Info  - 1:44:45 PM] (910) [IDX(2)] Long operation: binding: /usr/local/lib/python3.11/site-packages/zmq/__init__.pyi (3295ms)
2023-08-29 13:44:45.820 [info] [Info  - 1:44:45 PM] (910) [IDX(2)] Long operation: indexing: /usr/local/lib/python3.11/site-packages/zmq/__init__.pyi (3990ms)
2023-08-29 13:44:45.838 [info] [Info  - 1:44:45 PM] (910) [IDX(2)] Long operation: index execution environment /root (38895ms)
2023-08-29 13:44:45.840 [info] [Info  - 1:44:45 PM] (910) [IDX(2)] Long operation: index packages /root (40075ms)
2023-08-29 13:46:12.962 [info] [Info  - 1:46:12 PM] (910) [FG] Long operation: parsing: /usr/local/lib/python3.11/site-packages/seaborn/__init__.py (2357ms)
2023-08-29 13:46:15.761 [info] [Info  - 1:46:15 PM] (910) [FG] Long operation: parsing: /usr/local/lib/python3.11/site-packages/seaborn/palettes.py (2478ms)
2023-08-29 13:46:16.989 [info] [Info  - 1:46:16 PM] (910) [FG] Long operation: binding: /usr/local/lib/python3.11/site-packages/seaborn/__init__.py (4970ms)
2023-08-29 14:14:55.751 [info] [Info  - 2:14:53 PM] (910) [BG(1)] Long operation: parsing: /root/code/main.py (3619ms)
2023-08-29 14:15:04.023 [info] [Info  - 2:15:04 PM] (910) [BG(1)] Long operation: checking: /root/code/main.py (9719ms)
2023-08-29 14:15:04.024 [info] [Info  - 2:15:04 PM] (910) [BG(1)] Long operation: analyzing: /root/code/main.py (13776ms)
2023-08-29 14:15:09.895 [info] [Info  - 2:15:09 PM] (910) [BG(1)] Long operation: checking: /root/code/ML_Car_prediction.ipynb:pylance-notebook-cell:Y133sdnNjb2RlLXJlbW90ZQ==.py (2113ms)
2023-08-29 14:15:09.896 [info] [Info  - 2:15:09 PM] (910) [BG(1)] Long operation: analyzing: /root/code/ML_Car_prediction.ipynb:pylance-notebook-cell:Y133sdnNjb2RlLXJlbW90ZQ==.py (2113ms)
2023-08-29 14:15:13.115 [info] [Info  - 2:15:13 PM] (910) [BG(1)] Long operation: checking: /root/code/ML_Car_prediction.ipynb:pylance-notebook-cell:Y116sdnNjb2RlLXJlbW90ZQ==.py (2387ms)
2023-08-29 14:15:13.116 [info] [Info  - 2:15:13 PM] (910) [BG(1)] Long operation: analyzing: /root/code/ML_Car_prediction.ipynb:pylance-notebook-cell:Y116sdnNjb2RlLXJlbW90ZQ==.py (2387ms)
2023-08-29 14:15:17.469 [info] [Info  - 2:15:17 PM] (910) [BG(1)] Long operation: checking: /root/code/ML_Car_prediction.ipynb:pylance-notebook-cell:X50sdnNjb2RlLXJlbW90ZQ==.py (3540ms)
2023-08-29 14:15:17.471 [info] [Info  - 2:15:17 PM] (910) [BG(1)] Long operation: analyzing: /root/code/ML_Car_prediction.ipynb:pylance-notebook-cell:X50sdnNjb2RlLXJlbW90ZQ==.py (3540ms)
2023-08-29 14:15:18.926 [info] [Info  - 2:15:18 PM] (910) [BG(1)] Long operation: analyzing: /root/code/ML_Car_prediction.ipynb:pylance-notebook-cell:pylancePrefixCell.py (13337ms)
2023-08-29 14:15:23.077 [info] [Info  - 2:15:23 PM] (910) [IDX(3)] Long operation: scan packages /root (21672ms)
2023-08-29 14:15:26.521 [info] [Info  - 2:15:26 PM] (910) [IDX(3)] Long operation: indexing: /usr/local/lib/python3.11/xml/__init__.py (2127ms)
2023-08-29 14:15:31.096 [info] [Info  - 2:15:31 PM] (910) [IDX(3)] Long operation: indexing: /usr/local/lib/python3.11/site-packages/pyparsing/__init__.py (2764ms)
2023-08-29 14:15:34.773 [info] [Info  - 2:15:34 PM] (910) [IDX(3)] Long operation: binding: /usr/local/lib/python3.11/site-packages/scipy/integrate/__init__.py (2097ms)
2023-08-29 14:15:34.774 [info] [Info  - 2:15:34 PM] (910) [IDX(3)] Long operation: indexing: /usr/local/lib/python3.11/site-packages/scipy/integrate/__init__.py (2133ms)
2023-08-29 14:15:37.009 [info] [Info  - 2:15:37 PM] (910) [IDX(3)] Long operation: binding: /usr/local/lib/python3.11/site-packages/scipy/interpolate/__init__.py (2187ms)
2023-08-29 14:15:37.010 [info] [Info  - 2:15:37 PM] (910) [IDX(3)] Long operation: indexing: /usr/local/lib/python3.11/site-packages/scipy/interpolate/__init__.py (2236ms)
2023-08-29 14:15:47.017 [info] [Info  - 2:15:47 PM] (910) [IDX(3)] Long operation: binding: /usr/local/lib/python3.11/site-packages/scipy/stats/__init__.py (4018ms)
2023-08-29 14:15:47.023 [info] [Info  - 2:15:47 PM] (910) [IDX(3)] Long operation: indexing: /usr/local/lib/python3.11/site-packages/scipy/stats/__init__.py (4321ms)
2023-08-29 14:15:48.201 [info] [Info  - 2:15:48 PM] (910) [IDX(3)] Long operation: index execution environment /root (23859ms)
2023-08-29 14:15:48.206 [info] [Info  - 2:15:48 PM] (910) [IDX(3)] Long operation: index packages /root (24108ms)
2023-08-29 14:23:37.447 [info] [Error - 2:23:37 PM] Stopping server timed out
