Visual Studio Code (1.81.1, attached-container, desktop)
Jupyter Extension Version: 2023.7.1002162226.
Python Extension Version: 2023.14.0.
Platform: linux (x64).
Workspace folder /root, Home = /root
14:24:26.699 [info] User belongs to experiment group 'FastKernelPicker'
14:24:26.699 [info] User belongs to experiment group 'NewRemoteUriStorage'
14:24:26.700 [info] User belongs to experiment group 'PasswordManager'
14:24:26.700 [info] User belongs to experiment group 'NewJupyterSession'
14:24:37.911 [info] Start refreshing Kernel Picker (1693319077911)
14:24:37.919 [info] Using Pylance
14:24:46.545 [info] Starting Kernel startUsingPythonInterpreter, .jvsc74a57bd0949777d72b0d2535278d3dc13498b2535136f6dfe0678499012e853ee9abcab1./usr/local/python./usr/local/python.-m#ipykernel_launcher  (Python Path: /usr/local/bin/python, Unknown, 3.11.4) for '~/code/Car_prediction.ipynb' (disableUI=true)
14:24:46.555 [info] Starting Kernel startUsingPythonInterpreter, .jvsc74a57bd0949777d72b0d2535278d3dc13498b2535136f6dfe0678499012e853ee9abcab1./usr/local/python./usr/local/python.-m#ipykernel_launcher  (Python Path: /usr/local/bin/python, Unknown, 3.11.4) for '~/code/ML_Car_prediction.ipynb' (disableUI=true)
14:24:50.188 [info] End refreshing Kernel Picker (1693319077911)
14:24:50.307 [warn] Failed to get activated env vars for /usr/local/bin/python in 5653ms
14:24:50.326 [warn] Failed to get activated env vars for /usr/local/bin/python in 3489ms
14:24:50.345 [warn] Failed to get activated env vars for /usr/local/bin/python in 3687ms
14:24:50.823 [info] Process Execution: /usr/local/bin/python -c "import site;print("USER_BASE_VALUE");print(site.USER_BASE);print("USER_BASE_VALUE");"
14:24:53.597 [info] Process Execution: /usr/local/bin/python -m pip list
14:24:53.705 [info] Process Execution: /usr/local/bin/python -c "import ipykernel; print(ipykernel.__version__); print("5dc3a68c-e34e-4080-9c3e-2a532b2ccb4d"); print(ipykernel.__file__)"
14:24:54.234 [info] Process Execution: /usr/local/bin/python -c "import ipykernel; print(ipykernel.__version__); print("5dc3a68c-e34e-4080-9c3e-2a532b2ccb4d"); print(ipykernel.__file__)"
14:24:54.806 [info] Process Execution: /usr/local/bin/python -m ipykernel_launcher --ip=127.0.0.1 --stdin=9011 --control=9009 --hb=9008 --Session.signature_scheme="hmac-sha256" --Session.key=b"82c12325-e112-4df6-b5f3-bc513e7383a1" --shell=9010 --transport="tcp" --iopub=9012 --f=~/.local/share/jupyter/runtime/kernel-v2-203556PnMEfPnoZOL.json
    > cwd: ~/code
14:24:55.644 [info] Process Execution: /usr/local/bin/python -m ipykernel_launcher --ip=127.0.0.1 --stdin=9003 --control=9001 --hb=9000 --Session.signature_scheme="hmac-sha256" --Session.key=b"56fd8a80-f34b-4ca3-b914-272c8e44352f" --shell=9002 --transport="tcp" --iopub=9004 --f=~/.local/share/jupyter/runtime/kernel-v2-20355NXEYFP6EscnT.json
    > cwd: ~/code
14:25:11.989 [info] ipykernel version & path 6.25.1, /usr/local/lib/python3.11/site-packages/ipykernel/__init__.py for /usr/local/bin/python
14:25:11.990 [info] ipykernel version & path 6.25.1, /usr/local/lib/python3.11/site-packages/ipykernel/__init__.py for /usr/local/bin/python
14:25:21.752 [warn] StdErr from Kernel Process 0.00s - Debugger warning: It seems that frozen modules are being used, which may
0.00s - make the debugger miss breakpoints. Please pass -Xfrozen_modules=off
0.00s - to python to disable frozen modules.
0.00s - Note: Debugging will proceed. Set PYDEVD_DISABLE_FILE_VALIDATION=1 to disable this validation.
14:25:21.753 [warn] StdErr from Kernel Process 0.00s - Debugger warning: It seems that frozen modules are being used, which may
0.00s - make the debugger miss breakpoints. Please pass -Xfrozen_modules=off
0.00s - to python to disable frozen modules.
0.00s - Note: Debugging will proceed. Set PYDEVD_DISABLE_FILE_VALIDATION=1 to disable this validation.
14:25:23.773 [warn] StdErr from Kernel Process /usr/local/lib/python3.11/site-packages/traitlets/traitlets.py:2548: FutureWarning: Supporting extra quotes around strings is deprecated in traitlets 5.0. You can use 'hmac-sha256' instead of '"hmac-sha256"' if you require traitlets >=5.
  warn(
14:25:23.774 [warn] StdErr from Kernel Process /usr/local/lib/python3.11/site-packages/traitlets/traitlets.py:2499: FutureWarning: Supporting extra quotes around Bytes is deprecated in traitlets 5.0. Use '82c12325-e112-4df6-b5f3-bc513e7383a1' instead of 'b"82c12325-e112-4df6-b5f3-bc513e7383a1"'.
  warn(
14:25:23.948 [warn] StdErr from Kernel Process /usr/local/lib/python3.11/site-packages/traitlets/traitlets.py:2548: FutureWarning: Supporting extra quotes around strings is deprecated in traitlets 5.0. You can use 'hmac-sha256' instead of '"hmac-sha256"' if you require traitlets >=5.
  warn(
14:25:23.951 [warn] StdErr from Kernel Process /usr/local/lib/python3.11/site-packages/traitlets/traitlets.py:2499: FutureWarning: Supporting extra quotes around Bytes is deprecated in traitlets 5.0. Use '56fd8a80-f34b-4ca3-b914-272c8e44352f' instead of 'b"56fd8a80-f34b-4ca3-b914-272c8e44352f"'.
  warn(
14:25:27.054 [info] Started Kernel Python 3.11.4 (pid: 20966)
14:25:27.054 [info] Started new session f19d6098-c1a0-4b71-bfe3-1eb22f5bc212
14:25:27.115 [info] Started Kernel Python 3.11.4 (pid: 20972)
14:25:27.115 [info] Started new session b26ef952-9018-4ead-bba7-c9a2b53eb261
14:25:27.460 [info] Process Execution: /usr/local/bin/python ~/.vscode-server/extensions/ms-toolsai.jupyter-2023.7.1002162226-linux-x64/pythonFiles/printJupyterDataDir.py
14:26:20.195 [info] Handle Execution of Cells 0,1,2,3,4,5,6,7,8,9,10,11,13,14,15,16,17,19,20,21,22,23,24,26,27,29,30,31,33,34,35,37,39,40,42,43,44,45,46,47,49,50,51,52,54,55,56,57,58,59,61,62,64,65,66,68,70,71,73,74,75,76 for ~/code/ML_Car_prediction.ipynb
14:26:21.576 [info] Kernel acknowledged execution of cell 0 @ 1693319181085
14:26:47.510 [info] End cell 0 execution @ 1693319207505, started @ 1693319181085, elapsed time = 26.42s
14:26:47.524 [info] Kernel acknowledged execution of cell 1 @ 1693319207517
14:26:47.731 [info] End cell 1 execution @ 1693319207726, started @ 1693319207517, elapsed time = 0.209s
14:26:47.745 [info] Kernel acknowledged execution of cell 2 @ 1693319207736
14:26:47.752 [info] End cell 2 execution @ 1693319207748, started @ 1693319207736, elapsed time = 0.012s
14:26:47.760 [info] Kernel acknowledged execution of cell 3 @ 1693319207756
14:26:48.497 [info] End cell 3 execution @ 1693319208470, started @ 1693319207756, elapsed time = 0.714s
14:26:48.556 [info] Kernel acknowledged execution of cell 4 @ 1693319208534
14:26:48.592 [info] End cell 4 execution @ 1693319208559, started @ 1693319208534, elapsed time = 0.025s
14:26:48.612 [info] Kernel acknowledged execution of cell 5 @ 1693319208602
14:26:48.676 [info] End cell 5 execution @ 1693319208665, started @ 1693319208602, elapsed time = 0.063s
14:26:48.716 [info] Kernel acknowledged execution of cell 6 @ 1693319208696
14:26:48.814 [info] End cell 6 execution @ 1693319208792, started @ 1693319208696, elapsed time = 0.096s
14:26:48.845 [info] Kernel acknowledged execution of cell 7 @ 1693319208824
14:26:49.419 [info] End cell 7 execution @ 1693319209402, started @ 1693319208824, elapsed time = 0.578s
14:26:49.469 [info] Kernel acknowledged execution of cell 8 @ 1693319209443
14:26:49.558 [info] End cell 8 execution @ 1693319209544, started @ 1693319209443, elapsed time = 0.101s
14:26:49.590 [info] Kernel acknowledged execution of cell 9 @ 1693319209571
14:26:49.656 [info] End cell 9 execution @ 1693319209650, started @ 1693319209571, elapsed time = 0.079s
14:26:49.686 [info] Kernel acknowledged execution of cell 10 @ 1693319209661
14:26:49.750 [info] End cell 10 execution @ 1693319209743, started @ 1693319209661, elapsed time = 0.082s
14:26:49.774 [info] Kernel acknowledged execution of cell 11 @ 1693319209759
14:26:49.804 [info] End cell 11 execution @ 1693319209785, started @ 1693319209759, elapsed time = 0.026s
14:26:49.834 [info] Kernel acknowledged execution of cell 13 @ 1693319209809
14:26:49.891 [info] End cell 13 execution @ 1693319209885, started @ 1693319209809, elapsed time = 0.076s
14:26:49.898 [info] Kernel acknowledged execution of cell 14 @ 1693319209894
14:26:49.920 [info] End cell 14 execution @ 1693319209917, started @ 1693319209894, elapsed time = 0.023s
14:26:49.926 [info] Kernel acknowledged execution of cell 15 @ 1693319209922
14:26:49.962 [info] End cell 15 execution @ 1693319209959, started @ 1693319209922, elapsed time = 0.037s
14:26:49.970 [info] Kernel acknowledged execution of cell 16 @ 1693319209964
14:26:50.006 [info] End cell 16 execution @ 1693319210003, started @ 1693319209964, elapsed time = 0.039s
14:26:50.015 [info] Kernel acknowledged execution of cell 17 @ 1693319210009
14:26:50.021 [info] End cell 17 execution @ 1693319210016, started @ 1693319210009, elapsed time = 0.007s
14:26:50.027 [info] Kernel acknowledged execution of cell 19 @ 1693319210024
14:26:52.581 [info] End cell 19 execution @ 1693319212575, started @ 1693319210024, elapsed time = 2.551s
14:26:52.616 [info] Kernel acknowledged execution of cell 20 @ 1693319212586
14:26:53.337 [info] End cell 20 execution @ 1693319213334, started @ 1693319212586, elapsed time = 0.748s
14:26:53.363 [info] Kernel acknowledged execution of cell 21 @ 1693319213343
14:26:54.372 [info] End cell 21 execution @ 1693319214367, started @ 1693319213343, elapsed time = 1.024s
14:26:54.390 [info] Kernel acknowledged execution of cell 22 @ 1693319214376
14:26:54.936 [info] End cell 22 execution @ 1693319214929, started @ 1693319214376, elapsed time = 0.553s
14:26:54.954 [info] Kernel acknowledged execution of cell 23 @ 1693319214945
14:26:55.973 [info] End cell 23 execution @ 1693319215969, started @ 1693319214945, elapsed time = 1.024s
14:26:55.986 [info] Kernel acknowledged execution of cell 24 @ 1693319215976
14:26:57.705 [info] End cell 24 execution @ 1693319217702, started @ 1693319215976, elapsed time = 1.726s
14:26:57.711 [info] Kernel acknowledged execution of cell 26 @ 1693319217708
14:26:58.040 [info] End cell 26 execution @ 1693319218038, started @ 1693319217708, elapsed time = 0.33s
14:26:58.056 [info] Kernel acknowledged execution of cell 27 @ 1693319218043
14:26:58.854 [info] End cell 27 execution @ 1693319218850, started @ 1693319218043, elapsed time = 0.807s
14:26:58.865 [info] Kernel acknowledged execution of cell 29 @ 1693319218856
14:26:59.104 [info] End cell 29 execution @ 1693319219098, started @ 1693319218856, elapsed time = 0.242s
14:26:59.121 [info] Kernel acknowledged execution of cell 30 @ 1693319219108
14:27:00.075 [info] End cell 30 execution @ 1693319220071, started @ 1693319219108, elapsed time = 0.963s
14:27:00.089 [info] Kernel acknowledged execution of cell 31 @ 1693319220078
14:27:02.869 [info] End cell 31 execution @ 1693319222866, started @ 1693319220078, elapsed time = 2.788s
14:27:02.878 [info] Kernel acknowledged execution of cell 33 @ 1693319222872
14:27:02.913 [info] End cell 33 execution @ 1693319222908, started @ 1693319222872, elapsed time = 0.036s
14:27:02.925 [info] Kernel acknowledged execution of cell 34 @ 1693319222917
14:27:03.679 [info] End cell 34 execution @ 1693319223675, started @ 1693319222917, elapsed time = 0.758s
14:27:03.695 [info] Kernel acknowledged execution of cell 35 @ 1693319223684
14:27:06.554 [info] End cell 35 execution @ 1693319226551, started @ 1693319223684, elapsed time = 2.867s
14:27:06.568 [info] Kernel acknowledged execution of cell 37 @ 1693319226557
14:27:06.586 [info] End cell 37 execution @ 1693319226571, started @ 1693319226557, elapsed time = 0.014s
14:27:06.603 [info] Kernel acknowledged execution of cell 39 @ 1693319226591
14:27:06.619 [info] End cell 39 execution @ 1693319226604, started @ 1693319226591, elapsed time = 0.013s
14:27:06.644 [info] Kernel acknowledged execution of cell 40 @ 1693319226624
14:27:06.659 [info] End cell 40 execution @ 1693319226648, started @ 1693319226624, elapsed time = 0.024s
14:27:06.679 [info] Kernel acknowledged execution of cell 42 @ 1693319226664
14:27:06.693 [info] End cell 42 execution @ 1693319226686, started @ 1693319226664, elapsed time = 0.022s
14:27:06.712 [info] Kernel acknowledged execution of cell 43 @ 1693319226700
14:27:06.725 [info] End cell 43 execution @ 1693319226718, started @ 1693319226700, elapsed time = 0.018s
14:27:06.743 [info] Kernel acknowledged execution of cell 44 @ 1693319226733
14:27:06.758 [info] End cell 44 execution @ 1693319226747, started @ 1693319226733, elapsed time = 0.014s
14:27:06.774 [info] Kernel acknowledged execution of cell 45 @ 1693319226764
14:27:06.783 [info] End cell 45 execution @ 1693319226778, started @ 1693319226764, elapsed time = 0.014s
14:27:06.809 [info] Kernel acknowledged execution of cell 46 @ 1693319226788
14:27:07.514 [info] End cell 46 execution @ 1693319227510, started @ 1693319226788, elapsed time = 0.722s
14:27:07.523 [info] Kernel acknowledged execution of cell 47 @ 1693319227516
14:27:07.911 [info] End cell 47 execution @ 1693319227907, started @ 1693319227516, elapsed time = 0.391s
14:27:07.926 [info] Kernel acknowledged execution of cell 49 @ 1693319227914
14:27:07.933 [info] End cell 49 execution @ 1693319227925, started @ 1693319227914, elapsed time = 0.011s
14:27:07.949 [info] Kernel acknowledged execution of cell 50 @ 1693319227939
14:27:07.962 [info] End cell 50 execution @ 1693319227954, started @ 1693319227939, elapsed time = 0.015s
14:27:07.974 [info] Kernel acknowledged execution of cell 51 @ 1693319227969
14:27:07.991 [info] End cell 51 execution @ 1693319227986, started @ 1693319227969, elapsed time = 0.017s
14:27:08.004 [info] Kernel acknowledged execution of cell 52 @ 1693319227996
14:27:08.019 [info] End cell 52 execution @ 1693319228011, started @ 1693319227996, elapsed time = 0.015s
14:27:08.030 [info] Kernel acknowledged execution of cell 54 @ 1693319228023
14:27:08.388 [info] End cell 54 execution @ 1693319228383, started @ 1693319228023, elapsed time = 0.36s
14:27:08.480 [info] Kernel acknowledged execution of cell 55 @ 1693319228442
14:27:08.491 [info] End cell 55 execution @ 1693319228485, started @ 1693319228442, elapsed time = 0.043s
14:27:08.508 [info] Kernel acknowledged execution of cell 56 @ 1693319228495
14:27:08.842 [info] End cell 56 execution @ 1693319228839, started @ 1693319228495, elapsed time = 0.344s
14:27:08.861 [info] Kernel acknowledged execution of cell 57 @ 1693319228846
14:27:08.872 [info] End cell 57 execution @ 1693319228864, started @ 1693319228846, elapsed time = 0.018s
14:27:08.885 [info] Kernel acknowledged execution of cell 58 @ 1693319228876
14:27:09.166 [info] End cell 58 execution @ 1693319229158, started @ 1693319228876, elapsed time = 0.282s
14:27:09.177 [info] Kernel acknowledged execution of cell 59 @ 1693319229169
14:27:09.185 [info] End cell 59 execution @ 1693319229179, started @ 1693319229169, elapsed time = 0.01s
14:27:09.240 [info] Kernel acknowledged execution of cell 61 @ 1693319229226
14:27:09.562 [info] End cell 61 execution @ 1693319229557, started @ 1693319229226, elapsed time = 0.331s
14:27:09.578 [info] Kernel acknowledged execution of cell 62 @ 1693319229566
14:28:45.312 [info] End cell 62 execution @ 1693319325310, started @ 1693319229566, elapsed time = 95.744s
14:28:45.320 [info] Kernel acknowledged execution of cell 64 @ 1693319325315
14:40:04.460 [info] End cell 64 execution @ 1693320004033, started @ 1693319325315, elapsed time = 678.718s
14:40:04.615 [info] Kernel acknowledged execution of cell 65 @ 1693320004608
14:40:04.876 [info] End cell 65 execution @ 1693320004868, started @ 1693320004608, elapsed time = 0.26s
14:40:04.910 [info] Kernel acknowledged execution of cell 66 @ 1693320004899
14:40:04.948 [info] End cell 66 execution @ 1693320004937, started @ 1693320004899, elapsed time = 0.038s
14:40:04.988 [info] Kernel acknowledged execution of cell 68 @ 1693320004957
14:40:05.137 [info] End cell 68 execution @ 1693320005093, started @ 1693320004957, elapsed time = 0.136s
14:40:05.157 [info] Kernel acknowledged execution of cell 70 @ 1693320005142
14:40:05.230 [info] End cell 70 execution @ 1693320005190, started @ 1693320005142, elapsed time = 0.048s
14:40:05.258 [info] Kernel acknowledged execution of cell 71 @ 1693320005242
14:40:06.427 [info] End cell 71 execution @ 1693320006422, started @ 1693320005242, elapsed time = 1.18s
14:40:06.453 [info] Kernel acknowledged execution of cell 73 @ 1693320006435
14:40:07.261 [info] End cell 73 execution @ 1693320007252, started @ 1693320006435, elapsed time = 0.817s
14:40:07.277 [info] Kernel acknowledged execution of cell 74 @ 1693320007267
14:40:08.150 [info] End cell 74 execution @ 1693320008147, started @ 1693320007267, elapsed time = 0.88s
14:40:08.175 [info] Kernel acknowledged execution of cell 75 @ 1693320008154
14:40:08.288 [info] End cell 75 execution @ 1693320008267, started @ 1693320008154, elapsed time = 0.113s
14:40:08.317 [info] Kernel acknowledged execution of cell 76 @ 1693320008292
14:40:08.327 [info] End cell 76 execution @ 1693320008318, started @ 1693320008292, elapsed time = 0.026s
14:40:41.179 [info] Handle Execution of Cells 65 for ~/code/ML_Car_prediction.ipynb
14:40:46.838 [info] Interrupt kernel execution
14:40:48.627 [info] End cell 65 execution @ undefined, started @ undefined, elapsed time = 0s
14:40:50.983 [info] Interrupt requested ~/code/ML_Car_prediction.ipynb
14:40:51.099 [warn] Cancel all remaining cells due to cancellation or failure in execution
14:40:51.106 [info] Interrupt kernel execution
14:40:51.153 [info] Interrupting kernel: pythonjvsc74a57bd0949777d72b0d2535278d3dc13498b2535136f6dfe0678499012e853ee9abcab1
14:40:51.174 [info] Interrupting kernel via SIGINT
14:40:51.205 [info] Interrupt requested & sent for ~/code/ML_Car_prediction.ipynb in notebookEditor.
14:40:51.811 [info] Kernel acknowledged execution of cell 65 @ 1693320043439
14:40:51.815 [info] End cell 65 execution @ undefined, started @ undefined, elapsed time = 0s
14:40:51.820 [warn] Unhandled message found: execute_reply
14:40:51.820 [warn] Unhandled message found: execute_reply
14:40:56.743 [info] Handle Execution of Cells 65 for ~/code/ML_Car_prediction.ipynb
14:40:56.762 [info] Kernel acknowledged execution of cell 65 @ 1693320056751
14:40:56.773 [info] End cell 65 execution @ 1693320056764, started @ 1693320056751, elapsed time = 0.013s
14:41:00.438 [info] Handle Execution of Cells 66 for ~/code/ML_Car_prediction.ipynb
14:41:00.474 [info] Kernel acknowledged execution of cell 66 @ 1693320060469
14:41:00.535 [info] End cell 66 execution @ 1693320060477, started @ 1693320060469, elapsed time = 0.008s
14:41:06.126 [info] Handle Execution of Cells 68 for ~/code/ML_Car_prediction.ipynb
14:41:06.158 [info] Kernel acknowledged execution of cell 68 @ 1693320066136
14:41:06.192 [info] End cell 68 execution @ 1693320066189, started @ 1693320066136, elapsed time = 0.053s
14:41:11.501 [info] Handle Execution of Cells 70 for ~/code/ML_Car_prediction.ipynb
14:41:11.514 [info] Kernel acknowledged execution of cell 70 @ 1693320071508
14:41:11.537 [info] End cell 70 execution @ 1693320071529, started @ 1693320071508, elapsed time = 0.021s
14:41:12.644 [info] Handle Execution of Cells 71 for ~/code/ML_Car_prediction.ipynb
14:41:12.666 [info] Kernel acknowledged execution of cell 71 @ 1693320072661
14:41:13.373 [info] End cell 71 execution @ 1693320073208, started @ 1693320072661, elapsed time = 0.547s
14:41:19.455 [info] Handle Execution of Cells 73 for ~/code/ML_Car_prediction.ipynb
14:41:19.469 [info] Kernel acknowledged execution of cell 73 @ 1693320079460
14:41:19.587 [info] End cell 73 execution @ 1693320079583, started @ 1693320079460, elapsed time = 0.123s
14:41:21.391 [info] Handle Execution of Cells 74 for ~/code/ML_Car_prediction.ipynb
14:41:21.410 [info] Kernel acknowledged execution of cell 74 @ 1693320081398
14:41:21.493 [info] End cell 74 execution @ 1693320081482, started @ 1693320081398, elapsed time = 0.084s
14:41:27.978 [info] Handle Execution of Cells 75 for ~/code/ML_Car_prediction.ipynb
14:41:28.020 [info] Kernel acknowledged execution of cell 75 @ 1693320087992
14:41:28.028 [info] End cell 75 execution @ 1693320088023, started @ 1693320087992, elapsed time = 0.031s
14:41:32.043 [info] Handle Execution of Cells 76 for ~/code/ML_Car_prediction.ipynb
14:41:32.063 [info] Kernel acknowledged execution of cell 76 @ 1693320092055
14:41:32.087 [info] End cell 76 execution @ 1693320092080, started @ 1693320092055, elapsed time = 0.025s
14:46:13.243 [info] Start refreshing Interpreter Kernel Picker
14:46:13.766 [info] Start refreshing Kernel Picker (1693320373766)
14:46:51.307 [info] Dispose Kernel '~/code/Car_prediction.ipynb' associated with '~/code/Car_prediction.ipynb'
14:46:52.360 [info] Dispose Kernel process 20972.
14:47:42.350 [info] End refreshing Kernel Picker (1693320373766)
15:16:07.606 [info] Ending debug session d61020e2-bed7-42dd-8729-689fb596bc8d
15:16:07.606 [info] Ending debug session d61020e2-bed7-42dd-8729-689fb596bc8d
