2023-08-29 14:25:21.563 [info] [Info  - 2:25:12 PM] (20926) Pylance language server 2023.8.40 (pyright 03f79a81) starting
2023-08-29 14:25:21.574 [info] [Info  - 2:25:21 PM] (20926) Server root directory: /root/.vscode-server/extensions/ms-python.vscode-pylance-2023.8.40/dist
2023-08-29 14:25:21.584 [info] [Info  - 2:25:21 PM] (20926) Starting service instance "root"
2023-08-29 14:25:22.408 [info] [Info  - 2:25:22 PM] (20926) Setting pythonPath for service "root": "/usr/local/bin/python"
2023-08-29 14:25:22.421 [info] [Warn  - 2:25:22 PM] (20926) stubPath /root/typings is not a valid directory.
2023-08-29 14:25:26.992 [info] [Info  - 2:25:26 PM] (20926) Assuming Python version 3.11
2023-08-29 14:25:31.738 [info] [Info  - 2:25:31 PM] (20926) Found 1 source file
2023-08-29 14:25:41.206 [info] [Info  - 2:25:41 PM] (20926) [BG(1)] Long operation: parsing: /root/code/main.py (6564ms)
2023-08-29 14:25:41.721 [info] [Info  - 2:25:41 PM] (20926) [BG(1)] Long operation: indexing: /root/code/main.py (7090ms)
2023-08-29 14:25:50.041 [info] [Info  - 2:25:50 PM] (20926) [BG(1)] Long operation: parsing: /usr/local/lib/python3.11/site-packages/numpy/__init__.pyi (2041ms)
2023-08-29 14:25:53.305 [info] [Info  - 2:25:53 PM] (20926) [BG(1)] Long operation: getSemanticTokens full at /root/code/ML_Car_prediction.ipynb:pylance-notebook-cell:W1sdnNjb2RlLXJlbW90ZQ==.py (11551ms)
2023-08-29 14:25:56.676 [info] [Info  - 2:25:56 PM] (20926) [BG(1)] Long operation: binding: /usr/local/lib/python3.11/site-packages/seaborn/__init__.py (2959ms)
2023-08-29 14:25:57.431 [info] [Info  - 2:25:57 PM] (20926) [BG(1)] Long operation: getSemanticTokens full at /root/code/ML_Car_prediction.ipynb:pylance-notebook-cell:W0sdnNjb2RlLXJlbW90ZQ==.py (4123ms)
2023-08-29 14:26:03.965 [info] [Info  - 2:26:03 PM] (20926) [BG(1)] Long operation: checking: /root/code/ML_Car_prediction.ipynb:pylance-notebook-cell:Y133sdnNjb2RlLXJlbW90ZQ==.py (3303ms)
2023-08-29 14:26:03.967 [info] [Info  - 2:26:03 PM] (20926) [BG(1)] Long operation: analyzing: /root/code/ML_Car_prediction.ipynb:pylance-notebook-cell:Y133sdnNjb2RlLXJlbW90ZQ==.py (3303ms)
2023-08-29 14:26:05.488 [info] [Info  - 2:26:05 PM] (20926) [IDX(2)] Long operation: scan packages /root (26406ms)
2023-08-29 14:26:09.415 [info] [Info  - 2:26:09 PM] (20926) [BG(1)] Long operation: binding: /usr/local/lib/python3.11/site-packages/scipy/sparse/__init__.py (2514ms)
2023-08-29 14:26:09.451 [info] [Info  - 2:26:09 PM] (20926) [BG(1)] Long operation: checking: /root/code/ML_Car_prediction.ipynb:pylance-notebook-cell:Y125sdnNjb2RlLXJlbW90ZQ==.py (3204ms)
2023-08-29 14:26:09.464 [info] [Info  - 2:26:09 PM] (20926) [BG(1)] Long operation: analyzing: /root/code/ML_Car_prediction.ipynb:pylance-notebook-cell:Y125sdnNjb2RlLXJlbW90ZQ==.py (3204ms)
2023-08-29 14:26:10.634 [info] [Info  - 2:26:10 PM] (20926) [BG(1)] Long operation: checking: /root/code/ML_Car_prediction.ipynb:pylance-notebook-cell:Y116sdnNjb2RlLXJlbW90ZQ==.py (3215ms)
2023-08-29 14:26:10.636 [info] [Info  - 2:26:10 PM] (20926) [BG(1)] Long operation: analyzing: /root/code/ML_Car_prediction.ipynb:pylance-notebook-cell:Y116sdnNjb2RlLXJlbW90ZQ==.py (3215ms)
2023-08-29 14:26:14.878 [info] [Info  - 2:26:14 PM] (20926) [IDX(2)] Long operation: parsing: /usr/local/lib/python3.11/xml/__init__.py (3238ms)
2023-08-29 14:26:14.925 [info] [Info  - 2:26:14 PM] (20926) [IDX(2)] Long operation: indexing: /usr/local/lib/python3.11/xml/__init__.py (4954ms)
2023-08-29 14:26:21.685 [info] [Info  - 2:26:21 PM] (20926) [BG(1)] Long operation: checking: /root/code/ML_Car_prediction.ipynb:pylance-notebook-cell:X50sdnNjb2RlLXJlbW90ZQ==.py (8721ms)
2023-08-29 14:26:21.687 [info] [Info  - 2:26:21 PM] (20926) [BG(1)] Long operation: analyzing: /root/code/ML_Car_prediction.ipynb:pylance-notebook-cell:X50sdnNjb2RlLXJlbW90ZQ==.py (8721ms)
2023-08-29 14:26:21.688 [info] [Info  - 2:26:21 PM] (20926) [IDX(2)] Long operation: indexing: /usr/local/lib/python3.11/site-packages/numpy/__init__.pyi (2563ms)
2023-08-29 14:26:24.630 [info] [Info  - 2:26:24 PM] (20926) [BG(1)] Long operation: checking: /root/code/ML_Car_prediction.ipynb:pylance-notebook-cell:X32sdnNjb2RlLXJlbW90ZQ==.py (3193ms)
2023-08-29 14:26:24.632 [info] [Info  - 2:26:24 PM] (20926) [BG(1)] Long operation: analyzing: /root/code/ML_Car_prediction.ipynb:pylance-notebook-cell:X32sdnNjb2RlLXJlbW90ZQ==.py (3193ms)
2023-08-29 14:26:25.739 [info] [Info  - 2:26:25 PM] (20926) [BG(1)] Long operation: analyzing: /root/code/ML_Car_prediction.ipynb:pylance-notebook-cell:pylancePrefixCell.py (27512ms)
2023-08-29 14:26:35.089 [info] [Info  - 2:26:35 PM] (20926) [IDX(2)] Long operation: parsing: /usr/local/lib/python3.11/site-packages/scipy/special/__init__.py (2339ms)
2023-08-29 14:26:36.909 [info] [Info  - 2:26:36 PM] (20926) [IDX(2)] Long operation: indexing: /usr/local/lib/python3.11/site-packages/scipy/special/__init__.py (4184ms)
2023-08-29 14:26:39.457 [info] [Info  - 2:26:39 PM] (20926) [IDX(2)] Long operation: parsing: /usr/local/lib/python3.11/site-packages/scipy/stats/_stats_py.py (2514ms)
2023-08-29 14:26:42.341 [info] [Info  - 2:26:42 PM] (20926) [IDX(2)] Long operation: binding: /usr/local/lib/python3.11/site-packages/scipy/stats/__init__.py (5398ms)
2023-08-29 14:26:42.476 [info] [Info  - 2:26:42 PM] (20926) [IDX(2)] Long operation: indexing: /usr/local/lib/python3.11/site-packages/scipy/stats/__init__.py (5567ms)
2023-08-29 14:26:44.317 [info] [Info  - 2:26:44 PM] (20926) [IDX(2)] Long operation: index execution environment /root (34391ms)
2023-08-29 14:26:44.318 [info] [Info  - 2:26:44 PM] (20926) [IDX(2)] Long operation: index packages /root (34892ms)
2023-08-29 14:41:10.134 [info] [Info  - 2:41:09 PM] (20926) [FG] Long operation: parsing: /root/.vscode-server/extensions/ms-python.vscode-pylance-2023.8.40/dist/bundled/stubs/sklearn/model_selection/_search.pyi (2066ms)
2023-08-29 14:46:23.575 [info] [Info  - 2:46:23 PM] (20926) [BG(1)] Long operation: getSemanticTokens range 0:0 - 2:46 at /root/code/ML_Car_prediction.ipynb:pylance-notebook-cell:Y131sdnNjb2RlLXJlbW90ZQ==.py (6059ms)
2023-08-29 14:46:35.796 [info] [Info  - 2:46:35 PM] (20926) [BG(1)] Long operation: getSemanticTokens range 0:0 - 1:11 at /root/code/Car_prediction.ipynb:pylance-notebook-cell:W1sdnNjb2RlLXJlbW90ZQ==.py (3809ms)
2023-08-29 14:47:45.584 [info] [Info  - 2:47:45 PM] (20926) [BG(1)] Long operation: getSemanticTokens full at /root/code/ML_Car_prediction.ipynb:pylance-notebook-cell:Y121sdnNjb2RlLXJlbW90ZQ==.py (2180ms)
2023-08-29 14:59:50.583 [info] [Info  - 2:59:50 PM] (20926) [BG(1)] Long operation: parsing: /root/code/ML_Car_prediction.ipynb:pylance-notebook-cell:Y136sdnNjb2RlLXJlbW90ZQ==.py (16319ms)
2023-08-29 14:59:59.804 [info] [Info  - 2:59:59 PM] (20926) [BG(1)] Long operation: parsing: /root/code/ML_Car_prediction.ipynb:pylance-notebook-cell:Y115sdnNjb2RlLXJlbW90ZQ==.py (6276ms)
2023-08-29 15:00:05.061 [info] [Info  - 3:00:05 PM] (20926) [FG] Long operation: parsing: /root/code/main.py (3444ms)
2023-08-29 15:00:05.626 [info] [Info  - 3:00:05 PM] (20926) [IDX(3)] Long operation: scan packages /root (25544ms)
2023-08-29 15:00:07.646 [info] [Info  - 3:00:07 PM] (20926) [BG(1)] Long operation: analyzing: /root/code/ML_Car_prediction.ipynb:pylance-notebook-cell:Y136sdnNjb2RlLXJlbW90ZQ==.py (31811ms)
2023-08-29 15:00:07.647 [info] [Info  - 3:00:07 PM] (20926) [BG(1)] Long operation: analyzing: /root/code/ML_Car_prediction.ipynb:pylance-notebook-cell:pylancePrefixCell.py (31817ms)
2023-08-29 15:00:12.306 [info] [Info  - 3:00:12 PM] (20926) [BG(1)] Long operation: parsing: /usr/local/lib/python3.11/site-packages/numpy/__init__.pyi (3305ms)
2023-08-29 15:00:12.624 [info] [Info  - 3:00:12 PM] (20926) [IDX(3)] Long operation: parsing: /root/.vscode-server/extensions/ms-python.vscode-pylance-2023.8.40/dist/typeshed-fallback/stubs/requests/requests/__init__.pyi (4208ms)
2023-08-29 15:00:12.848 [info] [Info  - 3:00:12 PM] (20926) [IDX(3)] Long operation: indexing: /root/.vscode-server/extensions/ms-python.vscode-pylance-2023.8.40/dist/typeshed-fallback/stubs/requests/requests/__init__.pyi (4863ms)
2023-08-29 15:00:12.849 [info] [Info  - 3:00:12 PM] (20926) [IDX(3)] Long operation: index execution environment /root (4894ms)
2023-08-29 15:00:12.849 [info] [Info  - 3:00:12 PM] (20926) [IDX(3)] Long operation: index packages /root (5228ms)
2023-08-29 15:00:15.357 [info] [Info  - 3:00:15 PM] (20926) [BG(1)] Long operation: checking: /root/code/main.py (9549ms)
2023-08-29 15:00:15.358 [info] [Info  - 3:00:15 PM] (20926) [BG(1)] Long operation: analyzing: /root/code/main.py (9643ms)
2023-08-29 15:00:20.291 [info] [Info  - 3:00:20 PM] (20926) [BG(1)] Long operation: getSemanticTokens full at /root/code/main.py (4929ms)
2023-08-29 15:00:22.403 [info] [Info  - 3:00:22 PM] (20926) [FG] Long operation: parsing: /root/code/main.py (2107ms)
2023-08-29 15:00:31.062 [info] [Info  - 3:00:31 PM] (20926) [IDX(4)] Long operation: scan packages /root (15583ms)
2023-08-29 15:00:32.280 [info] [Info  - 3:00:32 PM] (20926) [BG(1)] Long operation: checking: /root/code/main.py (9336ms)
2023-08-29 15:00:32.281 [info] [Info  - 3:00:32 PM] (20926) [BG(1)] Long operation: analyzing: /root/code/main.py (11416ms)
2023-08-29 15:00:35.609 [info] [Info  - 3:00:35 PM] (20926) [IDX(4)] Long operation: parsing: /root/.vscode-server/extensions/ms-python.vscode-pylance-2023.8.40/dist/typeshed-fallback/stubs/requests/requests/__init__.pyi (2915ms)
2023-08-29 15:00:36.187 [info] [Info  - 3:00:36 PM] (20926) [IDX(4)] Long operation: indexing: /root/.vscode-server/extensions/ms-python.vscode-pylance-2023.8.40/dist/typeshed-fallback/stubs/requests/requests/__init__.pyi (3510ms)
2023-08-29 15:00:38.839 [info] [Info  - 3:00:38 PM] (20926) [BG(1)] Long operation: checking: /root/code/ML_Car_prediction.ipynb:pylance-notebook-cell:Y116sdnNjb2RlLXJlbW90ZQ==.py (2879ms)
2023-08-29 15:00:38.840 [info] [Info  - 3:00:38 PM] (20926) [BG(1)] Long operation: analyzing: /root/code/ML_Car_prediction.ipynb:pylance-notebook-cell:Y116sdnNjb2RlLXJlbW90ZQ==.py (2879ms)
2023-08-29 15:00:42.193 [info] [Info  - 3:00:42 PM] (20926) [BG(1)] Long operation: checking: /root/code/ML_Car_prediction.ipynb:pylance-notebook-cell:X50sdnNjb2RlLXJlbW90ZQ==.py (2832ms)
2023-08-29 15:00:42.194 [info] [Info  - 3:00:42 PM] (20926) [BG(1)] Long operation: analyzing: /root/code/ML_Car_prediction.ipynb:pylance-notebook-cell:X50sdnNjb2RlLXJlbW90ZQ==.py (2832ms)
2023-08-29 15:00:43.607 [info] [Info  - 3:00:43 PM] (20926) [BG(1)] Long operation: analyzing: /root/code/ML_Car_prediction.ipynb:pylance-notebook-cell:pylancePrefixCell.py (11289ms)
2023-08-29 15:00:43.805 [info] [Info  - 3:00:43 PM] (20926) [IDX(4)] Long operation: index execution environment /root (11168ms)
2023-08-29 15:00:43.856 [info] [Info  - 3:00:43 PM] (20926) [IDX(4)] Long operation: index packages /root (11567ms)
2023-08-29 15:04:23.580 [info] [Info  - 3:04:23 PM] (20926) Found 65 source files
2023-08-29 15:04:27.509 [info] [Info  - 3:04:27 PM] (20926) [BG(1)] Long operation: parsing: /root/code/main.py (2665ms)
2023-08-29 15:04:27.896 [info] [Info  - 3:04:27 PM] (20926) [BG(1)] Long operation: analyzing: /root/code/main.py (3052ms)
2023-08-29 15:04:32.745 [info] [Info  - 3:04:32 PM] (20926) [BG(1)] Long operation: getSemanticTokens range 0:0 - 24:0 at /root/code/minimal.py (4604ms)
2023-08-29 15:04:35.170 [info] [Info  - 3:04:35 PM] (20926) [BG(1)] Long operation: checking: /root/code/main.py (2423ms)
2023-08-29 15:04:35.172 [info] [Info  - 3:04:35 PM] (20926) [BG(1)] Long operation: analyzing: /root/code/main.py (2425ms)
2023-08-29 15:04:41.262 [info] [Info  - 3:04:41 PM] (20926) [BG(1)] Long operation: analyzing: /root/code/ML_Car_prediction.ipynb:pylance-notebook-cell:pylancePrefixCell.py (6079ms)
2023-08-29 15:10:20.530 [info] [Info  - 3:10:20 PM] (20926) [BG(1)] Long operation: checking: /root/code/main.py (6552ms)
2023-08-29 15:10:20.532 [info] [Info  - 3:10:20 PM] (20926) [BG(1)] Long operation: analyzing: /root/code/main.py (8150ms)
2023-08-29 15:10:27.720 [info] [Info  - 3:10:27 PM] (20926) [IDX(5)] Long operation: scan packages /root (14722ms)
2023-08-29 15:10:28.712 [info] [Info  - 3:10:28 PM] (20926) [BG(1)] Long operation: analyzing: /root/code/ML_Car_prediction.ipynb:pylance-notebook-cell:pylancePrefixCell.py (8166ms)
2023-08-29 15:10:31.095 [info] [Info  - 3:10:31 PM] (20926) [IDX(5)] Long operation: parsing: /usr/local/lib/python3.11/xml/__init__.py (2192ms)
2023-08-29 15:10:31.237 [info] [Info  - 3:10:31 PM] (20926) [IDX(5)] Long operation: indexing: /usr/local/lib/python3.11/xml/__init__.py (2334ms)
2023-08-29 15:10:35.216 [info] [Info  - 3:10:35 PM] (20926) [IDX(5)] Long operation: index execution environment /root (6340ms)
2023-08-29 15:10:35.218 [info] [Info  - 3:10:35 PM] (20926) [IDX(5)] Long operation: index packages /root (6574ms)
2023-08-29 15:14:19.509 [info] [Info  - 3:14:19 PM] (20926) Found 64 source files
2023-08-29 15:14:21.655 [info] [Info  - 3:14:21 PM] (20926) [FG] Long operation: parsing: /root/code/main.py (2142ms)
2023-08-29 15:14:23.223 [info] [Info  - 3:14:23 PM] (20926) [BG(1)] Long operation: parsing: /root/code/main.py (2649ms)
2023-08-29 15:14:27.150 [info] [Info  - 3:14:27 PM] (20926) [BG(1)] Long operation: checking: /root/code/main.py (3677ms)
2023-08-29 15:14:27.151 [info] [Info  - 3:14:27 PM] (20926) [BG(1)] Long operation: analyzing: /root/code/main.py (6577ms)
2023-08-29 15:14:31.667 [info] [Info  - 3:14:31 PM] (20926) [BG(1)] Long operation: checking: /root/code/main.py (4258ms)
2023-08-29 15:14:31.668 [info] [Info  - 3:14:31 PM] (20926) [BG(1)] Long operation: analyzing: /root/code/main.py (4266ms)
2023-08-29 15:14:36.253 [info] [Info  - 3:14:36 PM] (20926) [BG(1)] Long operation: analyzing: /root/code/ML_Car_prediction.ipynb:pylance-notebook-cell:pylancePrefixCell.py (4550ms)
2023-08-29 15:14:40.591 [info] [Info  - 3:14:40 PM] (20926) [BG(1)] Long operation: analyzing: /root/code/ML_Car_prediction.ipynb:pylance-notebook-cell:pylancePrefixCell.py (2765ms)
