2023-08-27 19:49:04.336 [info] [Info  - 7:48:54 PM] (1650) Pylance language server 2023.8.40 (pyright 03f79a81) starting
2023-08-27 19:49:04.486 [info] [Info  - 7:49:04 PM] (1650) Server root directory: /root/.vscode-server/extensions/ms-python.vscode-pylance-2023.8.40/dist
2023-08-27 19:49:04.535 [info] [Info  - 7:49:04 PM] (1650) Starting service instance "root"
2023-08-27 19:49:12.176 [info] [Info  - 7:49:12 PM] (1650) Setting pythonPath for service "root": "/usr/local/bin/python"
2023-08-27 19:49:13.055 [info] [Warn  - 7:49:13 PM] (1650) stubPath /root/typings is not a valid directory.
2023-08-27 19:49:13.196 [info] [Info  - 7:49:13 PM] (1650) Assuming Python version 3.11
2023-08-27 19:49:53.168 [info] [Info  - 7:49:53 PM] (1650) Found 1 source file
2023-08-27 19:50:43.720 [info] [Info  - 7:50:43 PM] (1650) [FG] Long operation: parsing: /root/.vscode-server/extensions/ms-python.vscode-pylance-2023.8.40/dist/typeshed-fallback/stdlib/builtins.pyi (14713ms)
2023-08-27 19:50:48.900 [info] [Info  - 7:50:48 PM] (1650) [FG] Long operation: binding: /root/.vscode-server/extensions/ms-python.vscode-pylance-2023.8.40/dist/typeshed-fallback/stdlib/builtins.pyi (5110ms)
2023-08-27 19:50:51.110 [info] [Info  - 7:50:51 PM] (1650) [FG] Long operation: parsing: /root/.vscode-server/extensions/ms-python.vscode-pylance-2023.8.40/dist/bundled/stubs/IPython-stubs/core/display_functions.pyi (2059ms)
2023-08-27 19:50:52.870 [info] [Info  - 7:50:52 PM] (1650) [FG] Long operation: binding: /root/.vscode-server/extensions/ms-python.vscode-pylance-2023.8.40/dist/bundled/stubs/IPython-stubs/display.pyi (3940ms)
2023-08-27 19:51:07.462 [info] [Info  - 7:51:07 PM] (1650) [IDX(2)] Long operation: read stdlib indices (3499ms)
2023-08-27 19:51:18.962 [info] [Info  - 7:51:18 PM] (1650) [BG(1)] Long operation: parsing: /root/code/main.py (55165ms)
2023-08-27 19:51:30.163 [info] [Info  - 7:51:30 PM] (1650) [BG(1)] Long operation: parsing: /root/.vscode-server/extensions/ms-python.vscode-pylance-2023.8.40/dist/typeshed-fallback/stdlib/builtins.pyi (11060ms)
2023-08-27 19:51:36.214 [info] [Info  - 7:51:36 PM] (1650) [BG(1)] Long operation: binding: /root/.vscode-server/extensions/ms-python.vscode-pylance-2023.8.40/dist/typeshed-fallback/stdlib/builtins.pyi (5682ms)
2023-08-27 19:51:36.254 [info] [Info  - 7:51:36 PM] (1650) [BG(1)] Long operation: indexing: /root/code/main.py (72647ms)
2023-08-27 19:51:41.664 [info] [Info  - 7:51:41 PM] (1650) [BG(1)] Long operation: binding: /root/.vscode-server/extensions/ms-python.vscode-pylance-2023.8.40/dist/bundled/stubs/IPython-stubs/display.pyi (3400ms)
2023-08-27 19:51:48.993 [info] [Info  - 7:51:48 PM] (1650) [BG(1)] Long operation: parsing: /root/.vscode-server/extensions/ms-python.vscode-pylance-2023.8.40/dist/typeshed-fallback/stdlib/typing.pyi (6390ms)
2023-08-27 19:51:53.064 [info] [Info  - 7:51:53 PM] (1650) [BG(1)] Long operation: binding: /root/.vscode-server/extensions/ms-python.vscode-pylance-2023.8.40/dist/typeshed-fallback/stdlib/typing.pyi (4020ms)
2023-08-27 19:51:55.644 [info] [Info  - 7:51:55 PM] (1650) [BG(1)] Long operation: parsing: /root/.vscode-server/extensions/ms-python.vscode-pylance-2023.8.40/dist/typeshed-fallback/stdlib/typing_extensions.pyi (2280ms)
2023-08-27 19:52:04.710 [info] [Info  - 7:52:04 PM] (1650) [BG(1)] Long operation: getSemanticTokens range 0:0 - 1:29 at /root/code/experiment_1.ipynb:pylance-notebook-cell:W2sdnNjb2RlLXJlbW90ZQ==.py (28255ms)
2023-08-27 19:52:16.430 [info] [Info  - 7:52:16 PM] (1650) [BG(1)] Long operation: checking: /root/code/experiment_1.ipynb:pylance-notebook-cell:W3sdnNjb2RlLXJlbW90ZQ==.py (9940ms)
2023-08-27 19:52:16.460 [info] [Info  - 7:52:16 PM] (1650) [BG(1)] Long operation: analyzing: /root/code/experiment_1.ipynb:pylance-notebook-cell:W3sdnNjb2RlLXJlbW90ZQ==.py (10029ms)
2023-08-27 19:52:16.740 [info] [Info  - 7:52:16 PM] (1650) [BG(1)] Long operation: analyzing: /root/code/experiment_1.ipynb:pylance-notebook-cell:pylancePrefixCell.py (10329ms)
2023-08-27 19:57:30.460 [info] [Info  - 7:57:30 PM] (1650) [IDX(2)] Long operation: scan packages /root (386498ms)
2023-08-27 19:58:32.785 [info] [Info  - 7:58:32 PM] (1650) [IDX(2)] Long operation: parsing: /usr/local/lib/python3.11/xml/__init__.py (56649ms)
2023-08-27 19:58:40.052 [info] [Info  - 7:58:40 PM] (1650) [IDX(2)] Long operation: parsing: /root/.vscode-server/extensions/ms-python.vscode-pylance-2023.8.40/dist/typeshed-fallback/stdlib/builtins.pyi (6557ms)
2023-08-27 19:58:41.262 [info] [Info  - 7:58:41 PM] (1650) [IDX(2)] Long operation: indexing: /usr/local/lib/python3.11/xml/__init__.py (65035ms)
2023-08-27 19:58:57.692 [info] [Info  - 7:58:57 PM] (1650) [IDX(2)] Long operation: parsing: /usr/local/lib/python3.11/site-packages/numpy/__init__.pyi (16420ms)
2023-08-27 19:59:02.882 [info] [Info  - 7:59:02 PM] (1650) [IDX(2)] Long operation: parsing: /usr/local/lib/python3.11/site-packages/numpy/core/fromnumeric.pyi (2120ms)
2023-08-27 19:59:18.201 [info] [Info  - 7:59:18 PM] (1650) [IDX(2)] Long operation: indexing: /usr/local/lib/python3.11/site-packages/numpy/__init__.pyi (36970ms)
2023-08-27 19:59:18.351 [info] [Info  - 7:59:18 PM] (1650) [IDX(2)] Long operation: index execution environment /root (103225ms)
2023-08-27 19:59:18.401 [info] [Info  - 7:59:18 PM] (1650) [IDX(2)] Long operation: index packages /root (104275ms)
2023-08-27 19:59:55.585 [info] [Info  - 7:59:55 PM] (1650) [IDX(3)] Long operation: read stdlib indices (2810ms)
2023-08-27 20:00:00.445 [info] [Info  - 8:00:00 PM] (1650) [BG(1)] Long operation: parsing: /root/code/experiment_1.ipynb:pylance-notebook-cell:W3sdnNjb2RlLXJlbW90ZQ==.py (37253ms)
2023-08-27 20:00:08.306 [info] [Info  - 8:00:08 PM] (1650) [BG(1)] Long operation: parsing: /root/.vscode-server/extensions/ms-python.vscode-pylance-2023.8.40/dist/typeshed-fallback/stdlib/builtins.pyi (6861ms)
2023-08-27 20:00:12.365 [info] [Info  - 8:00:12 PM] (1650) [BG(1)] Long operation: binding: /root/.vscode-server/extensions/ms-python.vscode-pylance-2023.8.40/dist/bundled/stubs/IPython-stubs/display.pyi (2031ms)
2023-08-27 20:00:26.065 [info] [Info  - 8:00:26 PM] (1650) [BG(1)] Long operation: checking: /root/code/experiment_1.ipynb:pylance-notebook-cell:W3sdnNjb2RlLXJlbW90ZQ==.py (13611ms)
2023-08-27 20:00:26.076 [info] [Info  - 8:00:26 PM] (1650) [BG(1)] Long operation: analyzing: /root/code/experiment_1.ipynb:pylance-notebook-cell:W3sdnNjb2RlLXJlbW90ZQ==.py (62864ms)
2023-08-27 20:00:26.265 [info] [Info  - 8:00:26 PM] (1650) [BG(1)] Long operation: analyzing: /root/code/experiment_1.ipynb:pylance-notebook-cell:pylancePrefixCell.py (63074ms)
2023-08-27 20:02:37.460 [info] [Info  - 8:02:37 PM] (1650) [FG] Long operation: parsing: /root/.vscode-server/extensions/ms-python.vscode-pylance-2023.8.40/dist/typeshed-fallback/stdlib/builtins.pyi (9587ms)
2023-08-27 20:02:40.199 [info] [Info  - 8:02:40 PM] (1650) [FG] Long operation: binding: /root/.vscode-server/extensions/ms-python.vscode-pylance-2023.8.40/dist/typeshed-fallback/stdlib/builtins.pyi (2730ms)
2023-08-27 20:02:43.559 [info] [Info  - 8:02:43 PM] (1650) [FG] Long operation: binding: /root/.vscode-server/extensions/ms-python.vscode-pylance-2023.8.40/dist/bundled/stubs/IPython-stubs/display.pyi (3351ms)
2023-08-27 20:07:58.141 [info] [Info  - 8:07:58 PM] (1650) [IDX(3)] Long operation: scan packages /root (485716ms)
2023-08-27 20:09:53.247 [info] [Info  - 8:09:53 PM] (1650) [IDX(3)] Long operation: parsing: /root/.vscode-server/extensions/ms-python.vscode-pylance-2023.8.40/dist/typeshed-fallback/stubs/Pygments/pygments/__init__.pyi (104680ms)
2023-08-27 20:10:11.805 [info] [Info  - 8:10:11 PM] (1650) [IDX(3)] Long operation: parsing: /root/.vscode-server/extensions/ms-python.vscode-pylance-2023.8.40/dist/typeshed-fallback/stdlib/builtins.pyi (18337ms)
2023-08-27 20:10:14.825 [info] [Info  - 8:10:14 PM] (1650) [IDX(3)] Long operation: binding: /root/.vscode-server/extensions/ms-python.vscode-pylance-2023.8.40/dist/typeshed-fallback/stdlib/builtins.pyi (2961ms)
2023-08-27 20:10:15.384 [info] [Info  - 8:10:15 PM] (1650) [IDX(3)] Long operation: indexing: /root/.vscode-server/extensions/ms-python.vscode-pylance-2023.8.40/dist/typeshed-fallback/stubs/Pygments/pygments/__init__.pyi (127488ms)
2023-08-27 20:10:17.934 [info] [Info  - 8:10:17 PM] (1650) [IDX(3)] Long operation: parsing: /root/.vscode-server/extensions/ms-python.vscode-pylance-2023.8.40/dist/typeshed-fallback/stubs/pexpect/pexpect/__init__.pyi (2011ms)
2023-08-27 20:10:21.484 [info] [Info  - 8:10:21 PM] (1650) [IDX(3)] Long operation: indexing: /root/.vscode-server/extensions/ms-python.vscode-pylance-2023.8.40/dist/typeshed-fallback/stubs/pexpect/pexpect/__init__.pyi (6021ms)
2023-08-27 20:10:25.234 [info] [Info  - 8:10:25 PM] (1650) [IDX(3)] Long operation: parsing: /root/.vscode-server/extensions/ms-python.vscode-pylance-2023.8.40/dist/typeshed-fallback/stubs/psutil/psutil/__init__.pyi (3290ms)
2023-08-27 20:10:29.155 [info] [Info  - 8:10:29 PM] (1650) [IDX(3)] Long operation: indexing: /root/.vscode-server/extensions/ms-python.vscode-pylance-2023.8.40/dist/typeshed-fallback/stubs/psutil/psutil/__init__.pyi (7690ms)
2023-08-27 20:10:36.071 [info] [Info  - 8:10:36 PM] (1650) [IDX(3)] Long operation: parsing: /root/.local/lib/python3.11/site-packages/IPython/terminal/embed.py (4117ms)
2023-08-27 20:10:36.291 [info] [Info  - 8:10:36 PM] (1650) [IDX(3)] Long operation: indexing: /root/.local/lib/python3.11/site-packages/IPython/__init__.py (6116ms)
2023-08-27 20:10:43.751 [info] [Info  - 8:10:43 PM] (1650) [IDX(3)] Long operation: parsing: /root/.local/lib/python3.11/site-packages/asttokens/asttokens.py (5601ms)
2023-08-27 20:10:44.211 [info] [Info  - 8:10:44 PM] (1650) [IDX(3)] Long operation: indexing: /root/.local/lib/python3.11/site-packages/asttokens/__init__.py (6970ms)
2023-08-27 20:10:47.721 [info] [Info  - 8:10:47 PM] (1650) [IDX(3)] Long operation: binding: /root/.local/lib/python3.11/site-packages/debugpy/__init__.py (2130ms)
2023-08-27 20:10:47.881 [info] [Info  - 8:10:47 PM] (1650) [IDX(3)] Long operation: indexing: /root/.local/lib/python3.11/site-packages/debugpy/__init__.py (2990ms)
2023-08-27 20:10:54.340 [info] [Info  - 8:10:54 PM] (1650) [IDX(3)] Long operation: parsing: /root/.local/lib/python3.11/site-packages/executing/executing.py (5790ms)
2023-08-27 20:10:54.701 [info] [Info  - 8:10:54 PM] (1650) [IDX(3)] Long operation: indexing: /root/.local/lib/python3.11/site-packages/executing/__init__.py (6760ms)
2023-08-27 20:11:03.691 [info] [Info  - 8:11:03 PM] (1650) [IDX(3)] Long operation: parsing: /root/.local/lib/python3.11/site-packages/jupyter_client/connect.py (6779ms)
2023-08-27 20:11:05.271 [info] [Info  - 8:11:05 PM] (1650) [IDX(3)] Long operation: binding: /root/.local/lib/python3.11/site-packages/jupyter_client/__init__.py (8379ms)
2023-08-27 20:11:05.361 [info] [Info  - 8:11:05 PM] (1650) [IDX(3)] Long operation: indexing: /root/.local/lib/python3.11/site-packages/ipykernel/__init__.py (10610ms)
2023-08-27 20:11:08.755 [info] [Info  - 8:11:08 PM] (1650) [IDX(3)] Long operation: parsing: /root/.local/lib/python3.11/site-packages/platformdirs/__init__.py (2040ms)
2023-08-27 20:11:10.765 [info] [Info  - 8:11:10 PM] (1650) [IDX(3)] Long operation: indexing: /root/.local/lib/python3.11/site-packages/platformdirs/__init__.py (4030ms)
2023-08-27 20:11:20.925 [info] [Info  - 8:11:20 PM] (1650) [IDX(3)] Long operation: parsing: /root/.local/lib/python3.11/site-packages/prompt_toolkit/application/application.py (8550ms)
2023-08-27 20:11:25.675 [info] [Info  - 8:11:25 PM] (1650) [IDX(3)] Long operation: parsing: /root/.local/lib/python3.11/site-packages/prompt_toolkit/formatted_text/html.py (2080ms)
2023-08-27 20:11:33.305 [info] [Info  - 8:11:33 PM] (1650) [IDX(3)] Long operation: parsing: /root/.local/lib/python3.11/site-packages/prompt_toolkit/shortcuts/prompt.py (6990ms)
2023-08-27 20:11:35.809 [info] [Info  - 8:11:35 PM] (1650) [IDX(3)] Long operation: indexing: /root/.local/lib/python3.11/site-packages/prompt_toolkit/__init__.py (25074ms)
2023-08-27 20:11:39.389 [info] [Info  - 8:11:39 PM] (1650) [IDX(3)] Long operation: parsing: /root/.local/lib/python3.11/site-packages/tornado/__init__.py (2660ms)
2023-08-27 20:11:39.749 [info] [Info  - 8:11:39 PM] (1650) [IDX(3)] Long operation: indexing: /root/.local/lib/python3.11/site-packages/tornado/__init__.py (3030ms)
2023-08-27 20:11:46.129 [info] [Info  - 8:11:46 PM] (1650) [IDX(3)] Long operation: parsing: /root/.local/lib/python3.11/site-packages/traitlets/traitlets.py (5860ms)
2023-08-27 20:11:47.019 [info] [Info  - 8:11:47 PM] (1650) [IDX(3)] Long operation: binding: /root/.local/lib/python3.11/site-packages/traitlets/__init__.py (6600ms)
2023-08-27 20:11:48.239 [info] [Info  - 8:11:48 PM] (1650) [IDX(3)] Long operation: indexing: /root/.local/lib/python3.11/site-packages/traitlets/__init__.py (8520ms)
2023-08-27 20:11:54.689 [info] [Info  - 8:11:54 PM] (1650) [IDX(3)] Long operation: parsing: /root/.local/lib/python3.11/site-packages/zmq/constants.py (3200ms)
2023-08-27 20:11:57.929 [info] [Info  - 8:11:57 PM] (1650) [IDX(3)] Long operation: binding: /root/.local/lib/python3.11/site-packages/zmq/constants.py (3390ms)
2023-08-27 20:12:00.909 [info] [Info  - 8:12:00 PM] (1650) [IDX(3)] Long operation: parsing: /root/.local/lib/python3.11/site-packages/zmq/sugar/context.py (2010ms)
2023-08-27 20:12:05.990 [info] [Info  - 8:12:05 PM] (1650) [IDX(3)] Long operation: parsing: /root/.local/lib/python3.11/site-packages/zmq/sugar/socket.py (3651ms)
2023-08-27 20:12:08.160 [info] [Info  - 8:12:08 PM] (1650) [IDX(3)] Long operation: binding: /root/.local/lib/python3.11/site-packages/zmq/sugar/__init__.pyi (9301ms)
2023-08-27 20:12:08.210 [info] [Info  - 8:12:08 PM] (1650) [IDX(3)] Long operation: binding: /root/.local/lib/python3.11/site-packages/zmq/__init__.pyi (16961ms)
2023-08-27 20:12:12.200 [info] [Info  - 8:12:12 PM] (1650) [IDX(3)] Long operation: parsing: /root/.vscode-server/extensions/ms-python.vscode-pylance-2023.8.40/dist/typeshed-fallback/stdlib/enum.pyi (2190ms)
2023-08-27 20:12:19.350 [info] [Info  - 8:12:19 PM] (1650) [IDX(3)] Long operation: indexing: /root/.local/lib/python3.11/site-packages/zmq/__init__.pyi (29181ms)
2023-08-27 20:13:55.795 [info] [Info  - 8:13:55 PM] (1650) [IDX(3)] Long operation: parsing: /usr/local/lib/python3.11/site-packages/numpy/__init__.pyi (96005ms)
2023-08-27 20:14:12.005 [info] [Info  - 8:14:11 PM] (1650) [IDX(3)] Long operation: binding: /usr/local/lib/python3.11/site-packages/numpy/__init__.pyi (13980ms)
2023-08-27 20:14:15.975 [info] [Info  - 8:14:15 PM] (1650) [IDX(3)] Long operation: parsing: /usr/local/lib/python3.11/site-packages/numpy/_typing/_extended_precision.py (3430ms)
2023-08-27 20:14:21.795 [info] [Info  - 8:14:21 PM] (1650) [IDX(3)] Long operation: parsing: /usr/local/lib/python3.11/site-packages/numpy/core/function_base.pyi (2100ms)
2023-08-27 20:14:52.300 [info] [Info  - 8:14:52 PM] (1650) [IDX(3)] Long operation: parsing: /usr/local/lib/python3.11/site-packages/numpy/core/fromnumeric.pyi (29215ms)
2023-08-27 20:15:02.020 [info] [Info  - 8:15:01 PM] (1650) [IDX(3)] Long operation: binding: /usr/local/lib/python3.11/site-packages/numpy/core/fromnumeric.pyi (9230ms)
2023-08-27 20:15:31.562 [info] [Info  - 8:15:31 PM] (1650) [IDX(3)] Long operation: parsing: /usr/local/lib/python3.11/site-packages/numpy/core/_asarray.pyi (10330ms)
2023-08-27 20:15:41.357 [info] [Info  - 8:15:41 PM] (1650) [IDX(3)] Long operation: parsing: /usr/local/lib/python3.11/site-packages/numpy/core/_type_aliases.pyi (8795ms)
2023-08-27 20:15:59.967 [info] [Info  - 8:15:59 PM] (1650) [IDX(3)] Long operation: parsing: /usr/local/lib/python3.11/site-packages/numpy/core/_ufunc_config.pyi (13539ms)
2023-08-27 20:16:02.787 [info] [Info  - 8:16:02 PM] (1650) [IDX(3)] Long operation: binding: /usr/local/lib/python3.11/site-packages/numpy/core/_ufunc_config.pyi (3080ms)
2023-08-27 20:16:40.590 [info] [Info  - 8:16:39 PM] (1650) [IDX(3)] Long operation: parsing: /usr/local/lib/python3.11/site-packages/numpy/core/arrayprint.pyi (27370ms)
2023-08-27 20:17:10.480 [info] [Info  - 8:17:07 PM] (1650) [IDX(3)] Long operation: binding: /usr/local/lib/python3.11/site-packages/numpy/core/arrayprint.pyi (14753ms)
