2023-08-29 14:24:38.560 [info] Log level: Info
2023-08-29 14:24:38.561 [info] Validating found git in: "git"
2023-08-29 14:24:38.563 [info] Using git "2.39.2" from "git"
2023-08-29 14:24:38.564 [info] > git rev-parse --show-toplevel [10836ms]
2023-08-29 14:24:38.565 [info] fatal: not a git repository (or any of the parent directories): .git
2023-08-29 14:24:38.566 [info] > git rev-parse --show-toplevel [13193ms]
2023-08-29 14:24:38.567 [info] fatal: not a git repository (or any of the parent directories): .git
2023-08-29 14:24:38.568 [info] > git rev-parse --show-toplevel [123ms]
2023-08-29 14:24:38.570 [info] fatal: not a git repository (or any of the parent directories): .git
2023-08-29 14:24:44.518 [info] > git rev-parse --show-toplevel [5863ms]
2023-08-29 14:24:44.537 [info] fatal: not a git repository (or any of the parent directories): .git
2023-08-29 14:24:45.029 [info] > git rev-parse --show-toplevel [338ms]
2023-08-29 14:24:45.031 [info] fatal: not a git repository (or any of the parent directories): .git
2023-08-29 14:24:45.647 [info] > git rev-parse --show-toplevel [328ms]
2023-08-29 14:24:45.650 [info] fatal: not a git repository (or any of the parent directories): .git
2023-08-29 14:24:46.076 [info] > git rev-parse --show-toplevel [287ms]
2023-08-29 14:24:46.079 [info] fatal: not a git repository (or any parent up to mount point /root)
Stopping at filesystem boundary (GIT_DISCOVERY_ACROSS_FILESYSTEM not set).
2023-08-29 14:24:49.758 [info] > git rev-parse --show-toplevel [3146ms]
2023-08-29 14:24:49.759 [info] fatal: not a git repository (or any parent up to mount point /root)
Stopping at filesystem boundary (GIT_DISCOVERY_ACROSS_FILESYSTEM not set).
2023-08-29 15:00:01.763 [info] > git rev-parse --show-toplevel [64ms]
2023-08-29 15:00:01.794 [info] fatal: not a git repository (or any parent up to mount point /root)
Stopping at filesystem boundary (GIT_DISCOVERY_ACROSS_FILESYSTEM not set).
2023-08-29 15:04:23.071 [info] > git rev-parse --show-toplevel [5ms]
2023-08-29 15:04:23.072 [info] fatal: not a git repository (or any parent up to mount point /root)
Stopping at filesystem boundary (GIT_DISCOVERY_ACROSS_FILESYSTEM not set).
2023-08-29 15:05:20.028 [info] > git rev-parse --show-toplevel [5ms]
2023-08-29 15:05:20.028 [info] fatal: not a git repository (or any parent up to mount point /root)
Stopping at filesystem boundary (GIT_DISCOVERY_ACROSS_FILESYSTEM not set).
2023-08-29 15:08:14.726 [info] > git rev-parse --show-toplevel [6ms]
2023-08-29 15:08:14.726 [info] fatal: not a git repository (or any parent up to mount point /root)
Stopping at filesystem boundary (GIT_DISCOVERY_ACROSS_FILESYSTEM not set).
2023-08-29 15:08:17.561 [info] > git rev-parse --show-toplevel [4ms]
2023-08-29 15:08:17.562 [info] fatal: not a git repository (or any parent up to mount point /root)
Stopping at filesystem boundary (GIT_DISCOVERY_ACROSS_FILESYSTEM not set).
2023-08-29 15:08:18.450 [info] > git rev-parse --show-toplevel [4ms]
2023-08-29 15:08:18.451 [info] fatal: not a git repository (or any parent up to mount point /root)
Stopping at filesystem boundary (GIT_DISCOVERY_ACROSS_FILESYSTEM not set).
2023-08-29 15:08:25.509 [info] > git rev-parse --show-toplevel [4ms]
2023-08-29 15:08:25.510 [info] fatal: not a git repository (or any parent up to mount point /root)
Stopping at filesystem boundary (GIT_DISCOVERY_ACROSS_FILESYSTEM not set).
2023-08-29 15:09:44.035 [info] > git rev-parse --show-toplevel [3ms]
2023-08-29 15:09:44.035 [info] fatal: not a git repository (or any parent up to mount point /root)
Stopping at filesystem boundary (GIT_DISCOVERY_ACROSS_FILESYSTEM not set).
2023-08-29 15:11:16.113 [info] > git rev-parse --show-toplevel [8ms]
2023-08-29 15:11:16.131 [info] fatal: not a git repository (or any parent up to mount point /root)
Stopping at filesystem boundary (GIT_DISCOVERY_ACROSS_FILESYSTEM not set).
2023-08-29 15:11:18.018 [info] > git rev-parse --show-toplevel [5ms]
2023-08-29 15:11:18.019 [info] fatal: not a git repository (or any parent up to mount point /root)
Stopping at filesystem boundary (GIT_DISCOVERY_ACROSS_FILESYSTEM not set).
